[ 2018-03-27T09:31:26+08:00 ] 127.0.0.1 /seoweb/boyou/
INFO: [ app_init ] --START--
INFO: Run Behavior\BuildLiteBehavior [ RunTime:0.000025s ]
INFO: [ app_init ] --END-- [ RunTime:0.008963s ]
INFO: [ app_begin ] --START--
INFO: Run Behavior\ReadHtmlCacheBehavior [ RunTime:0.013496s ]
INFO: [ app_begin ] --END-- [ RunTime:0.013597s ]
SQL: SHOW COLUMNS FROM `lianxi` [ RunTime:0.0102s ]
SQL: SELECT * FROM `lianxi` LIMIT 1   [ RunTime:0.0004s ]
SQL: SHOW COLUMNS FROM `alink` [ RunTime:0.0093s ]
SQL: SELECT * FROM `alink` WHERE `dd` = 1 ORDER BY id desc  [ RunTime:0.0004s ]
INFO: [ view_parse ] --START--
INFO: [ template_filter ] --START--
INFO: Run Behavior\ContentReplaceBehavior [ RunTime:0.000100s ]
INFO: [ template_filter ] --END-- [ RunTime:0.000192s ]
INFO: Run Behavior\ParseTemplateBehavior [ RunTime:0.077781s ]
INFO: [ view_parse ] --END-- [ RunTime:0.077918s ]
INFO: [ view_filter ] --START--
INFO: Run Behavior\WriteHtmlCacheBehavior [ RunTime:0.008974s ]
INFO: [ view_filter ] --END-- [ RunTime:0.009102s ]
INFO: [ app_end ] --START--
INFO: Run Behavior\ShowPageTraceBehavior [ RunTime:0.010500s ]
INFO: [ app_end ] --END-- [ RunTime:0.010650s ]

[ 2018-03-27T13:44:26+08:00 ] 127.0.0.1 /seoweb/boyou/
INFO: [ app_init ] --START--
INFO: Run Behavior\BuildLiteBehavior [ RunTime:0.000023s ]
INFO: [ app_init ] --END-- [ RunTime:0.000532s ]
INFO: [ app_begin ] --START--
INFO: Run Behavior\ReadHtmlCacheBehavior [ RunTime:0.000821s ]
INFO: [ app_begin ] --END-- [ RunTime:0.000922s ]
SQL: SHOW COLUMNS FROM `lianxi` [ RunTime:0.0239s ]
SQL: SELECT * FROM `lianxi` LIMIT 1   [ RunTime:0.0003s ]
SQL: SHOW COLUMNS FROM `alink` [ RunTime:0.0143s ]
SQL: SELECT * FROM `alink` WHERE `dd` = 1 ORDER BY id desc  [ RunTime:0.0007s ]
INFO: [ view_parse ] --START--
INFO: [ template_filter ] --START--
INFO: Run Behavior\ContentReplaceBehavior [ RunTime:0.000319s ]
INFO: [ template_filter ] --END-- [ RunTime:0.000617s ]
INFO: Run Behavior\ParseTemplateBehavior [ RunTime:0.081153s ]
INFO: [ view_parse ] --END-- [ RunTime:0.081537s ]
INFO: [ view_filter ] --START--
INFO: Run Behavior\WriteHtmlCacheBehavior [ RunTime:0.004321s ]
INFO: [ view_filter ] --END-- [ RunTime:0.004962s ]
INFO: [ app_end ] --START--
INFO: Run Behavior\ShowPageTraceBehavior [ RunTime:0.006579s ]
INFO: [ app_end ] --END-- [ RunTime:0.007315s ]

[ 2018-03-27T13:45:26+08:00 ] 127.0.0.1 /seoweb/boyou/index.php?s=/Home/ProductSolution
INFO: [ app_init ] --START--
INFO: Run Behavior\BuildLiteBehavior [ RunTime:0.000024s ]
INFO: [ app_init ] --END-- [ RunTime:0.000451s ]
INFO: [ app_begin ] --START--
INFO: Run Behavior\ReadHtmlCacheBehavior [ RunTime:0.000582s ]
INFO: [ app_begin ] --END-- [ RunTime:0.000694s ]
SQL: SHOW COLUMNS FROM `lianxi` [ RunTime:0.0121s ]
SQL: SELECT * FROM `lianxi` LIMIT 1   [ RunTime:0.0003s ]
SQL: SHOW COLUMNS FROM `alink` [ RunTime:0.0094s ]
SQL: SELECT * FROM `alink` WHERE `dd` = 1 ORDER BY id desc  [ RunTime:0.0004s ]
SQL: SHOW COLUMNS FROM `bigad2` [ RunTime:0.0299s ]
SQL: SELECT * FROM `bigad2` WHERE `dd` = 1 ORDER BY id asc  [ RunTime:0.0009s ]
SQL: SHOW COLUMNS FROM `article` [ RunTime:0.0357s ]
SQL: SELECT * FROM `article` WHERE `aid` = 0 ORDER BY id desc LIMIT 1   [ RunTime:0.0011s ]
SQL: SELECT COUNT(*) AS tp_count FROM `article` WHERE `dd` = 1 LIMIT 1   [ RunTime:0.0006s ]
SQL: SELECT * FROM `article` WHERE `dd` = 1 ORDER BY id desc LIMIT 0,4   [ RunTime:0.0008s ]
INFO: [ view_parse ] --START--
INFO: [ template_filter ] --START--
INFO: Run Behavior\ContentReplaceBehavior [ RunTime:0.000404s ]
INFO: [ template_filter ] --END-- [ RunTime:0.000819s ]
INFO: Run Behavior\ParseTemplateBehavior [ RunTime:0.123586s ]
INFO: [ view_parse ] --END-- [ RunTime:0.123834s ]
INFO: [ view_filter ] --START--
INFO: Run Behavior\WriteHtmlCacheBehavior [ RunTime:0.000517s ]
INFO: [ view_filter ] --END-- [ RunTime:0.000629s ]
INFO: [ app_end ] --START--
INFO: Run Behavior\ShowPageTraceBehavior [ RunTime:0.001214s ]
INFO: [ app_end ] --END-- [ RunTime:0.001405s ]

[ 2018-03-27T13:45:30+08:00 ] 127.0.0.1 /seoweb/boyou/index.php?s=/Home/ProductLiangdian
INFO: [ app_init ] --START--
INFO: Run Behavior\BuildLiteBehavior [ RunTime:0.000023s ]
INFO: [ app_init ] --END-- [ RunTime:0.000534s ]
INFO: [ app_begin ] --START--
INFO: Run Behavior\ReadHtmlCacheBehavior [ RunTime:0.000934s ]
INFO: [ app_begin ] --END-- [ RunTime:0.001049s ]
SQL: SHOW COLUMNS FROM `lianxi` [ RunTime:0.0120s ]
SQL: SELECT * FROM `lianxi` LIMIT 1   [ RunTime:0.0003s ]
SQL: SHOW COLUMNS FROM `alink` [ RunTime:0.0118s ]
SQL: SELECT * FROM `alink` WHERE `dd` = 1 ORDER BY id desc  [ RunTime:0.0011s ]
INFO: [ view_parse ] --START--
INFO: [ template_filter ] --START--
INFO: Run Behavior\ContentReplaceBehavior [ RunTime:0.000288s ]
INFO: [ template_filter ] --END-- [ RunTime:0.000649s ]
INFO: Run Behavior\ParseTemplateBehavior [ RunTime:0.066159s ]
INFO: [ view_parse ] --END-- [ RunTime:0.066588s ]
INFO: [ view_filter ] --START--
INFO: Run Behavior\WriteHtmlCacheBehavior [ RunTime:0.002713s ]
INFO: [ view_filter ] --END-- [ RunTime:0.003073s ]
INFO: [ app_end ] --START--
INFO: Run Behavior\ShowPageTraceBehavior [ RunTime:0.004634s ]
INFO: [ app_end ] --END-- [ RunTime:0.005221s ]

[ 2018-03-27T13:45:35+08:00 ] 127.0.0.1 /seoweb/boyou/index.php?s=/Home/Savety
INFO: [ app_init ] --START--
INFO: Run Behavior\BuildLiteBehavior [ RunTime:0.000025s ]
INFO: [ app_init ] --END-- [ RunTime:0.000539s ]
INFO: [ app_begin ] --START--
INFO: Run Behavior\ReadHtmlCacheBehavior [ RunTime:0.000887s ]
INFO: [ app_begin ] --END-- [ RunTime:0.001003s ]
SQL: SHOW COLUMNS FROM `lianxi` [ RunTime:0.0114s ]
SQL: SELECT * FROM `lianxi` LIMIT 1   [ RunTime:0.0002s ]
SQL: SHOW COLUMNS FROM `alink` [ RunTime:0.0085s ]
SQL: SELECT * FROM `alink` WHERE `dd` = 1 ORDER BY id desc  [ RunTime:0.0005s ]
INFO: [ view_parse ] --START--
INFO: [ template_filter ] --START--
INFO: Run Behavior\ContentReplaceBehavior [ RunTime:0.000088s ]
INFO: [ template_filter ] --END-- [ RunTime:0.000195s ]
INFO: Run Behavior\ParseTemplateBehavior [ RunTime:0.026265s ]
INFO: [ view_parse ] --END-- [ RunTime:0.026585s ]
INFO: [ view_filter ] --START--
INFO: Run Behavior\WriteHtmlCacheBehavior [ RunTime:0.002621s ]
INFO: [ view_filter ] --END-- [ RunTime:0.003072s ]
INFO: [ app_end ] --START--
INFO: Run Behavior\ShowPageTraceBehavior [ RunTime:0.003462s ]
INFO: [ app_end ] --END-- [ RunTime:0.003936s ]

[ 2018-03-27T13:45:38+08:00 ] 127.0.0.1 /seoweb/boyou/index.php?s=/Home/Service
INFO: [ app_init ] --START--
INFO: Run Behavior\BuildLiteBehavior [ RunTime:0.000024s ]
INFO: [ app_init ] --END-- [ RunTime:0.000533s ]
INFO: [ app_begin ] --START--
INFO: Run Behavior\ReadHtmlCacheBehavior [ RunTime:0.000735s ]
INFO: [ app_begin ] --END-- [ RunTime:0.000847s ]
SQL: SHOW COLUMNS FROM `lianxi` [ RunTime:0.0465s ]
SQL: SELECT * FROM `lianxi` LIMIT 1   [ RunTime:0.0007s ]
SQL: SHOW COLUMNS FROM `alink` [ RunTime:0.0277s ]
SQL: SELECT * FROM `alink` WHERE `dd` = 1 ORDER BY id desc  [ RunTime:0.0014s ]
INFO: [ view_parse ] --START--
INFO: [ template_filter ] --START--
INFO: Run Behavior\ContentReplaceBehavior [ RunTime:0.000339s ]
INFO: [ template_filter ] --END-- [ RunTime:0.000727s ]
INFO: Run Behavior\ParseTemplateBehavior [ RunTime:0.075557s ]
INFO: [ view_parse ] --END-- [ RunTime:0.075974s ]
INFO: [ view_filter ] --START--
INFO: Run Behavior\WriteHtmlCacheBehavior [ RunTime:0.002043s ]
INFO: [ view_filter ] --END-- [ RunTime:0.002400s ]
INFO: [ app_end ] --START--
INFO: Run Behavior\ShowPageTraceBehavior [ RunTime:0.004738s ]
INFO: [ app_end ] --END-- [ RunTime:0.005398s ]

[ 2018-03-27T13:45:50+08:00 ] 127.0.0.1 /seoweb/boyou/index.php?s=/Home/Savety
INFO: [ app_init ] --START--
INFO: Run Behavior\BuildLiteBehavior [ RunTime:0.000025s ]
INFO: [ app_init ] --END-- [ RunTime:0.000481s ]
INFO: [ app_begin ] --START--
INFO: Run Behavior\ReadHtmlCacheBehavior [ RunTime:0.000916s ]
INFO: [ app_begin ] --END-- [ RunTime:0.001034s ]
SQL: SHOW COLUMNS FROM `lianxi` [ RunTime:0.0355s ]
SQL: SELECT * FROM `lianxi` LIMIT 1   [ RunTime:0.0007s ]
SQL: SHOW COLUMNS FROM `alink` [ RunTime:0.0318s ]
SQL: SELECT * FROM `alink` WHERE `dd` = 1 ORDER BY id desc  [ RunTime:0.0018s ]
INFO: [ view_parse ] --START--
INFO: [ template_filter ] --START--
INFO: Run Behavior\ContentReplaceBehavior [ RunTime:0.000339s ]
INFO: [ template_filter ] --END-- [ RunTime:0.000772s ]
INFO: Run Behavior\ParseTemplateBehavior [ RunTime:0.080875s ]
INFO: [ view_parse ] --END-- [ RunTime:0.081498s ]
INFO: [ view_filter ] --START--
INFO: Run Behavior\WriteHtmlCacheBehavior [ RunTime:0.003301s ]
INFO: [ view_filter ] --END-- [ RunTime:0.003831s ]
INFO: [ app_end ] --START--
INFO: Run Behavior\ShowPageTraceBehavior [ RunTime:0.005828s ]
INFO: [ app_end ] --END-- [ RunTime:0.006851s ]

[ 2018-03-27T13:45:56+08:00 ] 127.0.0.1 /seoweb/boyou/index.php?s=/Home/ProductLiangdian
INFO: [ app_init ] --START--
INFO: Run Behavior\BuildLiteBehavior [ RunTime:0.000022s ]
INFO: [ app_init ] --END-- [ RunTime:0.000438s ]
INFO: [ app_begin ] --START--
INFO: Run Behavior\ReadHtmlCacheBehavior [ RunTime:0.000792s ]
INFO: [ app_begin ] --END-- [ RunTime:0.000898s ]
SQL: SHOW COLUMNS FROM `lianxi` [ RunTime:0.0240s ]
SQL: SELECT * FROM `lianxi` LIMIT 1   [ RunTime:0.0003s ]
SQL: SHOW COLUMNS FROM `alink` [ RunTime:0.0110s ]
SQL: SELECT * FROM `alink` WHERE `dd` = 1 ORDER BY id desc  [ RunTime:0.0005s ]
INFO: [ view_parse ] --START--
INFO: [ template_filter ] --START--
INFO: Run Behavior\ContentReplaceBehavior [ RunTime:0.000090s ]
INFO: [ template_filter ] --END-- [ RunTime:0.000198s ]
INFO: Run Behavior\ParseTemplateBehavior [ RunTime:0.010876s ]
INFO: [ view_parse ] --END-- [ RunTime:0.011001s ]
INFO: [ view_filter ] --START--
INFO: Run Behavior\WriteHtmlCacheBehavior [ RunTime:0.000687s ]
INFO: [ view_filter ] --END-- [ RunTime:0.000790s ]
INFO: [ app_end ] --START--
INFO: Run Behavior\ShowPageTraceBehavior [ RunTime:0.001268s ]
INFO: [ app_end ] --END-- [ RunTime:0.001443s ]

[ 2018-03-27T13:45:57+08:00 ] 127.0.0.1 /seoweb/boyou/index.php?s=/Home/ProductSolution
INFO: [ app_init ] --START--
INFO: Run Behavior\BuildLiteBehavior [ RunTime:0.000025s ]
INFO: [ app_init ] --END-- [ RunTime:0.000488s ]
INFO: [ app_begin ] --START--
INFO: Run Behavior\ReadHtmlCacheBehavior [ RunTime:0.000865s ]
INFO: [ app_begin ] --END-- [ RunTime:0.000978s ]
SQL: SHOW COLUMNS FROM `lianxi` [ RunTime:0.0219s ]
SQL: SELECT * FROM `lianxi` LIMIT 1   [ RunTime:0.0002s ]
SQL: SHOW COLUMNS FROM `alink` [ RunTime:0.0078s ]
SQL: SELECT * FROM `alink` WHERE `dd` = 1 ORDER BY id desc  [ RunTime:0.0004s ]
SQL: SHOW COLUMNS FROM `bigad2` [ RunTime:0.0085s ]
SQL: SELECT * FROM `bigad2` WHERE `dd` = 1 ORDER BY id asc  [ RunTime:0.0003s ]
SQL: SHOW COLUMNS FROM `article` [ RunTime:0.0080s ]
SQL: SELECT * FROM `article` WHERE `aid` = 0 ORDER BY id desc LIMIT 1   [ RunTime:0.0003s ]
SQL: SELECT COUNT(*) AS tp_count FROM `article` WHERE `dd` = 1 LIMIT 1   [ RunTime:0.0003s ]
SQL: SELECT * FROM `article` WHERE `dd` = 1 ORDER BY id desc LIMIT 0,4   [ RunTime:0.0002s ]
INFO: [ view_parse ] --START--
INFO: [ template_filter ] --START--
INFO: Run Behavior\ContentReplaceBehavior [ RunTime:0.000133s ]
INFO: [ template_filter ] --END-- [ RunTime:0.000235s ]
INFO: Run Behavior\ParseTemplateBehavior [ RunTime:0.053768s ]
INFO: [ view_parse ] --END-- [ RunTime:0.053896s ]
INFO: [ view_filter ] --START--
INFO: Run Behavior\WriteHtmlCacheBehavior [ RunTime:0.000780s ]
INFO: [ view_filter ] --END-- [ RunTime:0.000887s ]
INFO: [ app_end ] --START--
INFO: Run Behavior\ShowPageTraceBehavior [ RunTime:0.001614s ]
INFO: [ app_end ] --END-- [ RunTime:0.001848s ]

[ 2018-03-27T13:45:59+08:00 ] 127.0.0.1 /seoweb/boyou/index.php?s=/Home/ProductLiangdian
INFO: [ app_init ] --START--
INFO: Run Behavior\BuildLiteBehavior [ RunTime:0.000024s ]
INFO: [ app_init ] --END-- [ RunTime:0.000480s ]
INFO: [ app_begin ] --START--
INFO: Run Behavior\ReadHtmlCacheBehavior [ RunTime:0.000928s ]
INFO: [ app_begin ] --END-- [ RunTime:0.001057s ]
SQL: SHOW COLUMNS FROM `lianxi` [ RunTime:0.0339s ]
SQL: SELECT * FROM `lianxi` LIMIT 1   [ RunTime:0.0007s ]
SQL: SHOW COLUMNS FROM `alink` [ RunTime:0.0277s ]
SQL: SELECT * FROM `alink` WHERE `dd` = 1 ORDER BY id desc  [ RunTime:0.0013s ]
INFO: [ view_parse ] --START--
INFO: [ template_filter ] --START--
INFO: Run Behavior\ContentReplaceBehavior [ RunTime:0.000304s ]
INFO: [ template_filter ] --END-- [ RunTime:0.000787s ]
INFO: Run Behavior\ParseTemplateBehavior [ RunTime:0.035159s ]
INFO: [ view_parse ] --END-- [ RunTime:0.035669s ]
INFO: [ view_filter ] --START--
INFO: Run Behavior\WriteHtmlCacheBehavior [ RunTime:0.002857s ]
INFO: [ view_filter ] --END-- [ RunTime:0.003290s ]
INFO: [ app_end ] --START--
INFO: Run Behavior\ShowPageTraceBehavior [ RunTime:0.005228s ]
INFO: [ app_end ] --END-- [ RunTime:0.005884s ]

[ 2018-03-27T13:46:01+08:00 ] 127.0.0.1 /seoweb/boyou/index.php?s=/Home/ProductSolution
INFO: [ app_init ] --START--
INFO: Run Behavior\BuildLiteBehavior [ RunTime:0.000025s ]
INFO: [ app_init ] --END-- [ RunTime:0.000477s ]
INFO: [ app_begin ] --START--
INFO: Run Behavior\ReadHtmlCacheBehavior [ RunTime:0.000875s ]
INFO: [ app_begin ] --END-- [ RunTime:0.000990s ]
SQL: SHOW COLUMNS FROM `lianxi` [ RunTime:0.0292s ]
SQL: SELECT * FROM `lianxi` LIMIT 1   [ RunTime:0.0004s ]
SQL: SHOW COLUMNS FROM `alink` [ RunTime:0.0104s ]
SQL: SELECT * FROM `alink` WHERE `dd` = 1 ORDER BY id desc  [ RunTime:0.0004s ]
SQL: SHOW COLUMNS FROM `bigad2` [ RunTime:0.0085s ]
SQL: SELECT * FROM `bigad2` WHERE `dd` = 1 ORDER BY id asc  [ RunTime:0.0003s ]
SQL: SHOW COLUMNS FROM `article` [ RunTime:0.0085s ]
SQL: SELECT * FROM `article` WHERE `aid` = 0 ORDER BY id desc LIMIT 1   [ RunTime:0.0003s ]
SQL: SELECT COUNT(*) AS tp_count FROM `article` WHERE `dd` = 1 LIMIT 1   [ RunTime:0.0002s ]
SQL: SELECT * FROM `article` WHERE `dd` = 1 ORDER BY id desc LIMIT 0,4   [ RunTime:0.0003s ]
INFO: [ view_parse ] --START--
INFO: [ template_filter ] --START--
INFO: Run Behavior\ContentReplaceBehavior [ RunTime:0.000102s ]
INFO: [ template_filter ] --END-- [ RunTime:0.000210s ]
INFO: Run Behavior\ParseTemplateBehavior [ RunTime:0.054585s ]
INFO: [ view_parse ] --END-- [ RunTime:0.054708s ]
INFO: [ view_filter ] --START--
INFO: Run Behavior\WriteHtmlCacheBehavior [ RunTime:0.000767s ]
INFO: [ view_filter ] --END-- [ RunTime:0.000879s ]
INFO: [ app_end ] --START--
INFO: Run Behavior\ShowPageTraceBehavior [ RunTime:0.001511s ]
INFO: [ app_end ] --END-- [ RunTime:0.001742s ]

[ 2018-03-27T13:46:02+08:00 ] 127.0.0.1 /seoweb/boyou/index.php?s=/Home/ProductLiangdian
INFO: [ app_init ] --START--
INFO: Run Behavior\BuildLiteBehavior [ RunTime:0.000025s ]
INFO: [ app_init ] --END-- [ RunTime:0.000482s ]
INFO: [ app_begin ] --START--
INFO: Run Behavior\ReadHtmlCacheBehavior [ RunTime:0.000923s ]
INFO: [ app_begin ] --END-- [ RunTime:0.001039s ]
SQL: SHOW COLUMNS FROM `lianxi` [ RunTime:0.0143s ]
SQL: SELECT * FROM `lianxi` LIMIT 1   [ RunTime:0.0002s ]
SQL: SHOW COLUMNS FROM `alink` [ RunTime:0.0087s ]
SQL: SELECT * FROM `alink` WHERE `dd` = 1 ORDER BY id desc  [ RunTime:0.0003s ]
INFO: [ view_parse ] --START--
INFO: [ template_filter ] --START--
INFO: Run Behavior\ContentReplaceBehavior [ RunTime:0.000199s ]
INFO: [ template_filter ] --END-- [ RunTime:0.000450s ]
INFO: Run Behavior\ParseTemplateBehavior [ RunTime:0.017649s ]
INFO: [ view_parse ] --END-- [ RunTime:0.017856s ]
INFO: [ view_filter ] --START--
INFO: Run Behavior\WriteHtmlCacheBehavior [ RunTime:0.001684s ]
INFO: [ view_filter ] --END-- [ RunTime:0.001934s ]
INFO: [ app_end ] --START--
INFO: Run Behavior\ShowPageTraceBehavior [ RunTime:0.003685s ]
INFO: [ app_end ] --END-- [ RunTime:0.004114s ]

[ 2018-03-27T13:46:03+08:00 ] 127.0.0.1 /seoweb/boyou/index.php?s=/Home/Savety
INFO: [ app_init ] --START--
INFO: Run Behavior\BuildLiteBehavior [ RunTime:0.000024s ]
INFO: [ app_init ] --END-- [ RunTime:0.000468s ]
INFO: [ app_begin ] --START--
INFO: Run Behavior\ReadHtmlCacheBehavior [ RunTime:0.000857s ]
INFO: [ app_begin ] --END-- [ RunTime:0.000967s ]
SQL: SHOW COLUMNS FROM `lianxi` [ RunTime:0.0227s ]
SQL: SELECT * FROM `lianxi` LIMIT 1   [ RunTime:0.0006s ]
SQL: SHOW COLUMNS FROM `alink` [ RunTime:0.0180s ]
SQL: SELECT * FROM `alink` WHERE `dd` = 1 ORDER BY id desc  [ RunTime:0.0011s ]
INFO: [ view_parse ] --START--
INFO: [ template_filter ] --START--
INFO: Run Behavior\ContentReplaceBehavior [ RunTime:0.000269s ]
INFO: [ template_filter ] --END-- [ RunTime:0.000630s ]
INFO: Run Behavior\ParseTemplateBehavior [ RunTime:0.069061s ]
INFO: [ view_parse ] --END-- [ RunTime:0.069538s ]
INFO: [ view_filter ] --START--
INFO: Run Behavior\WriteHtmlCacheBehavior [ RunTime:0.002323s ]
INFO: [ view_filter ] --END-- [ RunTime:0.002642s ]
INFO: [ app_end ] --START--
INFO: Run Behavior\ShowPageTraceBehavior [ RunTime:0.005892s ]
INFO: [ app_end ] --END-- [ RunTime:0.007009s ]

[ 2018-03-27T13:46:03+08:00 ] 127.0.0.1 /seoweb/boyou/index.php?s=/Home/Service
INFO: [ app_init ] --START--
INFO: Run Behavior\BuildLiteBehavior [ RunTime:0.000024s ]
INFO: [ app_init ] --END-- [ RunTime:0.000471s ]
INFO: [ app_begin ] --START--
INFO: Run Behavior\ReadHtmlCacheBehavior [ RunTime:0.000919s ]
INFO: [ app_begin ] --END-- [ RunTime:0.001036s ]
SQL: SHOW COLUMNS FROM `lianxi` [ RunTime:0.0116s ]
SQL: SELECT * FROM `lianxi` LIMIT 1   [ RunTime:0.0002s ]
SQL: SHOW COLUMNS FROM `alink` [ RunTime:0.0096s ]
SQL: SELECT * FROM `alink` WHERE `dd` = 1 ORDER BY id desc  [ RunTime:0.0004s ]
INFO: [ view_parse ] --START--
INFO: [ template_filter ] --START--
INFO: Run Behavior\ContentReplaceBehavior [ RunTime:0.000107s ]
INFO: [ template_filter ] --END-- [ RunTime:0.000225s ]
INFO: Run Behavior\ParseTemplateBehavior [ RunTime:0.021302s ]
INFO: [ view_parse ] --END-- [ RunTime:0.021430s ]
INFO: [ view_filter ] --START--
INFO: Run Behavior\WriteHtmlCacheBehavior [ RunTime:0.000749s ]
INFO: [ view_filter ] --END-- [ RunTime:0.000859s ]
INFO: [ app_end ] --START--
INFO: Run Behavior\ShowPageTraceBehavior [ RunTime:0.001735s ]
INFO: [ app_end ] --END-- [ RunTime:0.001967s ]

[ 2018-03-27T13:46:04+08:00 ] 127.0.0.1 /seoweb/boyou/index.php?s=/Home/Savety
INFO: [ app_init ] --START--
INFO: Run Behavior\BuildLiteBehavior [ RunTime:0.000027s ]
INFO: [ app_init ] --END-- [ RunTime:0.000577s ]
INFO: [ app_begin ] --START--
INFO: Run Behavior\ReadHtmlCacheBehavior [ RunTime:0.000975s ]
INFO: [ app_begin ] --END-- [ RunTime:0.001107s ]
SQL: SHOW COLUMNS FROM `lianxi` [ RunTime:0.0522s ]
SQL: SELECT * FROM `lianxi` LIMIT 1   [ RunTime:0.0008s ]
SQL: SHOW COLUMNS FROM `alink` [ RunTime:0.0329s ]
SQL: SELECT * FROM `alink` WHERE `dd` = 1 ORDER BY id desc  [ RunTime:0.0016s ]
INFO: [ view_parse ] --START--
INFO: [ template_filter ] --START--
INFO: Run Behavior\ContentReplaceBehavior [ RunTime:0.000370s ]
INFO: [ template_filter ] --END-- [ RunTime:0.000872s ]
INFO: Run Behavior\ParseTemplateBehavior [ RunTime:0.062071s ]
INFO: [ view_parse ] --END-- [ RunTime:0.062540s ]
INFO: [ view_filter ] --START--
INFO: Run Behavior\WriteHtmlCacheBehavior [ RunTime:0.001634s ]
INFO: [ view_filter ] --END-- [ RunTime:0.001855s ]
INFO: [ app_end ] --START--
INFO: Run Behavior\ShowPageTraceBehavior [ RunTime:0.002743s ]
INFO: [ app_end ] --END-- [ RunTime:0.003052s ]

[ 2018-03-27T13:46:04+08:00 ] 127.0.0.1 /seoweb/boyou/index.php?s=/Home/ProductLiangdian
INFO: [ app_init ] --START--
INFO: Run Behavior\BuildLiteBehavior [ RunTime:0.000047s ]
INFO: [ app_init ] --END-- [ RunTime:0.000777s ]
INFO: [ app_begin ] --START--
INFO: Run Behavior\ReadHtmlCacheBehavior [ RunTime:0.001062s ]
INFO: [ app_begin ] --END-- [ RunTime:0.001206s ]
SQL: SHOW COLUMNS FROM `lianxi` [ RunTime:0.0066s ]
SQL: SELECT * FROM `lianxi` LIMIT 1   [ RunTime:0.0002s ]
SQL: SHOW COLUMNS FROM `alink` [ RunTime:0.0083s ]
SQL: SELECT * FROM `alink` WHERE `dd` = 1 ORDER BY id desc  [ RunTime:0.0005s ]
INFO: [ view_parse ] --START--
INFO: [ template_filter ] --START--
INFO: Run Behavior\ContentReplaceBehavior [ RunTime:0.000293s ]
INFO: [ template_filter ] --END-- [ RunTime:0.000545s ]
INFO: Run Behavior\ParseTemplateBehavior [ RunTime:0.015207s ]
INFO: [ view_parse ] --END-- [ RunTime:0.015419s ]
INFO: [ view_filter ] --START--
INFO: Run Behavior\WriteHtmlCacheBehavior [ RunTime:0.001712s ]
INFO: [ view_filter ] --END-- [ RunTime:0.001951s ]
INFO: [ app_end ] --START--
INFO: Run Behavior\ShowPageTraceBehavior [ RunTime:0.003043s ]
INFO: [ app_end ] --END-- [ RunTime:0.003421s ]

[ 2018-03-27T13:46:05+08:00 ] 127.0.0.1 /seoweb/boyou/index.php?s=/Home/ProductSolution
INFO: [ app_init ] --START--
INFO: Run Behavior\BuildLiteBehavior [ RunTime:0.000028s ]
INFO: [ app_init ] --END-- [ RunTime:0.000541s ]
INFO: [ app_begin ] --START--
INFO: Run Behavior\ReadHtmlCacheBehavior [ RunTime:0.001031s ]
INFO: [ app_begin ] --END-- [ RunTime:0.001163s ]
SQL: SHOW COLUMNS FROM `lianxi` [ RunTime:0.0137s ]
SQL: SELECT * FROM `lianxi` LIMIT 1   [ RunTime:0.0002s ]
SQL: SHOW COLUMNS FROM `alink` [ RunTime:0.0102s ]
SQL: SELECT * FROM `alink` WHERE `dd` = 1 ORDER BY id desc  [ RunTime:0.0005s ]
SQL: SHOW COLUMNS FROM `bigad2` [ RunTime:0.0093s ]
SQL: SELECT * FROM `bigad2` WHERE `dd` = 1 ORDER BY id asc  [ RunTime:0.0003s ]
SQL: SHOW COLUMNS FROM `article` [ RunTime:0.0191s ]
SQL: SELECT * FROM `article` WHERE `aid` = 0 ORDER BY id desc LIMIT 1   [ RunTime:0.0007s ]
SQL: SELECT COUNT(*) AS tp_count FROM `article` WHERE `dd` = 1 LIMIT 1   [ RunTime:0.0007s ]
SQL: SELECT * FROM `article` WHERE `dd` = 1 ORDER BY id desc LIMIT 0,4   [ RunTime:0.0007s ]
INFO: [ view_parse ] --START--
INFO: [ template_filter ] --START--
INFO: Run Behavior\ContentReplaceBehavior [ RunTime:0.000322s ]
INFO: [ template_filter ] --END-- [ RunTime:0.000673s ]
INFO: Run Behavior\ParseTemplateBehavior [ RunTime:0.139756s ]
INFO: [ view_parse ] --END-- [ RunTime:0.140133s ]
INFO: [ view_filter ] --START--
INFO: Run Behavior\WriteHtmlCacheBehavior [ RunTime:0.002501s ]
INFO: [ view_filter ] --END-- [ RunTime:0.002815s ]
INFO: [ app_end ] --START--
INFO: Run Behavior\ShowPageTraceBehavior [ RunTime:0.004021s ]
INFO: [ app_end ] --END-- [ RunTime:0.004593s ]

[ 2018-03-27T13:46:06+08:00 ] 127.0.0.1 /seoweb/boyou/index.php?s=/Home/Index
INFO: [ app_init ] --START--
INFO: Run Behavior\BuildLiteBehavior [ RunTime:0.000025s ]
INFO: [ app_init ] --END-- [ RunTime:0.000476s ]
INFO: [ app_begin ] --START--
INFO: Run Behavior\ReadHtmlCacheBehavior [ RunTime:0.000841s ]
INFO: [ app_begin ] --END-- [ RunTime:0.000968s ]
SQL: SHOW COLUMNS FROM `lianxi` [ RunTime:0.0121s ]
SQL: SELECT * FROM `lianxi` LIMIT 1   [ RunTime:0.0002s ]
SQL: SHOW COLUMNS FROM `alink` [ RunTime:0.0089s ]
SQL: SELECT * FROM `alink` WHERE `dd` = 1 ORDER BY id desc  [ RunTime:0.0004s ]
INFO: [ view_parse ] --START--
INFO: [ template_filter ] --START--
INFO: Run Behavior\ContentReplaceBehavior [ RunTime:0.000127s ]
INFO: [ template_filter ] --END-- [ RunTime:0.000266s ]
INFO: Run Behavior\ParseTemplateBehavior [ RunTime:0.030016s ]
INFO: [ view_parse ] --END-- [ RunTime:0.030144s ]
INFO: [ view_filter ] --START--
INFO: Run Behavior\WriteHtmlCacheBehavior [ RunTime:0.000946s ]
INFO: [ view_filter ] --END-- [ RunTime:0.001097s ]
INFO: [ app_end ] --START--
INFO: Run Behavior\ShowPageTraceBehavior [ RunTime:0.001739s ]
INFO: [ app_end ] --END-- [ RunTime:0.001932s ]

[ 2018-03-27T13:50:37+08:00 ] 127.0.0.1 /seoweb/boyou/index.php?s=/Home/ProductSolution
INFO: [ app_init ] --START--
INFO: Run Behavior\BuildLiteBehavior [ RunTime:0.000025s ]
INFO: [ app_init ] --END-- [ RunTime:0.000487s ]
INFO: [ app_begin ] --START--
INFO: Run Behavior\ReadHtmlCacheBehavior [ RunTime:0.000613s ]
INFO: [ app_begin ] --END-- [ RunTime:0.000728s ]
SQL: SHOW COLUMNS FROM `lianxi` [ RunTime:0.0248s ]
SQL: SELECT * FROM `lianxi` LIMIT 1   [ RunTime:0.0002s ]
SQL: SHOW COLUMNS FROM `alink` [ RunTime:0.0113s ]
SQL: SELECT * FROM `alink` WHERE `dd` = 1 ORDER BY id desc  [ RunTime:0.0010s ]
SQL: SHOW COLUMNS FROM `bigad2` [ RunTime:0.0213s ]
SQL: SELECT * FROM `bigad2` WHERE `dd` = 1 ORDER BY id asc  [ RunTime:0.0007s ]
SQL: SHOW COLUMNS FROM `article` [ RunTime:0.0223s ]
SQL: SELECT * FROM `article` WHERE `aid` = 0 ORDER BY id desc LIMIT 1   [ RunTime:0.0007s ]
SQL: SELECT COUNT(*) AS tp_count FROM `article` WHERE `dd` = 1 LIMIT 1   [ RunTime:0.0005s ]
SQL: SELECT * FROM `article` WHERE `dd` = 1 ORDER BY id desc LIMIT 0,4   [ RunTime:0.0006s ]
INFO: [ view_parse ] --START--
INFO: [ template_filter ] --START--
INFO: Run Behavior\ContentReplaceBehavior [ RunTime:0.000237s ]
INFO: [ template_filter ] --END-- [ RunTime:0.000517s ]
INFO: Run Behavior\ParseTemplateBehavior [ RunTime:0.140930s ]
INFO: [ view_parse ] --END-- [ RunTime:0.141491s ]
INFO: [ view_filter ] --START--
INFO: Run Behavior\WriteHtmlCacheBehavior [ RunTime:0.001869s ]
INFO: [ view_filter ] --END-- [ RunTime:0.002215s ]
INFO: [ app_end ] --START--
INFO: Run Behavior\ShowPageTraceBehavior [ RunTime:0.003945s ]
INFO: [ app_end ] --END-- [ RunTime:0.005179s ]

[ 2018-03-27T13:51:00+08:00 ] 127.0.0.1 /seoweb/boyou/index.php?s=/Home/Savety
INFO: [ app_init ] --START--
INFO: Run Behavior\BuildLiteBehavior [ RunTime:0.000025s ]
INFO: [ app_init ] --END-- [ RunTime:0.000426s ]
INFO: [ app_begin ] --START--
INFO: Run Behavior\ReadHtmlCacheBehavior [ RunTime:0.000442s ]
INFO: [ app_begin ] --END-- [ RunTime:0.000561s ]
SQL: SHOW COLUMNS FROM `lianxi` [ RunTime:0.0213s ]
SQL: SELECT * FROM `lianxi` LIMIT 1   [ RunTime:0.0003s ]
SQL: SHOW COLUMNS FROM `alink` [ RunTime:0.0133s ]
SQL: SELECT * FROM `alink` WHERE `dd` = 1 ORDER BY id desc  [ RunTime:0.0010s ]
INFO: [ view_parse ] --START--
INFO: [ template_filter ] --START--
INFO: Run Behavior\ContentReplaceBehavior [ RunTime:0.000205s ]
INFO: [ template_filter ] --END-- [ RunTime:0.000450s ]
INFO: Run Behavior\ParseTemplateBehavior [ RunTime:0.043114s ]
INFO: [ view_parse ] --END-- [ RunTime:0.043432s ]
INFO: [ view_filter ] --START--
INFO: Run Behavior\WriteHtmlCacheBehavior [ RunTime:0.000622s ]
INFO: [ view_filter ] --END-- [ RunTime:0.000852s ]
INFO: [ app_end ] --START--
INFO: Run Behavior\ShowPageTraceBehavior [ RunTime:0.001370s ]
INFO: [ app_end ] --END-- [ RunTime:0.001896s ]

[ 2018-03-27T13:51:03+08:00 ] 127.0.0.1 /seoweb/boyou/index.php?s=/Home/ProductSolution
INFO: [ app_init ] --START--
INFO: Run Behavior\BuildLiteBehavior [ RunTime:0.000025s ]
INFO: [ app_init ] --END-- [ RunTime:0.000435s ]
INFO: [ app_begin ] --START--
INFO: Run Behavior\ReadHtmlCacheBehavior [ RunTime:0.000446s ]
INFO: [ app_begin ] --END-- [ RunTime:0.000569s ]
SQL: SHOW COLUMNS FROM `lianxi` [ RunTime:0.0205s ]
SQL: SELECT * FROM `lianxi` LIMIT 1   [ RunTime:0.0002s ]
SQL: SHOW COLUMNS FROM `alink` [ RunTime:0.0078s ]
SQL: SELECT * FROM `alink` WHERE `dd` = 1 ORDER BY id desc  [ RunTime:0.0003s ]
SQL: SHOW COLUMNS FROM `bigad2` [ RunTime:0.0084s ]
SQL: SELECT * FROM `bigad2` WHERE `dd` = 1 ORDER BY id asc  [ RunTime:0.0003s ]
SQL: SHOW COLUMNS FROM `article` [ RunTime:0.0091s ]
SQL: SELECT * FROM `article` WHERE `aid` = 0 ORDER BY id desc LIMIT 1   [ RunTime:0.0003s ]
SQL: SELECT COUNT(*) AS tp_count FROM `article` WHERE `dd` = 1 LIMIT 1   [ RunTime:0.0002s ]
SQL: SELECT * FROM `article` WHERE `dd` = 1 ORDER BY id desc LIMIT 0,4   [ RunTime:0.0003s ]
INFO: [ view_parse ] --START--
INFO: [ template_filter ] --START--
INFO: Run Behavior\ContentReplaceBehavior [ RunTime:0.000090s ]
INFO: [ template_filter ] --END-- [ RunTime:0.000191s ]
INFO: Run Behavior\ParseTemplateBehavior [ RunTime:0.045462s ]
INFO: [ view_parse ] --END-- [ RunTime:0.045578s ]
INFO: [ view_filter ] --START--
INFO: Run Behavior\WriteHtmlCacheBehavior [ RunTime:0.000280s ]
INFO: [ view_filter ] --END-- [ RunTime:0.000383s ]
INFO: [ app_end ] --START--
INFO: Run Behavior\ShowPageTraceBehavior [ RunTime:0.000812s ]
INFO: [ app_end ] --END-- [ RunTime:0.001063s ]

[ 2018-03-27T13:51:49+08:00 ] 127.0.0.1 /seoweb/boyou/index.php?s=/Home/ProductLiangdian
INFO: [ app_init ] --START--
INFO: Run Behavior\BuildLiteBehavior [ RunTime:0.000026s ]
INFO: [ app_init ] --END-- [ RunTime:0.000447s ]
INFO: [ app_begin ] --START--
INFO: Run Behavior\ReadHtmlCacheBehavior [ RunTime:0.000514s ]
INFO: [ app_begin ] --END-- [ RunTime:0.000640s ]
SQL: SHOW COLUMNS FROM `lianxi` [ RunTime:0.0355s ]
SQL: SELECT * FROM `lianxi` LIMIT 1   [ RunTime:0.0002s ]
SQL: SHOW COLUMNS FROM `alink` [ RunTime:0.0144s ]
SQL: SELECT * FROM `alink` WHERE `dd` = 1 ORDER BY id desc  [ RunTime:0.0010s ]
INFO: [ view_parse ] --START--
INFO: [ template_filter ] --START--
INFO: Run Behavior\ContentReplaceBehavior [ RunTime:0.000232s ]
INFO: [ template_filter ] --END-- [ RunTime:0.000532s ]
INFO: Run Behavior\ParseTemplateBehavior [ RunTime:0.025204s ]
INFO: [ view_parse ] --END-- [ RunTime:0.025514s ]
INFO: [ view_filter ] --START--
INFO: Run Behavior\WriteHtmlCacheBehavior [ RunTime:0.000728s ]
INFO: [ view_filter ] --END-- [ RunTime:0.001002s ]
INFO: [ app_end ] --START--
INFO: Run Behavior\ShowPageTraceBehavior [ RunTime:0.001680s ]
INFO: [ app_end ] --END-- [ RunTime:0.002178s ]

[ 2018-03-27T13:51:51+08:00 ] 127.0.0.1 /seoweb/boyou/index.php?s=/Home/Savety
INFO: [ app_init ] --START--
INFO: Run Behavior\BuildLiteBehavior [ RunTime:0.000024s ]
INFO: [ app_init ] --END-- [ RunTime:0.000434s ]
INFO: [ app_begin ] --START--
INFO: Run Behavior\ReadHtmlCacheBehavior [ RunTime:0.000442s ]
INFO: [ app_begin ] --END-- [ RunTime:0.000561s ]
SQL: SHOW COLUMNS FROM `lianxi` [ RunTime:0.0240s ]
SQL: SELECT * FROM `lianxi` LIMIT 1   [ RunTime:0.0003s ]
SQL: SHOW COLUMNS FROM `alink` [ RunTime:0.0096s ]
SQL: SELECT * FROM `alink` WHERE `dd` = 1 ORDER BY id desc  [ RunTime:0.0004s ]
INFO: [ view_parse ] --START--
INFO: [ template_filter ] --START--
INFO: Run Behavior\ContentReplaceBehavior [ RunTime:0.000093s ]
INFO: [ template_filter ] --END-- [ RunTime:0.000207s ]
INFO: Run Behavior\ParseTemplateBehavior [ RunTime:0.019549s ]
INFO: [ view_parse ] --END-- [ RunTime:0.019690s ]
INFO: [ view_filter ] --START--
INFO: Run Behavior\WriteHtmlCacheBehavior [ RunTime:0.000277s ]
INFO: [ view_filter ] --END-- [ RunTime:0.000382s ]
INFO: [ app_end ] --START--
INFO: Run Behavior\ShowPageTraceBehavior [ RunTime:0.000557s ]
INFO: [ app_end ] --END-- [ RunTime:0.000703s ]

[ 2018-03-27T13:51:56+08:00 ] 127.0.0.1 /seoweb/boyou/index.php?s=/Home/Service
INFO: [ app_init ] --START--
INFO: Run Behavior\BuildLiteBehavior [ RunTime:0.000029s ]
INFO: [ app_init ] --END-- [ RunTime:0.000482s ]
INFO: [ app_begin ] --START--
INFO: Run Behavior\ReadHtmlCacheBehavior [ RunTime:0.000498s ]
INFO: [ app_begin ] --END-- [ RunTime:0.000628s ]
SQL: SHOW COLUMNS FROM `lianxi` [ RunTime:0.0210s ]
SQL: SELECT * FROM `lianxi` LIMIT 1   [ RunTime:0.0004s ]
SQL: SHOW COLUMNS FROM `alink` [ RunTime:0.0098s ]
SQL: SELECT * FROM `alink` WHERE `dd` = 1 ORDER BY id desc  [ RunTime:0.0005s ]
INFO: [ view_parse ] --START--
INFO: [ template_filter ] --START--
INFO: Run Behavior\ContentReplaceBehavior [ RunTime:0.000108s ]
INFO: [ template_filter ] --END-- [ RunTime:0.000225s ]
INFO: Run Behavior\ParseTemplateBehavior [ RunTime:0.021571s ]
INFO: [ view_parse ] --END-- [ RunTime:0.021699s ]
INFO: [ view_filter ] --START--
INFO: Run Behavior\WriteHtmlCacheBehavior [ RunTime:0.000290s ]
INFO: [ view_filter ] --END-- [ RunTime:0.000397s ]
INFO: [ app_end ] --START--
INFO: Run Behavior\ShowPageTraceBehavior [ RunTime:0.001764s ]
INFO: [ app_end ] --END-- [ RunTime:0.002179s ]

[ 2018-03-27T13:51:58+08:00 ] 127.0.0.1 /seoweb/boyou/index.php?s=/Home/Savety
INFO: [ app_init ] --START--
INFO: Run Behavior\BuildLiteBehavior [ RunTime:0.000026s ]
INFO: [ app_init ] --END-- [ RunTime:0.000445s ]
INFO: [ app_begin ] --START--
INFO: Run Behavior\ReadHtmlCacheBehavior [ RunTime:0.000445s ]
INFO: [ app_begin ] --END-- [ RunTime:0.000565s ]
SQL: SHOW COLUMNS FROM `lianxi` [ RunTime:0.0450s ]
SQL: SELECT * FROM `lianxi` LIMIT 1   [ RunTime:0.0007s ]
SQL: SHOW COLUMNS FROM `alink` [ RunTime:0.0267s ]
SQL: SELECT * FROM `alink` WHERE `dd` = 1 ORDER BY id desc  [ RunTime:0.0011s ]
INFO: [ view_parse ] --START--
INFO: [ template_filter ] --START--
INFO: Run Behavior\ContentReplaceBehavior [ RunTime:0.000427s ]
INFO: [ template_filter ] --END-- [ RunTime:0.001035s ]
INFO: Run Behavior\ParseTemplateBehavior [ RunTime:0.075317s ]
INFO: [ view_parse ] --END-- [ RunTime:0.075728s ]
INFO: [ view_filter ] --START--
INFO: Run Behavior\WriteHtmlCacheBehavior [ RunTime:0.001304s ]
INFO: [ view_filter ] --END-- [ RunTime:0.001710s ]
INFO: [ app_end ] --START--
INFO: Run Behavior\ShowPageTraceBehavior [ RunTime:0.002753s ]
INFO: [ app_end ] --END-- [ RunTime:0.003560s ]

[ 2018-03-27T13:52:36+08:00 ] 127.0.0.1 /seoweb/boyou/index.php?s=/Home/Index
INFO: [ app_init ] --START--
INFO: Run Behavior\BuildLiteBehavior [ RunTime:0.000067s ]
INFO: [ app_init ] --END-- [ RunTime:0.001249s ]
INFO: [ app_begin ] --START--
INFO: Run Behavior\ReadHtmlCacheBehavior [ RunTime:0.001285s ]
INFO: [ app_begin ] --END-- [ RunTime:0.001648s ]
SQL: SHOW COLUMNS FROM `lianxi` [ RunTime:0.0435s ]
SQL: SELECT * FROM `lianxi` LIMIT 1   [ RunTime:0.0008s ]
SQL: SHOW COLUMNS FROM `alink` [ RunTime:0.0341s ]
SQL: SELECT * FROM `alink` WHERE `dd` = 1 ORDER BY id desc  [ RunTime:0.0014s ]
INFO: [ view_parse ] --START--
INFO: [ template_filter ] --START--
INFO: Run Behavior\ContentReplaceBehavior [ RunTime:0.000460s ]
INFO: [ template_filter ] --END-- [ RunTime:0.000902s ]
INFO: Run Behavior\ParseTemplateBehavior [ RunTime:0.098882s ]
INFO: [ view_parse ] --END-- [ RunTime:0.099326s ]
INFO: [ view_filter ] --START--
INFO: Run Behavior\WriteHtmlCacheBehavior [ RunTime:0.001092s ]
INFO: [ view_filter ] --END-- [ RunTime:0.001517s ]
INFO: [ app_end ] --START--
INFO: Run Behavior\ShowPageTraceBehavior [ RunTime:0.002463s ]
INFO: [ app_end ] --END-- [ RunTime:0.003157s ]

[ 2018-03-27T13:52:44+08:00 ] 127.0.0.1 /seoweb/boyou/index.php?s=/Home/ProductSolution
INFO: [ app_init ] --START--
INFO: Run Behavior\BuildLiteBehavior [ RunTime:0.000026s ]
INFO: [ app_init ] --END-- [ RunTime:0.000531s ]
INFO: [ app_begin ] --START--
INFO: Run Behavior\ReadHtmlCacheBehavior [ RunTime:0.000684s ]
INFO: [ app_begin ] --END-- [ RunTime:0.000816s ]
SQL: SHOW COLUMNS FROM `lianxi` [ RunTime:0.0309s ]
SQL: SELECT * FROM `lianxi` LIMIT 1   [ RunTime:0.0003s ]
SQL: SHOW COLUMNS FROM `alink` [ RunTime:0.0114s ]
SQL: SELECT * FROM `alink` WHERE `dd` = 1 ORDER BY id desc  [ RunTime:0.0010s ]
SQL: SHOW COLUMNS FROM `bigad2` [ RunTime:0.0230s ]
SQL: SELECT * FROM `bigad2` WHERE `dd` = 1 ORDER BY id asc  [ RunTime:0.0007s ]
SQL: SHOW COLUMNS FROM `article` [ RunTime:0.0222s ]
SQL: SELECT * FROM `article` WHERE `aid` = 0 ORDER BY id desc LIMIT 1   [ RunTime:0.0008s ]
SQL: SELECT COUNT(*) AS tp_count FROM `article` WHERE `dd` = 1 LIMIT 1   [ RunTime:0.0006s ]
SQL: SELECT * FROM `article` WHERE `dd` = 1 ORDER BY id desc LIMIT 0,4   [ RunTime:0.0007s ]
INFO: [ view_parse ] --START--
INFO: [ template_filter ] --START--
INFO: Run Behavior\ContentReplaceBehavior [ RunTime:0.000257s ]
INFO: [ template_filter ] --END-- [ RunTime:0.000573s ]
INFO: Run Behavior\ParseTemplateBehavior [ RunTime:0.180777s ]
INFO: [ view_parse ] --END-- [ RunTime:0.181215s ]
INFO: [ view_filter ] --START--
INFO: Run Behavior\WriteHtmlCacheBehavior [ RunTime:0.001820s ]
INFO: [ view_filter ] --END-- [ RunTime:0.002264s ]
INFO: [ app_end ] --START--
INFO: Run Behavior\ShowPageTraceBehavior [ RunTime:0.004043s ]
INFO: [ app_end ] --END-- [ RunTime:0.004863s ]

[ 2018-03-27T13:52:48+08:00 ] 127.0.0.1 /seoweb/boyou/index.php?s=/Home/ProductLiangdian
INFO: [ app_init ] --START--
INFO: Run Behavior\BuildLiteBehavior [ RunTime:0.000024s ]
INFO: [ app_init ] --END-- [ RunTime:0.000410s ]
INFO: [ app_begin ] --START--
INFO: Run Behavior\ReadHtmlCacheBehavior [ RunTime:0.000431s ]
INFO: [ app_begin ] --END-- [ RunTime:0.000548s ]
SQL: SHOW COLUMNS FROM `lianxi` [ RunTime:0.0209s ]
SQL: SELECT * FROM `lianxi` LIMIT 1   [ RunTime:0.0003s ]
SQL: SHOW COLUMNS FROM `alink` [ RunTime:0.0089s ]
SQL: SELECT * FROM `alink` WHERE `dd` = 1 ORDER BY id desc  [ RunTime:0.0011s ]
INFO: [ view_parse ] --START--
INFO: [ template_filter ] --START--
INFO: Run Behavior\ContentReplaceBehavior [ RunTime:0.000237s ]
INFO: [ template_filter ] --END-- [ RunTime:0.000542s ]
INFO: Run Behavior\ParseTemplateBehavior [ RunTime:0.022777s ]
INFO: [ view_parse ] --END-- [ RunTime:0.023104s ]
INFO: [ view_filter ] --START--
INFO: Run Behavior\WriteHtmlCacheBehavior [ RunTime:0.000722s ]
INFO: [ view_filter ] --END-- [ RunTime:0.001021s ]
INFO: [ app_end ] --START--
INFO: Run Behavior\ShowPageTraceBehavior [ RunTime:0.001693s ]
INFO: [ app_end ] --END-- [ RunTime:0.002180s ]

[ 2018-03-27T13:52:51+08:00 ] 127.0.0.1 /seoweb/boyou/index.php?s=/Home/Savety
INFO: [ app_init ] --START--
INFO: Run Behavior\BuildLiteBehavior [ RunTime:0.000023s ]
INFO: [ app_init ] --END-- [ RunTime:0.000399s ]
INFO: [ app_begin ] --START--
INFO: Run Behavior\ReadHtmlCacheBehavior [ RunTime:0.000416s ]
INFO: [ app_begin ] --END-- [ RunTime:0.000530s ]
SQL: SHOW COLUMNS FROM `lianxi` [ RunTime:0.0100s ]
SQL: SELECT * FROM `lianxi` LIMIT 1   [ RunTime:0.0002s ]
SQL: SHOW COLUMNS FROM `alink` [ RunTime:0.0089s ]
SQL: SELECT * FROM `alink` WHERE `dd` = 1 ORDER BY id desc  [ RunTime:0.0004s ]
INFO: [ view_parse ] --START--
INFO: [ template_filter ] --START--
INFO: Run Behavior\ContentReplaceBehavior [ RunTime:0.000087s ]
INFO: [ template_filter ] --END-- [ RunTime:0.000187s ]
INFO: Run Behavior\ParseTemplateBehavior [ RunTime:0.018454s ]
INFO: [ view_parse ] --END-- [ RunTime:0.018574s ]
INFO: [ view_filter ] --START--
INFO: Run Behavior\WriteHtmlCacheBehavior [ RunTime:0.000272s ]
INFO: [ view_filter ] --END-- [ RunTime:0.000375s ]
INFO: [ app_end ] --START--
INFO: Run Behavior\ShowPageTraceBehavior [ RunTime:0.000612s ]
INFO: [ app_end ] --END-- [ RunTime:0.000792s ]

[ 2018-03-27T13:52:54+08:00 ] 127.0.0.1 /seoweb/boyou/index.php?s=/Home/Service
INFO: [ app_init ] --START--
INFO: Run Behavior\BuildLiteBehavior [ RunTime:0.000023s ]
INFO: [ app_init ] --END-- [ RunTime:0.000397s ]
INFO: [ app_begin ] --START--
INFO: Run Behavior\ReadHtmlCacheBehavior [ RunTime:0.000415s ]
INFO: [ app_begin ] --END-- [ RunTime:0.000537s ]
SQL: SHOW COLUMNS FROM `lianxi` [ RunTime:0.0202s ]
SQL: SELECT * FROM `lianxi` LIMIT 1   [ RunTime:0.0002s ]
SQL: SHOW COLUMNS FROM `alink` [ RunTime:0.0089s ]
SQL: SELECT * FROM `alink` WHERE `dd` = 1 ORDER BY id desc  [ RunTime:0.0003s ]
INFO: [ view_parse ] --START--
INFO: [ template_filter ] --START--
INFO: Run Behavior\ContentReplaceBehavior [ RunTime:0.000092s ]
INFO: [ template_filter ] --END-- [ RunTime:0.000185s ]
INFO: Run Behavior\ParseTemplateBehavior [ RunTime:0.018736s ]
INFO: [ view_parse ] --END-- [ RunTime:0.018858s ]
INFO: [ view_filter ] --START--
INFO: Run Behavior\WriteHtmlCacheBehavior [ RunTime:0.000269s ]
INFO: [ view_filter ] --END-- [ RunTime:0.000373s ]
INFO: [ app_end ] --START--
INFO: Run Behavior\ShowPageTraceBehavior [ RunTime:0.000594s ]
INFO: [ app_end ] --END-- [ RunTime:0.000758s ]

[ 2018-03-27T13:52:58+08:00 ] 127.0.0.1 /seoweb/boyou/index.php?s=/Home/Savety
INFO: [ app_init ] --START--
INFO: Run Behavior\BuildLiteBehavior [ RunTime:0.000023s ]
INFO: [ app_init ] --END-- [ RunTime:0.000415s ]
INFO: [ app_begin ] --START--
INFO: Run Behavior\ReadHtmlCacheBehavior [ RunTime:0.000392s ]
INFO: [ app_begin ] --END-- [ RunTime:0.000498s ]
SQL: SHOW COLUMNS FROM `lianxi` [ RunTime:0.0400s ]
SQL: SELECT * FROM `lianxi` LIMIT 1   [ RunTime:0.0009s ]
SQL: SHOW COLUMNS FROM `alink` [ RunTime:0.0300s ]
SQL: SELECT * FROM `alink` WHERE `dd` = 1 ORDER BY id desc  [ RunTime:0.0013s ]
INFO: [ view_parse ] --START--
INFO: [ template_filter ] --START--
INFO: Run Behavior\ContentReplaceBehavior [ RunTime:0.000300s ]
INFO: [ template_filter ] --END-- [ RunTime:0.000657s ]
INFO: Run Behavior\ParseTemplateBehavior [ RunTime:0.061411s ]
INFO: [ view_parse ] --END-- [ RunTime:0.061835s ]
INFO: [ view_filter ] --START--
INFO: Run Behavior\WriteHtmlCacheBehavior [ RunTime:0.000928s ]
INFO: [ view_filter ] --END-- [ RunTime:0.001262s ]
INFO: [ app_end ] --START--
INFO: Run Behavior\ShowPageTraceBehavior [ RunTime:0.002472s ]
INFO: [ app_end ] --END-- [ RunTime:0.003258s ]

[ 2018-03-27T13:52:59+08:00 ] 127.0.0.1 /seoweb/boyou/index.php?s=/Home/ProductLiangdian
INFO: [ app_init ] --START--
INFO: Run Behavior\BuildLiteBehavior [ RunTime:0.000026s ]
INFO: [ app_init ] --END-- [ RunTime:0.000460s ]
INFO: [ app_begin ] --START--
INFO: Run Behavior\ReadHtmlCacheBehavior [ RunTime:0.000443s ]
INFO: [ app_begin ] --END-- [ RunTime:0.000561s ]
SQL: SHOW COLUMNS FROM `lianxi` [ RunTime:0.0201s ]
SQL: SELECT * FROM `lianxi` LIMIT 1   [ RunTime:0.0003s ]
SQL: SHOW COLUMNS FROM `alink` [ RunTime:0.0089s ]
SQL: SELECT * FROM `alink` WHERE `dd` = 1 ORDER BY id desc  [ RunTime:0.0005s ]
INFO: [ view_parse ] --START--
INFO: [ template_filter ] --START--
INFO: Run Behavior\ContentReplaceBehavior [ RunTime:0.000089s ]
INFO: [ template_filter ] --END-- [ RunTime:0.000202s ]
INFO: Run Behavior\ParseTemplateBehavior [ RunTime:0.008494s ]
INFO: [ view_parse ] --END-- [ RunTime:0.008614s ]
INFO: [ view_filter ] --START--
INFO: Run Behavior\WriteHtmlCacheBehavior [ RunTime:0.000272s ]
INFO: [ view_filter ] --END-- [ RunTime:0.000383s ]
INFO: [ app_end ] --START--
INFO: Run Behavior\ShowPageTraceBehavior [ RunTime:0.000709s ]
INFO: [ app_end ] --END-- [ RunTime:0.000905s ]

[ 2018-03-27T13:53:00+08:00 ] 127.0.0.1 /seoweb/boyou/index.php?s=/Home/ProductSolution
INFO: [ app_init ] --START--
INFO: Run Behavior\BuildLiteBehavior [ RunTime:0.000023s ]
INFO: [ app_init ] --END-- [ RunTime:0.000396s ]
INFO: [ app_begin ] --START--
INFO: Run Behavior\ReadHtmlCacheBehavior [ RunTime:0.000400s ]
INFO: [ app_begin ] --END-- [ RunTime:0.000509s ]
SQL: SHOW COLUMNS FROM `lianxi` [ RunTime:0.0206s ]
SQL: SELECT * FROM `lianxi` LIMIT 1   [ RunTime:0.0002s ]
SQL: SHOW COLUMNS FROM `alink` [ RunTime:0.0082s ]
SQL: SELECT * FROM `alink` WHERE `dd` = 1 ORDER BY id desc  [ RunTime:0.0003s ]
SQL: SHOW COLUMNS FROM `bigad2` [ RunTime:0.0081s ]
SQL: SELECT * FROM `bigad2` WHERE `dd` = 1 ORDER BY id asc  [ RunTime:0.0003s ]
SQL: SHOW COLUMNS FROM `article` [ RunTime:0.0077s ]
SQL: SELECT * FROM `article` WHERE `aid` = 0 ORDER BY id desc LIMIT 1   [ RunTime:0.0002s ]
SQL: SELECT COUNT(*) AS tp_count FROM `article` WHERE `dd` = 1 LIMIT 1   [ RunTime:0.0001s ]
SQL: SELECT * FROM `article` WHERE `dd` = 1 ORDER BY id desc LIMIT 0,4   [ RunTime:0.0002s ]
INFO: [ view_parse ] --START--
INFO: [ template_filter ] --START--
INFO: Run Behavior\ContentReplaceBehavior [ RunTime:0.000183s ]
INFO: [ template_filter ] --END-- [ RunTime:0.000409s ]
INFO: Run Behavior\ParseTemplateBehavior [ RunTime:0.126391s ]
INFO: [ view_parse ] --END-- [ RunTime:0.126680s ]
INFO: [ view_filter ] --START--
INFO: Run Behavior\WriteHtmlCacheBehavior [ RunTime:0.001178s ]
INFO: [ view_filter ] --END-- [ RunTime:0.001598s ]
INFO: [ app_end ] --START--
INFO: Run Behavior\ShowPageTraceBehavior [ RunTime:0.002627s ]
INFO: [ app_end ] --END-- [ RunTime:0.003385s ]

[ 2018-03-27T13:53:01+08:00 ] 127.0.0.1 /seoweb/boyou/index.php?s=/Home/Index
INFO: [ app_init ] --START--
INFO: Run Behavior\BuildLiteBehavior [ RunTime:0.000024s ]
INFO: [ app_init ] --END-- [ RunTime:0.000442s ]
INFO: [ app_begin ] --START--
INFO: Run Behavior\ReadHtmlCacheBehavior [ RunTime:0.000427s ]
INFO: [ app_begin ] --END-- [ RunTime:0.000543s ]
SQL: SHOW COLUMNS FROM `lianxi` [ RunTime:0.0258s ]
SQL: SELECT * FROM `lianxi` LIMIT 1   [ RunTime:0.0002s ]
SQL: SHOW COLUMNS FROM `alink` [ RunTime:0.0109s ]
SQL: SELECT * FROM `alink` WHERE `dd` = 1 ORDER BY id desc  [ RunTime:0.0010s ]
INFO: [ view_parse ] --START--
INFO: [ template_filter ] --START--
INFO: Run Behavior\ContentReplaceBehavior [ RunTime:0.000348s ]
INFO: [ template_filter ] --END-- [ RunTime:0.000647s ]
INFO: Run Behavior\ParseTemplateBehavior [ RunTime:0.080309s ]
INFO: [ view_parse ] --END-- [ RunTime:0.080629s ]
INFO: [ view_filter ] --START--
INFO: Run Behavior\WriteHtmlCacheBehavior [ RunTime:0.000721s ]
INFO: [ view_filter ] --END-- [ RunTime:0.001013s ]
INFO: [ app_end ] --START--
INFO: Run Behavior\ShowPageTraceBehavior [ RunTime:0.002366s ]
INFO: [ app_end ] --END-- [ RunTime:0.003658s ]

