[ 2018-03-28T16:35:18+08:00 ] ::1 /seoweb/seo/
INFO: [ app_init ] --START--
INFO: Run Behavior\BuildLiteBehavior [ RunTime:0.000021s ]
INFO: [ app_init ] --END-- [ RunTime:0.008610s ]
INFO: [ app_begin ] --START--
INFO: Run Behavior\ReadHtmlCacheBehavior [ RunTime:0.014363s ]
INFO: [ app_begin ] --END-- [ RunTime:0.014465s ]
SQL: SHOW COLUMNS FROM `lianxi` [ RunTime:0.0111s ]
SQL: SELECT * FROM `lianxi` LIMIT 1   [ RunTime:0.0002s ]
SQL: SHOW COLUMNS FROM `alink` [ RunTime:0.0095s ]
SQL: SELECT * FROM `alink` WHERE `dd` = 1 ORDER BY id desc  [ RunTime:0.0004s ]
INFO: [ view_parse ] --START--
INFO: [ template_filter ] --START--
INFO: Run Behavior\ContentReplaceBehavior [ RunTime:0.000101s ]
INFO: [ template_filter ] --END-- [ RunTime:0.000190s ]
INFO: Run Behavior\ParseTemplateBehavior [ RunTime:0.078509s ]
INFO: [ view_parse ] --END-- [ RunTime:0.078610s ]
INFO: [ view_filter ] --START--
INFO: Run Behavior\WriteHtmlCacheBehavior [ RunTime:0.008520s ]
INFO: [ view_filter ] --END-- [ RunTime:0.008608s ]
INFO: [ app_end ] --START--
INFO: Run Behavior\ShowPageTraceBehavior [ RunTime:0.008904s ]
INFO: [ app_end ] --END-- [ RunTime:0.009033s ]

[ 2018-03-28T16:35:20+08:00 ] ::1 /seoweb/seo/index.php?s=/Home/ProductSolution
INFO: [ app_init ] --START--
INFO: Run Behavior\BuildLiteBehavior [ RunTime:0.000018s ]
INFO: [ app_init ] --END-- [ RunTime:0.000405s ]
INFO: [ app_begin ] --START--
INFO: Run Behavior\ReadHtmlCacheBehavior [ RunTime:0.000526s ]
INFO: [ app_begin ] --END-- [ RunTime:0.000607s ]
SQL: SHOW COLUMNS FROM `lianxi` [ RunTime:0.0095s ]
SQL: SELECT * FROM `lianxi` LIMIT 1   [ RunTime:0.0002s ]
SQL: SHOW COLUMNS FROM `alink` [ RunTime:0.0071s ]
SQL: SELECT * FROM `alink` WHERE `dd` = 1 ORDER BY id desc  [ RunTime:0.0004s ]
SQL: SHOW COLUMNS FROM `bigad2` [ RunTime:0.0098s ]
SQL: SELECT * FROM `bigad2` WHERE `dd` = 1 ORDER BY id asc  [ RunTime:0.0003s ]
SQL: SHOW COLUMNS FROM `article` [ RunTime:0.0096s ]
SQL: SELECT * FROM `article` WHERE `aid` = 0 ORDER BY id desc LIMIT 1   [ RunTime:0.0004s ]
SQL: SELECT COUNT(*) AS tp_count FROM `article` WHERE `dd` = 1 LIMIT 1   [ RunTime:0.0003s ]
SQL: SELECT * FROM `article` WHERE `dd` = 1 ORDER BY id desc LIMIT 0,4   [ RunTime:0.0003s ]
INFO: [ view_parse ] --START--
INFO: [ template_filter ] --START--
INFO: Run Behavior\ContentReplaceBehavior [ RunTime:0.000077s ]
INFO: [ template_filter ] --END-- [ RunTime:0.000165s ]
INFO: Run Behavior\ParseTemplateBehavior [ RunTime:0.046751s ]
INFO: [ view_parse ] --END-- [ RunTime:0.046846s ]
INFO: [ view_filter ] --START--
INFO: Run Behavior\WriteHtmlCacheBehavior [ RunTime:0.000483s ]
INFO: [ view_filter ] --END-- [ RunTime:0.000762s ]
INFO: [ app_end ] --START--
INFO: Run Behavior\ShowPageTraceBehavior [ RunTime:0.000805s ]
INFO: [ app_end ] --END-- [ RunTime:0.000906s ]

[ 2018-03-28T16:35:20+08:00 ] ::1 /seoweb/seo/index.php?s=/Home/ProductLiangdian
INFO: [ app_init ] --START--
INFO: Run Behavior\BuildLiteBehavior [ RunTime:0.000019s ]
INFO: [ app_init ] --END-- [ RunTime:0.000407s ]
INFO: [ app_begin ] --START--
INFO: Run Behavior\ReadHtmlCacheBehavior [ RunTime:0.000694s ]
INFO: [ app_begin ] --END-- [ RunTime:0.000788s ]
SQL: SHOW COLUMNS FROM `lianxi` [ RunTime:0.0053s ]
SQL: SELECT * FROM `lianxi` LIMIT 1   [ RunTime:0.0002s ]
SQL: SHOW COLUMNS FROM `alink` [ RunTime:0.0046s ]
SQL: SELECT * FROM `alink` WHERE `dd` = 1 ORDER BY id desc  [ RunTime:0.0004s ]
INFO: [ view_parse ] --START--
INFO: [ template_filter ] --START--
INFO: Run Behavior\ContentReplaceBehavior [ RunTime:0.000070s ]
INFO: [ template_filter ] --END-- [ RunTime:0.000159s ]
INFO: Run Behavior\ParseTemplateBehavior [ RunTime:0.022510s ]
INFO: [ view_parse ] --END-- [ RunTime:0.022626s ]
INFO: [ view_filter ] --START--
INFO: Run Behavior\WriteHtmlCacheBehavior [ RunTime:0.000849s ]
INFO: [ view_filter ] --END-- [ RunTime:0.000981s ]
INFO: [ app_end ] --START--
INFO: Run Behavior\ShowPageTraceBehavior [ RunTime:0.000842s ]
INFO: [ app_end ] --END-- [ RunTime:0.000932s ]

[ 2018-03-28T16:35:21+08:00 ] ::1 /seoweb/seo/index.php?s=/Home/Savety
INFO: [ app_init ] --START--
INFO: Run Behavior\BuildLiteBehavior [ RunTime:0.000020s ]
INFO: [ app_init ] --END-- [ RunTime:0.000365s ]
INFO: [ app_begin ] --START--
INFO: Run Behavior\ReadHtmlCacheBehavior [ RunTime:0.000691s ]
INFO: [ app_begin ] --END-- [ RunTime:0.000779s ]
SQL: SHOW COLUMNS FROM `lianxi` [ RunTime:0.0112s ]
SQL: SELECT * FROM `lianxi` LIMIT 1   [ RunTime:0.0002s ]
SQL: SHOW COLUMNS FROM `alink` [ RunTime:0.0068s ]
SQL: SELECT * FROM `alink` WHERE `dd` = 1 ORDER BY id desc  [ RunTime:0.0003s ]
INFO: [ view_parse ] --START--
INFO: [ template_filter ] --START--
INFO: Run Behavior\ContentReplaceBehavior [ RunTime:0.000072s ]
INFO: [ template_filter ] --END-- [ RunTime:0.000160s ]
INFO: Run Behavior\ParseTemplateBehavior [ RunTime:0.024328s ]
INFO: [ view_parse ] --END-- [ RunTime:0.024434s ]
INFO: [ view_filter ] --START--
INFO: Run Behavior\WriteHtmlCacheBehavior [ RunTime:0.000592s ]
INFO: [ view_filter ] --END-- [ RunTime:0.000675s ]
INFO: [ app_end ] --START--
INFO: Run Behavior\ShowPageTraceBehavior [ RunTime:0.000717s ]
INFO: [ app_end ] --END-- [ RunTime:0.000802s ]

[ 2018-03-28T16:35:22+08:00 ] ::1 /seoweb/seo/index.php?s=/Home/Service
INFO: [ app_init ] --START--
INFO: Run Behavior\BuildLiteBehavior [ RunTime:0.000051s ]
INFO: [ app_init ] --END-- [ RunTime:0.000506s ]
INFO: [ app_begin ] --START--
INFO: Run Behavior\ReadHtmlCacheBehavior [ RunTime:0.000800s ]
INFO: [ app_begin ] --END-- [ RunTime:0.000907s ]
SQL: SHOW COLUMNS FROM `lianxi` [ RunTime:0.0085s ]
SQL: SELECT * FROM `lianxi` LIMIT 1   [ RunTime:0.0002s ]
SQL: SHOW COLUMNS FROM `alink` [ RunTime:0.0046s ]
SQL: SELECT * FROM `alink` WHERE `dd` = 1 ORDER BY id desc  [ RunTime:0.0003s ]
INFO: [ view_parse ] --START--
INFO: [ template_filter ] --START--
INFO: Run Behavior\ContentReplaceBehavior [ RunTime:0.000085s ]
INFO: [ template_filter ] --END-- [ RunTime:0.000173s ]
INFO: Run Behavior\ParseTemplateBehavior [ RunTime:0.027539s ]
INFO: [ view_parse ] --END-- [ RunTime:0.027639s ]
INFO: [ view_filter ] --START--
INFO: Run Behavior\WriteHtmlCacheBehavior [ RunTime:0.000612s ]
INFO: [ view_filter ] --END-- [ RunTime:0.000691s ]
INFO: [ app_end ] --START--
INFO: Run Behavior\ShowPageTraceBehavior [ RunTime:0.000791s ]
INFO: [ app_end ] --END-- [ RunTime:0.000868s ]

[ 2018-03-28T16:35:25+08:00 ] ::1 /seoweb/seo/index.php?s=/Home/ProductSolution
INFO: [ app_init ] --START--
INFO: Run Behavior\BuildLiteBehavior [ RunTime:0.000016s ]
INFO: [ app_init ] --END-- [ RunTime:0.000362s ]
INFO: [ app_begin ] --START--
INFO: Run Behavior\ReadHtmlCacheBehavior [ RunTime:0.001009s ]
INFO: [ app_begin ] --END-- [ RunTime:0.001095s ]
SQL: SHOW COLUMNS FROM `lianxi` [ RunTime:0.0103s ]
SQL: SELECT * FROM `lianxi` LIMIT 1   [ RunTime:0.0002s ]
SQL: SHOW COLUMNS FROM `alink` [ RunTime:0.0065s ]
SQL: SELECT * FROM `alink` WHERE `dd` = 1 ORDER BY id desc  [ RunTime:0.0004s ]
SQL: SHOW COLUMNS FROM `bigad2` [ RunTime:0.0071s ]
SQL: SELECT * FROM `bigad2` WHERE `dd` = 1 ORDER BY id asc  [ RunTime:0.0003s ]
SQL: SHOW COLUMNS FROM `article` [ RunTime:0.0075s ]
SQL: SELECT * FROM `article` WHERE `aid` = 0 ORDER BY id desc LIMIT 1   [ RunTime:0.0003s ]
SQL: SELECT COUNT(*) AS tp_count FROM `article` WHERE `dd` = 1 LIMIT 1   [ RunTime:0.0002s ]
SQL: SELECT * FROM `article` WHERE `dd` = 1 ORDER BY id desc LIMIT 0,4   [ RunTime:0.0003s ]
INFO: [ view_parse ] --START--
INFO: [ template_filter ] --START--
INFO: Run Behavior\ContentReplaceBehavior [ RunTime:0.000078s ]
INFO: [ template_filter ] --END-- [ RunTime:0.000170s ]
INFO: Run Behavior\ParseTemplateBehavior [ RunTime:0.039321s ]
INFO: [ view_parse ] --END-- [ RunTime:0.039438s ]
INFO: [ view_filter ] --START--
INFO: Run Behavior\WriteHtmlCacheBehavior [ RunTime:0.000713s ]
INFO: [ view_filter ] --END-- [ RunTime:0.000802s ]
INFO: [ app_end ] --START--
INFO: Run Behavior\ShowPageTraceBehavior [ RunTime:0.000749s ]
INFO: [ app_end ] --END-- [ RunTime:0.000858s ]

[ 2018-03-28T16:35:25+08:00 ] ::1 /seoweb/seo/index.php?s=/Home/Index
INFO: [ app_init ] --START--
INFO: Run Behavior\BuildLiteBehavior [ RunTime:0.000019s ]
INFO: [ app_init ] --END-- [ RunTime:0.000349s ]
INFO: [ app_begin ] --START--
INFO: Run Behavior\ReadHtmlCacheBehavior [ RunTime:0.000648s ]
INFO: [ app_begin ] --END-- [ RunTime:0.000732s ]
SQL: SHOW COLUMNS FROM `lianxi` [ RunTime:0.0183s ]
SQL: SELECT * FROM `lianxi` LIMIT 1   [ RunTime:0.0001s ]
SQL: SHOW COLUMNS FROM `alink` [ RunTime:0.0065s ]
SQL: SELECT * FROM `alink` WHERE `dd` = 1 ORDER BY id desc  [ RunTime:0.0003s ]
INFO: [ view_parse ] --START--
INFO: [ template_filter ] --START--
INFO: Run Behavior\ContentReplaceBehavior [ RunTime:0.000286s ]
INFO: [ template_filter ] --END-- [ RunTime:0.000516s ]
INFO: Run Behavior\ParseTemplateBehavior [ RunTime:0.039350s ]
INFO: [ view_parse ] --END-- [ RunTime:0.039452s ]
INFO: [ view_filter ] --START--
INFO: Run Behavior\WriteHtmlCacheBehavior [ RunTime:0.000637s ]
INFO: [ view_filter ] --END-- [ RunTime:0.000719s ]
INFO: [ app_end ] --START--
INFO: Run Behavior\ShowPageTraceBehavior [ RunTime:0.000763s ]
INFO: [ app_end ] --END-- [ RunTime:0.000851s ]

[ 2018-03-28T16:35:35+08:00 ] ::1 /seoweb/seo/index.php?s=/Home/ProductSolution
INFO: [ app_init ] --START--
INFO: Run Behavior\BuildLiteBehavior [ RunTime:0.000018s ]
INFO: [ app_init ] --END-- [ RunTime:0.000406s ]
INFO: [ app_begin ] --START--
INFO: Run Behavior\ReadHtmlCacheBehavior [ RunTime:0.000580s ]
INFO: [ app_begin ] --END-- [ RunTime:0.000666s ]
SQL: SHOW COLUMNS FROM `lianxi` [ RunTime:0.0088s ]
SQL: SELECT * FROM `lianxi` LIMIT 1   [ RunTime:0.0002s ]
SQL: SHOW COLUMNS FROM `alink` [ RunTime:0.0077s ]
SQL: SELECT * FROM `alink` WHERE `dd` = 1 ORDER BY id desc  [ RunTime:0.0003s ]
SQL: SHOW COLUMNS FROM `bigad2` [ RunTime:0.0070s ]
SQL: SELECT * FROM `bigad2` WHERE `dd` = 1 ORDER BY id asc  [ RunTime:0.0002s ]
SQL: SHOW COLUMNS FROM `article` [ RunTime:0.0072s ]
SQL: SELECT * FROM `article` WHERE `aid` = 0 ORDER BY id desc LIMIT 1   [ RunTime:0.0003s ]
SQL: SELECT COUNT(*) AS tp_count FROM `article` WHERE `dd` = 1 LIMIT 1   [ RunTime:0.0002s ]
SQL: SELECT * FROM `article` WHERE `dd` = 1 ORDER BY id desc LIMIT 0,4   [ RunTime:0.0002s ]
INFO: [ view_parse ] --START--
INFO: [ template_filter ] --START--
INFO: Run Behavior\ContentReplaceBehavior [ RunTime:0.000160s ]
INFO: [ template_filter ] --END-- [ RunTime:0.000341s ]
INFO: Run Behavior\ParseTemplateBehavior [ RunTime:0.055713s ]
INFO: [ view_parse ] --END-- [ RunTime:0.055813s ]
INFO: [ view_filter ] --START--
INFO: Run Behavior\WriteHtmlCacheBehavior [ RunTime:0.000432s ]
INFO: [ view_filter ] --END-- [ RunTime:0.000512s ]
INFO: [ app_end ] --START--
INFO: Run Behavior\ShowPageTraceBehavior [ RunTime:0.000739s ]
INFO: [ app_end ] --END-- [ RunTime:0.000826s ]

[ 2018-03-28T16:35:38+08:00 ] ::1 /seoweb/seo/index.php?s=/Home/ProductSolution/index/id/4.html
INFO: [ app_init ] --START--
INFO: Run Behavior\BuildLiteBehavior [ RunTime:0.000019s ]
INFO: [ app_init ] --END-- [ RunTime:0.000434s ]
INFO: [ app_begin ] --START--
INFO: Run Behavior\ReadHtmlCacheBehavior [ RunTime:0.000725s ]
INFO: [ app_begin ] --END-- [ RunTime:0.000819s ]
SQL: SHOW COLUMNS FROM `lianxi` [ RunTime:0.0087s ]
SQL: SELECT * FROM `lianxi` LIMIT 1   [ RunTime:0.0002s ]
SQL: SHOW COLUMNS FROM `alink` [ RunTime:0.0072s ]
SQL: SELECT * FROM `alink` WHERE `dd` = 1 ORDER BY id desc  [ RunTime:0.0003s ]
SQL: SHOW COLUMNS FROM `bigad2` [ RunTime:0.0070s ]
SQL: SELECT * FROM `bigad2` WHERE `dd` = 1 ORDER BY id asc  [ RunTime:0.0005s ]
SQL: SHOW COLUMNS FROM `article` [ RunTime:0.0177s ]
SQL: SELECT * FROM `article` WHERE `aid` = 4 ORDER BY id desc LIMIT 1   [ RunTime:0.0006s ]
SQL: SELECT COUNT(*) AS tp_count FROM `article` WHERE `dd` = 1 LIMIT 1   [ RunTime:0.0005s ]
SQL: SELECT * FROM `article` WHERE `dd` = 1 ORDER BY id desc LIMIT 0,4   [ RunTime:0.0006s ]
INFO: [ view_parse ] --START--
INFO: [ template_filter ] --START--
INFO: Run Behavior\ContentReplaceBehavior [ RunTime:0.000231s ]
INFO: [ template_filter ] --END-- [ RunTime:0.000465s ]
INFO: Run Behavior\ParseTemplateBehavior [ RunTime:0.081661s ]
INFO: [ view_parse ] --END-- [ RunTime:0.081840s ]
INFO: [ view_filter ] --START--
INFO: Run Behavior\WriteHtmlCacheBehavior [ RunTime:0.000898s ]
INFO: [ view_filter ] --END-- [ RunTime:0.001033s ]
INFO: [ app_end ] --START--
INFO: Run Behavior\ShowPageTraceBehavior [ RunTime:0.000850s ]
INFO: [ app_end ] --END-- [ RunTime:0.000937s ]

[ 2018-03-28T16:35:39+08:00 ] ::1 /seoweb/seo/index.php?s=/Home/ProductSolution/index/id/2.html
INFO: [ app_init ] --START--
INFO: Run Behavior\BuildLiteBehavior [ RunTime:0.000019s ]
INFO: [ app_init ] --END-- [ RunTime:0.000455s ]
INFO: [ app_begin ] --START--
INFO: Run Behavior\ReadHtmlCacheBehavior [ RunTime:0.000691s ]
INFO: [ app_begin ] --END-- [ RunTime:0.000782s ]
SQL: SHOW COLUMNS FROM `lianxi` [ RunTime:0.0174s ]
SQL: SELECT * FROM `lianxi` LIMIT 1   [ RunTime:0.0002s ]
SQL: SHOW COLUMNS FROM `alink` [ RunTime:0.0075s ]
SQL: SELECT * FROM `alink` WHERE `dd` = 1 ORDER BY id desc  [ RunTime:0.0003s ]
SQL: SHOW COLUMNS FROM `bigad2` [ RunTime:0.0079s ]
SQL: SELECT * FROM `bigad2` WHERE `dd` = 1 ORDER BY id asc  [ RunTime:0.0002s ]
SQL: SHOW COLUMNS FROM `article` [ RunTime:0.0070s ]
SQL: SELECT * FROM `article` WHERE `aid` = 2 ORDER BY id desc LIMIT 1   [ RunTime:0.0002s ]
SQL: SELECT COUNT(*) AS tp_count FROM `article` WHERE `dd` = 1 LIMIT 1   [ RunTime:0.0002s ]
SQL: SELECT * FROM `article` WHERE `dd` = 1 ORDER BY id desc LIMIT 0,4   [ RunTime:0.0002s ]
INFO: [ view_parse ] --START--
INFO: [ template_filter ] --START--
INFO: Run Behavior\ContentReplaceBehavior [ RunTime:0.000087s ]
INFO: [ template_filter ] --END-- [ RunTime:0.000177s ]
INFO: Run Behavior\ParseTemplateBehavior [ RunTime:0.039092s ]
INFO: [ view_parse ] --END-- [ RunTime:0.039199s ]
INFO: [ view_filter ] --START--
INFO: Run Behavior\WriteHtmlCacheBehavior [ RunTime:0.000520s ]
INFO: [ view_filter ] --END-- [ RunTime:0.000596s ]
INFO: [ app_end ] --START--
INFO: Run Behavior\ShowPageTraceBehavior [ RunTime:0.000691s ]
INFO: [ app_end ] --END-- [ RunTime:0.000769s ]

[ 2018-03-28T16:35:39+08:00 ] ::1 /seoweb/seo/index.php?s=/Home/ProductSolution/index/id/1.html
INFO: [ app_init ] --START--
INFO: Run Behavior\BuildLiteBehavior [ RunTime:0.000018s ]
INFO: [ app_init ] --END-- [ RunTime:0.000361s ]
INFO: [ app_begin ] --START--
INFO: Run Behavior\ReadHtmlCacheBehavior [ RunTime:0.000668s ]
INFO: [ app_begin ] --END-- [ RunTime:0.000757s ]
SQL: SHOW COLUMNS FROM `lianxi` [ RunTime:0.0053s ]
SQL: SELECT * FROM `lianxi` LIMIT 1   [ RunTime:0.0002s ]
SQL: SHOW COLUMNS FROM `alink` [ RunTime:0.0047s ]
SQL: SELECT * FROM `alink` WHERE `dd` = 1 ORDER BY id desc  [ RunTime:0.0004s ]
SQL: SHOW COLUMNS FROM `bigad2` [ RunTime:0.0065s ]
SQL: SELECT * FROM `bigad2` WHERE `dd` = 1 ORDER BY id asc  [ RunTime:0.0003s ]
SQL: SHOW COLUMNS FROM `article` [ RunTime:0.0050s ]
SQL: SELECT * FROM `article` WHERE `aid` = 1 ORDER BY id desc LIMIT 1   [ RunTime:0.0003s ]
SQL: SELECT COUNT(*) AS tp_count FROM `article` WHERE `dd` = 1 LIMIT 1   [ RunTime:0.0002s ]
SQL: SELECT * FROM `article` WHERE `dd` = 1 ORDER BY id desc LIMIT 0,4   [ RunTime:0.0003s ]
INFO: [ view_parse ] --START--
INFO: [ template_filter ] --START--
INFO: Run Behavior\ContentReplaceBehavior [ RunTime:0.000081s ]
INFO: [ template_filter ] --END-- [ RunTime:0.000176s ]
INFO: Run Behavior\ParseTemplateBehavior [ RunTime:0.039162s ]
INFO: [ view_parse ] --END-- [ RunTime:0.039272s ]
INFO: [ view_filter ] --START--
INFO: Run Behavior\WriteHtmlCacheBehavior [ RunTime:0.000525s ]
INFO: [ view_filter ] --END-- [ RunTime:0.000600s ]
INFO: [ app_end ] --START--
INFO: Run Behavior\ShowPageTraceBehavior [ RunTime:0.000675s ]
INFO: [ app_end ] --END-- [ RunTime:0.000753s ]

[ 2018-03-28T16:35:41+08:00 ] ::1 /seoweb/seo/index.php?s=/Home/ProductSolution
INFO: [ app_init ] --START--
INFO: Run Behavior\BuildLiteBehavior [ RunTime:0.000019s ]
INFO: [ app_init ] --END-- [ RunTime:0.000517s ]
INFO: [ app_begin ] --START--
INFO: Run Behavior\ReadHtmlCacheBehavior [ RunTime:0.000680s ]
INFO: [ app_begin ] --END-- [ RunTime:0.000772s ]
SQL: SHOW COLUMNS FROM `lianxi` [ RunTime:0.0177s ]
SQL: SELECT * FROM `lianxi` LIMIT 1   [ RunTime:0.0002s ]
SQL: SHOW COLUMNS FROM `alink` [ RunTime:0.0073s ]
SQL: SELECT * FROM `alink` WHERE `dd` = 1 ORDER BY id desc  [ RunTime:0.0005s ]
SQL: SHOW COLUMNS FROM `bigad2` [ RunTime:0.0080s ]
SQL: SELECT * FROM `bigad2` WHERE `dd` = 1 ORDER BY id asc  [ RunTime:0.0003s ]
SQL: SHOW COLUMNS FROM `article` [ RunTime:0.0073s ]
SQL: SELECT * FROM `article` WHERE `aid` = 0 ORDER BY id desc LIMIT 1   [ RunTime:0.0004s ]
SQL: SELECT COUNT(*) AS tp_count FROM `article` WHERE `dd` = 1 LIMIT 1   [ RunTime:0.0004s ]
SQL: SELECT * FROM `article` WHERE `dd` = 1 ORDER BY id desc LIMIT 0,4   [ RunTime:0.0003s ]
INFO: [ view_parse ] --START--
INFO: [ template_filter ] --START--
INFO: Run Behavior\ContentReplaceBehavior [ RunTime:0.000079s ]
INFO: [ template_filter ] --END-- [ RunTime:0.000162s ]
INFO: Run Behavior\ParseTemplateBehavior [ RunTime:0.040170s ]
INFO: [ view_parse ] --END-- [ RunTime:0.040265s ]
INFO: [ view_filter ] --START--
INFO: Run Behavior\WriteHtmlCacheBehavior [ RunTime:0.000751s ]
INFO: [ view_filter ] --END-- [ RunTime:0.000861s ]
INFO: [ app_end ] --START--
INFO: Run Behavior\ShowPageTraceBehavior [ RunTime:0.000797s ]
INFO: [ app_end ] --END-- [ RunTime:0.000905s ]

[ 2018-03-28T16:35:43+08:00 ] ::1 /seoweb/seo/index.php?s=/Home/ProductSolution/index/id/46/ids/1.html
INFO: [ app_init ] --START--
INFO: Run Behavior\BuildLiteBehavior [ RunTime:0.000019s ]
INFO: [ app_init ] --END-- [ RunTime:0.000399s ]
INFO: [ app_begin ] --START--
INFO: Run Behavior\ReadHtmlCacheBehavior [ RunTime:0.000683s ]
INFO: [ app_begin ] --END-- [ RunTime:0.000777s ]
SQL: SHOW COLUMNS FROM `lianxi` [ RunTime:0.0171s ]
SQL: SELECT * FROM `lianxi` LIMIT 1   [ RunTime:0.0002s ]
SQL: SHOW COLUMNS FROM `alink` [ RunTime:0.0074s ]
SQL: SELECT * FROM `alink` WHERE `dd` = 1 ORDER BY id desc  [ RunTime:0.0003s ]
SQL: SHOW COLUMNS FROM `bigad2` [ RunTime:0.0071s ]
SQL: SELECT * FROM `bigad2` WHERE `dd` = 1 ORDER BY id asc  [ RunTime:0.0003s ]
SQL: SHOW COLUMNS FROM `article` [ RunTime:0.0075s ]
SQL: SELECT * FROM `article` WHERE `id` = 46 ORDER BY id desc LIMIT 1   [ RunTime:0.0003s ]
SQL: SELECT COUNT(*) AS tp_count FROM `article` WHERE `dd` = 1 LIMIT 1   [ RunTime:0.0002s ]
SQL: SELECT * FROM `article` WHERE `dd` = 1 ORDER BY id desc LIMIT 0,4   [ RunTime:0.0002s ]
INFO: [ view_parse ] --START--
INFO: [ template_filter ] --START--
INFO: Run Behavior\ContentReplaceBehavior [ RunTime:0.000079s ]
INFO: [ template_filter ] --END-- [ RunTime:0.000164s ]
INFO: Run Behavior\ParseTemplateBehavior [ RunTime:0.039248s ]
INFO: [ view_parse ] --END-- [ RunTime:0.039342s ]
INFO: [ view_filter ] --START--
INFO: Run Behavior\WriteHtmlCacheBehavior [ RunTime:0.000569s ]
INFO: [ view_filter ] --END-- [ RunTime:0.000655s ]
INFO: [ app_end ] --START--
INFO: Run Behavior\ShowPageTraceBehavior [ RunTime:0.000660s ]
INFO: [ app_end ] --END-- [ RunTime:0.000745s ]

[ 2018-03-28T16:35:44+08:00 ] ::1 /seoweb/seo/index.php?s=/Home/ProductSolution
INFO: [ app_init ] --START--
INFO: Run Behavior\BuildLiteBehavior [ RunTime:0.000019s ]
INFO: [ app_init ] --END-- [ RunTime:0.000369s ]
INFO: [ app_begin ] --START--
INFO: Run Behavior\ReadHtmlCacheBehavior [ RunTime:0.000656s ]
INFO: [ app_begin ] --END-- [ RunTime:0.000744s ]
SQL: SHOW COLUMNS FROM `lianxi` [ RunTime:0.0187s ]
SQL: SELECT * FROM `lianxi` LIMIT 1   [ RunTime:0.0002s ]
SQL: SHOW COLUMNS FROM `alink` [ RunTime:0.0069s ]
SQL: SELECT * FROM `alink` WHERE `dd` = 1 ORDER BY id desc  [ RunTime:0.0003s ]
SQL: SHOW COLUMNS FROM `bigad2` [ RunTime:0.0086s ]
SQL: SELECT * FROM `bigad2` WHERE `dd` = 1 ORDER BY id asc  [ RunTime:0.0003s ]
SQL: SHOW COLUMNS FROM `article` [ RunTime:0.0067s ]
SQL: SELECT * FROM `article` WHERE `aid` = 0 ORDER BY id desc LIMIT 1   [ RunTime:0.0003s ]
SQL: SELECT COUNT(*) AS tp_count FROM `article` WHERE `dd` = 1 LIMIT 1   [ RunTime:0.0002s ]
SQL: SELECT * FROM `article` WHERE `dd` = 1 ORDER BY id desc LIMIT 0,4   [ RunTime:0.0002s ]
INFO: [ view_parse ] --START--
INFO: [ template_filter ] --START--
INFO: Run Behavior\ContentReplaceBehavior [ RunTime:0.000080s ]
INFO: [ template_filter ] --END-- [ RunTime:0.000170s ]
INFO: Run Behavior\ParseTemplateBehavior [ RunTime:0.039971s ]
INFO: [ view_parse ] --END-- [ RunTime:0.040067s ]
INFO: [ view_filter ] --START--
INFO: Run Behavior\WriteHtmlCacheBehavior [ RunTime:0.000564s ]
INFO: [ view_filter ] --END-- [ RunTime:0.000645s ]
INFO: [ app_end ] --START--
INFO: Run Behavior\ShowPageTraceBehavior [ RunTime:0.000675s ]
INFO: [ app_end ] --END-- [ RunTime:0.000761s ]

[ 2018-03-28T16:35:46+08:00 ] ::1 /seoweb/seo/index.php?s=/Home/ProductLiangdian
INFO: [ app_init ] --START--
INFO: Run Behavior\BuildLiteBehavior [ RunTime:0.000019s ]
INFO: [ app_init ] --END-- [ RunTime:0.000363s ]
INFO: [ app_begin ] --START--
INFO: Run Behavior\ReadHtmlCacheBehavior [ RunTime:0.000655s ]
INFO: [ app_begin ] --END-- [ RunTime:0.000744s ]
SQL: SHOW COLUMNS FROM `lianxi` [ RunTime:0.0168s ]
SQL: SELECT * FROM `lianxi` LIMIT 1   [ RunTime:0.0002s ]
SQL: SHOW COLUMNS FROM `alink` [ RunTime:0.0072s ]
SQL: SELECT * FROM `alink` WHERE `dd` = 1 ORDER BY id desc  [ RunTime:0.0004s ]
INFO: [ view_parse ] --START--
INFO: [ template_filter ] --START--
INFO: Run Behavior\ContentReplaceBehavior [ RunTime:0.000073s ]
INFO: [ template_filter ] --END-- [ RunTime:0.000157s ]
INFO: Run Behavior\ParseTemplateBehavior [ RunTime:0.008081s ]
INFO: [ view_parse ] --END-- [ RunTime:0.008172s ]
INFO: [ view_filter ] --START--
INFO: Run Behavior\WriteHtmlCacheBehavior [ RunTime:0.000596s ]
INFO: [ view_filter ] --END-- [ RunTime:0.000682s ]
INFO: [ app_end ] --START--
INFO: Run Behavior\ShowPageTraceBehavior [ RunTime:0.001092s ]
INFO: [ app_end ] --END-- [ RunTime:0.001198s ]

[ 2018-03-28T16:35:47+08:00 ] ::1 /seoweb/seo/index.php?s=/Home/ProductLiangdian
INFO: [ app_init ] --START--
INFO: Run Behavior\BuildLiteBehavior [ RunTime:0.000019s ]
INFO: [ app_init ] --END-- [ RunTime:0.000389s ]
INFO: [ app_begin ] --START--
INFO: Run Behavior\ReadHtmlCacheBehavior [ RunTime:0.000660s ]
INFO: [ app_begin ] --END-- [ RunTime:0.000750s ]
SQL: SHOW COLUMNS FROM `lianxi` [ RunTime:0.0179s ]
SQL: SELECT * FROM `lianxi` LIMIT 1   [ RunTime:0.0002s ]
SQL: SHOW COLUMNS FROM `alink` [ RunTime:0.0069s ]
SQL: SELECT * FROM `alink` WHERE `dd` = 1 ORDER BY id desc  [ RunTime:0.0005s ]
INFO: [ view_parse ] --START--
INFO: [ template_filter ] --START--
INFO: Run Behavior\ContentReplaceBehavior [ RunTime:0.000071s ]
INFO: [ template_filter ] --END-- [ RunTime:0.000158s ]
INFO: Run Behavior\ParseTemplateBehavior [ RunTime:0.008779s ]
INFO: [ view_parse ] --END-- [ RunTime:0.008877s ]
INFO: [ view_filter ] --START--
INFO: Run Behavior\WriteHtmlCacheBehavior [ RunTime:0.000556s ]
INFO: [ view_filter ] --END-- [ RunTime:0.000638s ]
INFO: [ app_end ] --START--
INFO: Run Behavior\ShowPageTraceBehavior [ RunTime:0.000694s ]
INFO: [ app_end ] --END-- [ RunTime:0.000781s ]

[ 2018-03-28T16:35:51+08:00 ] ::1 /seoweb/seo/index.php?s=/Home/Savety
INFO: [ app_init ] --START--
INFO: Run Behavior\BuildLiteBehavior [ RunTime:0.000019s ]
INFO: [ app_init ] --END-- [ RunTime:0.000360s ]
INFO: [ app_begin ] --START--
INFO: Run Behavior\ReadHtmlCacheBehavior [ RunTime:0.000655s ]
INFO: [ app_begin ] --END-- [ RunTime:0.000743s ]
SQL: SHOW COLUMNS FROM `lianxi` [ RunTime:0.0198s ]
SQL: SELECT * FROM `lianxi` LIMIT 1   [ RunTime:0.0002s ]
SQL: SHOW COLUMNS FROM `alink` [ RunTime:0.0066s ]
SQL: SELECT * FROM `alink` WHERE `dd` = 1 ORDER BY id desc  [ RunTime:0.0003s ]
INFO: [ view_parse ] --START--
INFO: [ template_filter ] --START--
INFO: Run Behavior\ContentReplaceBehavior [ RunTime:0.000076s ]
INFO: [ template_filter ] --END-- [ RunTime:0.000169s ]
INFO: Run Behavior\ParseTemplateBehavior [ RunTime:0.017031s ]
INFO: [ view_parse ] --END-- [ RunTime:0.017131s ]
INFO: [ view_filter ] --START--
INFO: Run Behavior\WriteHtmlCacheBehavior [ RunTime:0.000592s ]
INFO: [ view_filter ] --END-- [ RunTime:0.000680s ]
INFO: [ app_end ] --START--
INFO: Run Behavior\ShowPageTraceBehavior [ RunTime:0.000805s ]
INFO: [ app_end ] --END-- [ RunTime:0.000923s ]

[ 2018-03-28T16:35:52+08:00 ] ::1 /seoweb/seo/index.php?s=/Home/ProductLiangdian
INFO: [ app_init ] --START--
INFO: Run Behavior\BuildLiteBehavior [ RunTime:0.000019s ]
INFO: [ app_init ] --END-- [ RunTime:0.000367s ]
INFO: [ app_begin ] --START--
INFO: Run Behavior\ReadHtmlCacheBehavior [ RunTime:0.000680s ]
INFO: [ app_begin ] --END-- [ RunTime:0.000771s ]
SQL: SHOW COLUMNS FROM `lianxi` [ RunTime:0.0173s ]
SQL: SELECT * FROM `lianxi` LIMIT 1   [ RunTime:0.0002s ]
SQL: SHOW COLUMNS FROM `alink` [ RunTime:0.0072s ]
SQL: SELECT * FROM `alink` WHERE `dd` = 1 ORDER BY id desc  [ RunTime:0.0009s ]
INFO: [ view_parse ] --START--
INFO: [ template_filter ] --START--
INFO: Run Behavior\ContentReplaceBehavior [ RunTime:0.000069s ]
INFO: [ template_filter ] --END-- [ RunTime:0.000153s ]
INFO: Run Behavior\ParseTemplateBehavior [ RunTime:0.008026s ]
INFO: [ view_parse ] --END-- [ RunTime:0.008117s ]
INFO: [ view_filter ] --START--
INFO: Run Behavior\WriteHtmlCacheBehavior [ RunTime:0.000544s ]
INFO: [ view_filter ] --END-- [ RunTime:0.000626s ]
INFO: [ app_end ] --START--
INFO: Run Behavior\ShowPageTraceBehavior [ RunTime:0.000686s ]
INFO: [ app_end ] --END-- [ RunTime:0.000771s ]

[ 2018-03-28T16:35:53+08:00 ] ::1 /seoweb/seo/index.php?s=/Home/Savety
INFO: [ app_init ] --START--
INFO: Run Behavior\BuildLiteBehavior [ RunTime:0.000019s ]
INFO: [ app_init ] --END-- [ RunTime:0.000360s ]
INFO: [ app_begin ] --START--
INFO: Run Behavior\ReadHtmlCacheBehavior [ RunTime:0.000714s ]
INFO: [ app_begin ] --END-- [ RunTime:0.000815s ]
SQL: SHOW COLUMNS FROM `lianxi` [ RunTime:0.0101s ]
SQL: SELECT * FROM `lianxi` LIMIT 1   [ RunTime:0.0002s ]
SQL: SHOW COLUMNS FROM `alink` [ RunTime:0.0070s ]
SQL: SELECT * FROM `alink` WHERE `dd` = 1 ORDER BY id desc  [ RunTime:0.0003s ]
INFO: [ view_parse ] --START--
INFO: [ template_filter ] --START--
INFO: Run Behavior\ContentReplaceBehavior [ RunTime:0.000077s ]
INFO: [ template_filter ] --END-- [ RunTime:0.000169s ]
INFO: Run Behavior\ParseTemplateBehavior [ RunTime:0.017487s ]
INFO: [ view_parse ] --END-- [ RunTime:0.017587s ]
INFO: [ view_filter ] --START--
INFO: Run Behavior\WriteHtmlCacheBehavior [ RunTime:0.000579s ]
INFO: [ view_filter ] --END-- [ RunTime:0.000662s ]
INFO: [ app_end ] --START--
INFO: Run Behavior\ShowPageTraceBehavior [ RunTime:0.000703s ]
INFO: [ app_end ] --END-- [ RunTime:0.000788s ]

[ 2018-03-28T16:35:54+08:00 ] ::1 /seoweb/seo/index.php?s=/Home/Service
INFO: [ app_init ] --START--
INFO: Run Behavior\BuildLiteBehavior [ RunTime:0.000019s ]
INFO: [ app_init ] --END-- [ RunTime:0.000364s ]
INFO: [ app_begin ] --START--
INFO: Run Behavior\ReadHtmlCacheBehavior [ RunTime:0.000653s ]
INFO: [ app_begin ] --END-- [ RunTime:0.000743s ]
SQL: SHOW COLUMNS FROM `lianxi` [ RunTime:0.0100s ]
SQL: SELECT * FROM `lianxi` LIMIT 1   [ RunTime:0.0002s ]
SQL: SHOW COLUMNS FROM `alink` [ RunTime:0.0076s ]
SQL: SELECT * FROM `alink` WHERE `dd` = 1 ORDER BY id desc  [ RunTime:0.0004s ]
INFO: [ view_parse ] --START--
INFO: [ template_filter ] --START--
INFO: Run Behavior\ContentReplaceBehavior [ RunTime:0.000081s ]
INFO: [ template_filter ] --END-- [ RunTime:0.000165s ]
INFO: Run Behavior\ParseTemplateBehavior [ RunTime:0.018100s ]
INFO: [ view_parse ] --END-- [ RunTime:0.018199s ]
INFO: [ view_filter ] --START--
INFO: Run Behavior\WriteHtmlCacheBehavior [ RunTime:0.000579s ]
INFO: [ view_filter ] --END-- [ RunTime:0.000662s ]
INFO: [ app_end ] --START--
INFO: Run Behavior\ShowPageTraceBehavior [ RunTime:0.000709s ]
INFO: [ app_end ] --END-- [ RunTime:0.000792s ]

[ 2018-03-28T16:35:55+08:00 ] ::1 /seoweb/seo/index.php?s=/Home/Savety
INFO: [ app_init ] --START--
INFO: Run Behavior\BuildLiteBehavior [ RunTime:0.000020s ]
INFO: [ app_init ] --END-- [ RunTime:0.000410s ]
INFO: [ app_begin ] --START--
INFO: Run Behavior\ReadHtmlCacheBehavior [ RunTime:0.000522s ]
INFO: [ app_begin ] --END-- [ RunTime:0.000609s ]
SQL: SHOW COLUMNS FROM `lianxi` [ RunTime:0.0128s ]
SQL: SELECT * FROM `lianxi` LIMIT 1   [ RunTime:0.0002s ]
SQL: SHOW COLUMNS FROM `alink` [ RunTime:0.0069s ]
SQL: SELECT * FROM `alink` WHERE `dd` = 1 ORDER BY id desc  [ RunTime:0.0004s ]
INFO: [ view_parse ] --START--
INFO: [ template_filter ] --START--
INFO: Run Behavior\ContentReplaceBehavior [ RunTime:0.000075s ]
INFO: [ template_filter ] --END-- [ RunTime:0.000165s ]
INFO: Run Behavior\ParseTemplateBehavior [ RunTime:0.017125s ]
INFO: [ view_parse ] --END-- [ RunTime:0.017219s ]
INFO: [ view_filter ] --START--
INFO: Run Behavior\WriteHtmlCacheBehavior [ RunTime:0.000432s ]
INFO: [ view_filter ] --END-- [ RunTime:0.000509s ]
INFO: [ app_end ] --START--
INFO: Run Behavior\ShowPageTraceBehavior [ RunTime:0.000586s ]
INFO: [ app_end ] --END-- [ RunTime:0.000668s ]

[ 2018-03-28T16:35:55+08:00 ] ::1 /seoweb/seo/index.php?s=/Home/ProductLiangdian
INFO: [ app_init ] --START--
INFO: Run Behavior\BuildLiteBehavior [ RunTime:0.000019s ]
INFO: [ app_init ] --END-- [ RunTime:0.000374s ]
INFO: [ app_begin ] --START--
INFO: Run Behavior\ReadHtmlCacheBehavior [ RunTime:0.000659s ]
INFO: [ app_begin ] --END-- [ RunTime:0.000748s ]
SQL: SHOW COLUMNS FROM `lianxi` [ RunTime:0.0075s ]
SQL: SELECT * FROM `lianxi` LIMIT 1   [ RunTime:0.0001s ]
SQL: SHOW COLUMNS FROM `alink` [ RunTime:0.0049s ]
SQL: SELECT * FROM `alink` WHERE `dd` = 1 ORDER BY id desc  [ RunTime:0.0003s ]
INFO: [ view_parse ] --START--
INFO: [ template_filter ] --START--
INFO: Run Behavior\ContentReplaceBehavior [ RunTime:0.000072s ]
INFO: [ template_filter ] --END-- [ RunTime:0.000163s ]
INFO: Run Behavior\ParseTemplateBehavior [ RunTime:0.008564s ]
INFO: [ view_parse ] --END-- [ RunTime:0.008657s ]
INFO: [ view_filter ] --START--
INFO: Run Behavior\WriteHtmlCacheBehavior [ RunTime:0.000563s ]
INFO: [ view_filter ] --END-- [ RunTime:0.000645s ]
INFO: [ app_end ] --START--
INFO: Run Behavior\ShowPageTraceBehavior [ RunTime:0.000687s ]
INFO: [ app_end ] --END-- [ RunTime:0.000773s ]

[ 2018-03-28T16:35:56+08:00 ] ::1 /seoweb/seo/index.php?s=/Home/ProductSolution
INFO: [ app_init ] --START--
INFO: Run Behavior\BuildLiteBehavior [ RunTime:0.000020s ]
INFO: [ app_init ] --END-- [ RunTime:0.000503s ]
INFO: [ app_begin ] --START--
INFO: Run Behavior\ReadHtmlCacheBehavior [ RunTime:0.000543s ]
INFO: [ app_begin ] --END-- [ RunTime:0.000639s ]
SQL: SHOW COLUMNS FROM `lianxi` [ RunTime:0.0168s ]
SQL: SELECT * FROM `lianxi` LIMIT 1   [ RunTime:0.0002s ]
SQL: SHOW COLUMNS FROM `alink` [ RunTime:0.0155s ]
SQL: SELECT * FROM `alink` WHERE `dd` = 1 ORDER BY id desc  [ RunTime:0.0008s ]
SQL: SHOW COLUMNS FROM `bigad2` [ RunTime:0.0162s ]
SQL: SELECT * FROM `bigad2` WHERE `dd` = 1 ORDER BY id asc  [ RunTime:0.0006s ]
SQL: SHOW COLUMNS FROM `article` [ RunTime:0.0163s ]
SQL: SELECT * FROM `article` WHERE `aid` = 0 ORDER BY id desc LIMIT 1   [ RunTime:0.0005s ]
SQL: SELECT COUNT(*) AS tp_count FROM `article` WHERE `dd` = 1 LIMIT 1   [ RunTime:0.0003s ]
SQL: SELECT * FROM `article` WHERE `dd` = 1 ORDER BY id desc LIMIT 0,4   [ RunTime:0.0005s ]
INFO: [ view_parse ] --START--
INFO: [ template_filter ] --START--
INFO: Run Behavior\ContentReplaceBehavior [ RunTime:0.000195s ]
INFO: [ template_filter ] --END-- [ RunTime:0.000421s ]
INFO: Run Behavior\ParseTemplateBehavior [ RunTime:0.082011s ]
INFO: [ view_parse ] --END-- [ RunTime:0.082168s ]
INFO: [ view_filter ] --START--
INFO: Run Behavior\WriteHtmlCacheBehavior [ RunTime:0.000468s ]
INFO: [ view_filter ] --END-- [ RunTime:0.000548s ]
INFO: [ app_end ] --START--
INFO: Run Behavior\ShowPageTraceBehavior [ RunTime:0.000555s ]
INFO: [ app_end ] --END-- [ RunTime:0.000639s ]

[ 2018-03-28T16:35:57+08:00 ] ::1 /seoweb/seo/index.php?s=/Home/ProductLiangdian
INFO: [ app_init ] --START--
INFO: Run Behavior\BuildLiteBehavior [ RunTime:0.000018s ]
INFO: [ app_init ] --END-- [ RunTime:0.000361s ]
INFO: [ app_begin ] --START--
INFO: Run Behavior\ReadHtmlCacheBehavior [ RunTime:0.000662s ]
INFO: [ app_begin ] --END-- [ RunTime:0.000750s ]
SQL: SHOW COLUMNS FROM `lianxi` [ RunTime:0.0162s ]
SQL: SELECT * FROM `lianxi` LIMIT 1   [ RunTime:0.0003s ]
SQL: SHOW COLUMNS FROM `alink` [ RunTime:0.0077s ]
SQL: SELECT * FROM `alink` WHERE `dd` = 1 ORDER BY id desc  [ RunTime:0.0004s ]
INFO: [ view_parse ] --START--
INFO: [ template_filter ] --START--
INFO: Run Behavior\ContentReplaceBehavior [ RunTime:0.000071s ]
INFO: [ template_filter ] --END-- [ RunTime:0.000160s ]
INFO: Run Behavior\ParseTemplateBehavior [ RunTime:0.008164s ]
INFO: [ view_parse ] --END-- [ RunTime:0.008254s ]
INFO: [ view_filter ] --START--
INFO: Run Behavior\WriteHtmlCacheBehavior [ RunTime:0.000570s ]
INFO: [ view_filter ] --END-- [ RunTime:0.000650s ]
INFO: [ app_end ] --START--
INFO: Run Behavior\ShowPageTraceBehavior [ RunTime:0.000686s ]
INFO: [ app_end ] --END-- [ RunTime:0.000786s ]

[ 2018-03-28T16:35:57+08:00 ] ::1 /seoweb/seo/index.php?s=/Home/Savety
INFO: [ app_init ] --START--
INFO: Run Behavior\BuildLiteBehavior [ RunTime:0.000019s ]
INFO: [ app_init ] --END-- [ RunTime:0.000408s ]
INFO: [ app_begin ] --START--
INFO: Run Behavior\ReadHtmlCacheBehavior [ RunTime:0.000727s ]
INFO: [ app_begin ] --END-- [ RunTime:0.000909s ]
SQL: SHOW COLUMNS FROM `lianxi` [ RunTime:0.0052s ]
SQL: SELECT * FROM `lianxi` LIMIT 1   [ RunTime:0.0002s ]
SQL: SHOW COLUMNS FROM `alink` [ RunTime:0.0044s ]
SQL: SELECT * FROM `alink` WHERE `dd` = 1 ORDER BY id desc  [ RunTime:0.0003s ]
INFO: [ view_parse ] --START--
INFO: [ template_filter ] --START--
INFO: Run Behavior\ContentReplaceBehavior [ RunTime:0.000073s ]
INFO: [ template_filter ] --END-- [ RunTime:0.000161s ]
INFO: Run Behavior\ParseTemplateBehavior [ RunTime:0.017433s ]
INFO: [ view_parse ] --END-- [ RunTime:0.017529s ]
INFO: [ view_filter ] --START--
INFO: Run Behavior\WriteHtmlCacheBehavior [ RunTime:0.000488s ]
INFO: [ view_filter ] --END-- [ RunTime:0.000571s ]
INFO: [ app_end ] --START--
INFO: Run Behavior\ShowPageTraceBehavior [ RunTime:0.001077s ]
INFO: [ app_end ] --END-- [ RunTime:0.001213s ]

[ 2018-03-28T16:35:58+08:00 ] ::1 /seoweb/seo/index.php?s=/Home/Service
INFO: [ app_init ] --START--
INFO: Run Behavior\BuildLiteBehavior [ RunTime:0.000017s ]
INFO: [ app_init ] --END-- [ RunTime:0.000333s ]
INFO: [ app_begin ] --START--
INFO: Run Behavior\ReadHtmlCacheBehavior [ RunTime:0.000604s ]
INFO: [ app_begin ] --END-- [ RunTime:0.000685s ]
SQL: SHOW COLUMNS FROM `lianxi` [ RunTime:0.0088s ]
SQL: SELECT * FROM `lianxi` LIMIT 1   [ RunTime:0.0002s ]
SQL: SHOW COLUMNS FROM `alink` [ RunTime:0.0086s ]
SQL: SELECT * FROM `alink` WHERE `dd` = 1 ORDER BY id desc  [ RunTime:0.0003s ]
INFO: [ view_parse ] --START--
INFO: [ template_filter ] --START--
INFO: Run Behavior\ContentReplaceBehavior [ RunTime:0.000082s ]
INFO: [ template_filter ] --END-- [ RunTime:0.000167s ]
INFO: Run Behavior\ParseTemplateBehavior [ RunTime:0.018467s ]
INFO: [ view_parse ] --END-- [ RunTime:0.018566s ]
INFO: [ view_filter ] --START--
INFO: Run Behavior\WriteHtmlCacheBehavior [ RunTime:0.000566s ]
INFO: [ view_filter ] --END-- [ RunTime:0.000647s ]
INFO: [ app_end ] --START--
INFO: Run Behavior\ShowPageTraceBehavior [ RunTime:0.000698s ]
INFO: [ app_end ] --END-- [ RunTime:0.000783s ]

[ 2018-03-28T16:35:59+08:00 ] ::1 /seoweb/seo/index.php?s=/Home/Savety
INFO: [ app_init ] --START--
INFO: Run Behavior\BuildLiteBehavior [ RunTime:0.000020s ]
INFO: [ app_init ] --END-- [ RunTime:0.000416s ]
INFO: [ app_begin ] --START--
INFO: Run Behavior\ReadHtmlCacheBehavior [ RunTime:0.000556s ]
INFO: [ app_begin ] --END-- [ RunTime:0.000648s ]
SQL: SHOW COLUMNS FROM `lianxi` [ RunTime:0.0112s ]
SQL: SELECT * FROM `lianxi` LIMIT 1   [ RunTime:0.0002s ]
SQL: SHOW COLUMNS FROM `alink` [ RunTime:0.0069s ]
SQL: SELECT * FROM `alink` WHERE `dd` = 1 ORDER BY id desc  [ RunTime:0.0004s ]
INFO: [ view_parse ] --START--
INFO: [ template_filter ] --START--
INFO: Run Behavior\ContentReplaceBehavior [ RunTime:0.000073s ]
INFO: [ template_filter ] --END-- [ RunTime:0.000160s ]
INFO: Run Behavior\ParseTemplateBehavior [ RunTime:0.017533s ]
INFO: [ view_parse ] --END-- [ RunTime:0.017629s ]
INFO: [ view_filter ] --START--
INFO: Run Behavior\WriteHtmlCacheBehavior [ RunTime:0.000435s ]
INFO: [ view_filter ] --END-- [ RunTime:0.000516s ]
INFO: [ app_end ] --START--
INFO: Run Behavior\ShowPageTraceBehavior [ RunTime:0.000737s ]
INFO: [ app_end ] --END-- [ RunTime:0.000828s ]

[ 2018-03-28T16:35:59+08:00 ] ::1 /seoweb/seo/index.php?s=/Home/ProductLiangdian
INFO: [ app_init ] --START--
INFO: Run Behavior\BuildLiteBehavior [ RunTime:0.000022s ]
INFO: [ app_init ] --END-- [ RunTime:0.000456s ]
INFO: [ app_begin ] --START--
INFO: Run Behavior\ReadHtmlCacheBehavior [ RunTime:0.000701s ]
INFO: [ app_begin ] --END-- [ RunTime:0.000793s ]
SQL: SHOW COLUMNS FROM `lianxi` [ RunTime:0.0122s ]
SQL: SELECT * FROM `lianxi` LIMIT 1   [ RunTime:0.0002s ]
SQL: SHOW COLUMNS FROM `alink` [ RunTime:0.0050s ]
SQL: SELECT * FROM `alink` WHERE `dd` = 1 ORDER BY id desc  [ RunTime:0.0003s ]
INFO: [ view_parse ] --START--
INFO: [ template_filter ] --START--
INFO: Run Behavior\ContentReplaceBehavior [ RunTime:0.000070s ]
INFO: [ template_filter ] --END-- [ RunTime:0.000158s ]
INFO: Run Behavior\ParseTemplateBehavior [ RunTime:0.008743s ]
INFO: [ view_parse ] --END-- [ RunTime:0.008833s ]
INFO: [ view_filter ] --START--
INFO: Run Behavior\WriteHtmlCacheBehavior [ RunTime:0.000544s ]
INFO: [ view_filter ] --END-- [ RunTime:0.000630s ]
INFO: [ app_end ] --START--
INFO: Run Behavior\ShowPageTraceBehavior [ RunTime:0.000674s ]
INFO: [ app_end ] --END-- [ RunTime:0.000761s ]

[ 2018-03-28T16:36:00+08:00 ] ::1 /seoweb/seo/index.php?s=/Home/ProductSolution
INFO: [ app_init ] --START--
INFO: Run Behavior\BuildLiteBehavior [ RunTime:0.000018s ]
INFO: [ app_init ] --END-- [ RunTime:0.000420s ]
INFO: [ app_begin ] --START--
INFO: Run Behavior\ReadHtmlCacheBehavior [ RunTime:0.000537s ]
INFO: [ app_begin ] --END-- [ RunTime:0.000620s ]
SQL: SHOW COLUMNS FROM `lianxi` [ RunTime:0.0186s ]
SQL: SELECT * FROM `lianxi` LIMIT 1   [ RunTime:0.0002s ]
SQL: SHOW COLUMNS FROM `alink` [ RunTime:0.0072s ]
SQL: SELECT * FROM `alink` WHERE `dd` = 1 ORDER BY id desc  [ RunTime:0.0005s ]
SQL: SHOW COLUMNS FROM `bigad2` [ RunTime:0.0071s ]
SQL: SELECT * FROM `bigad2` WHERE `dd` = 1 ORDER BY id asc  [ RunTime:0.0003s ]
SQL: SHOW COLUMNS FROM `article` [ RunTime:0.0110s ]
SQL: SELECT * FROM `article` WHERE `aid` = 0 ORDER BY id desc LIMIT 1   [ RunTime:0.0005s ]
SQL: SELECT COUNT(*) AS tp_count FROM `article` WHERE `dd` = 1 LIMIT 1   [ RunTime:0.0004s ]
SQL: SELECT * FROM `article` WHERE `dd` = 1 ORDER BY id desc LIMIT 0,4   [ RunTime:0.0005s ]
INFO: [ view_parse ] --START--
INFO: [ template_filter ] --START--
INFO: Run Behavior\ContentReplaceBehavior [ RunTime:0.000170s ]
INFO: [ template_filter ] --END-- [ RunTime:0.000372s ]
INFO: Run Behavior\ParseTemplateBehavior [ RunTime:0.052194s ]
INFO: [ view_parse ] --END-- [ RunTime:0.052347s ]
INFO: [ view_filter ] --START--
INFO: Run Behavior\WriteHtmlCacheBehavior [ RunTime:0.000439s ]
INFO: [ view_filter ] --END-- [ RunTime:0.000519s ]
INFO: [ app_end ] --START--
INFO: Run Behavior\ShowPageTraceBehavior [ RunTime:0.000604s ]
INFO: [ app_end ] --END-- [ RunTime:0.000690s ]

[ 2018-03-28T16:36:01+08:00 ] ::1 /seoweb/seo/index.php?s=/Home/ProductLiangdian
INFO: [ app_init ] --START--
INFO: Run Behavior\BuildLiteBehavior [ RunTime:0.000017s ]
INFO: [ app_init ] --END-- [ RunTime:0.000338s ]
INFO: [ app_begin ] --START--
INFO: Run Behavior\ReadHtmlCacheBehavior [ RunTime:0.000679s ]
INFO: [ app_begin ] --END-- [ RunTime:0.000768s ]
SQL: SHOW COLUMNS FROM `lianxi` [ RunTime:0.0196s ]
SQL: SELECT * FROM `lianxi` LIMIT 1   [ RunTime:0.0001s ]
SQL: SHOW COLUMNS FROM `alink` [ RunTime:0.0069s ]
SQL: SELECT * FROM `alink` WHERE `dd` = 1 ORDER BY id desc  [ RunTime:0.0003s ]
INFO: [ view_parse ] --START--
INFO: [ template_filter ] --START--
INFO: Run Behavior\ContentReplaceBehavior [ RunTime:0.000070s ]
INFO: [ template_filter ] --END-- [ RunTime:0.000159s ]
INFO: Run Behavior\ParseTemplateBehavior [ RunTime:0.016203s ]
INFO: [ view_parse ] --END-- [ RunTime:0.016303s ]
INFO: [ view_filter ] --START--
INFO: Run Behavior\WriteHtmlCacheBehavior [ RunTime:0.000569s ]
INFO: [ view_filter ] --END-- [ RunTime:0.000656s ]
INFO: [ app_end ] --START--
INFO: Run Behavior\ShowPageTraceBehavior [ RunTime:0.000878s ]
INFO: [ app_end ] --END-- [ RunTime:0.001010s ]

[ 2018-03-28T16:36:01+08:00 ] ::1 /seoweb/seo/index.php?s=/Home/Savety
INFO: [ app_init ] --START--
INFO: Run Behavior\BuildLiteBehavior [ RunTime:0.000017s ]
INFO: [ app_init ] --END-- [ RunTime:0.000390s ]
INFO: [ app_begin ] --START--
INFO: Run Behavior\ReadHtmlCacheBehavior [ RunTime:0.000527s ]
INFO: [ app_begin ] --END-- [ RunTime:0.000608s ]
SQL: SHOW COLUMNS FROM `lianxi` [ RunTime:0.0049s ]
SQL: SELECT * FROM `lianxi` LIMIT 1   [ RunTime:0.0002s ]
SQL: SHOW COLUMNS FROM `alink` [ RunTime:0.0050s ]
SQL: SELECT * FROM `alink` WHERE `dd` = 1 ORDER BY id desc  [ RunTime:0.0003s ]
INFO: [ view_parse ] --START--
INFO: [ template_filter ] --START--
INFO: Run Behavior\ContentReplaceBehavior [ RunTime:0.000074s ]
INFO: [ template_filter ] --END-- [ RunTime:0.000160s ]
INFO: Run Behavior\ParseTemplateBehavior [ RunTime:0.017869s ]
INFO: [ view_parse ] --END-- [ RunTime:0.017963s ]
INFO: [ view_filter ] --START--
INFO: Run Behavior\WriteHtmlCacheBehavior [ RunTime:0.000387s ]
INFO: [ view_filter ] --END-- [ RunTime:0.000463s ]
INFO: [ app_end ] --START--
INFO: Run Behavior\ShowPageTraceBehavior [ RunTime:0.000652s ]
INFO: [ app_end ] --END-- [ RunTime:0.000742s ]

[ 2018-03-28T16:36:02+08:00 ] ::1 /seoweb/seo/index.php?s=/Home/Service
INFO: [ app_init ] --START--
INFO: Run Behavior\BuildLiteBehavior [ RunTime:0.000032s ]
INFO: [ app_init ] --END-- [ RunTime:0.000455s ]
INFO: [ app_begin ] --START--
INFO: Run Behavior\ReadHtmlCacheBehavior [ RunTime:0.000625s ]
INFO: [ app_begin ] --END-- [ RunTime:0.000726s ]
SQL: SHOW COLUMNS FROM `lianxi` [ RunTime:0.0094s ]
SQL: SELECT * FROM `lianxi` LIMIT 1   [ RunTime:0.0002s ]
SQL: SHOW COLUMNS FROM `alink` [ RunTime:0.0073s ]
SQL: SELECT * FROM `alink` WHERE `dd` = 1 ORDER BY id desc  [ RunTime:0.0004s ]
INFO: [ view_parse ] --START--
INFO: [ template_filter ] --START--
INFO: Run Behavior\ContentReplaceBehavior [ RunTime:0.000082s ]
INFO: [ template_filter ] --END-- [ RunTime:0.000167s ]
INFO: Run Behavior\ParseTemplateBehavior [ RunTime:0.017663s ]
INFO: [ view_parse ] --END-- [ RunTime:0.017783s ]
INFO: [ view_filter ] --START--
INFO: Run Behavior\WriteHtmlCacheBehavior [ RunTime:0.000555s ]
INFO: [ view_filter ] --END-- [ RunTime:0.000654s ]
INFO: [ app_end ] --START--
INFO: Run Behavior\ShowPageTraceBehavior [ RunTime:0.000737s ]
INFO: [ app_end ] --END-- [ RunTime:0.000822s ]

[ 2018-03-28T16:36:09+08:00 ] ::1 /seoweb/seo/index.php?s=/Home/Savety
INFO: [ app_init ] --START--
INFO: Run Behavior\BuildLiteBehavior [ RunTime:0.000020s ]
INFO: [ app_init ] --END-- [ RunTime:0.000568s ]
INFO: [ app_begin ] --START--
INFO: Run Behavior\ReadHtmlCacheBehavior [ RunTime:0.000525s ]
INFO: [ app_begin ] --END-- [ RunTime:0.000612s ]
SQL: SHOW COLUMNS FROM `lianxi` [ RunTime:0.0113s ]
SQL: SELECT * FROM `lianxi` LIMIT 1   [ RunTime:0.0002s ]
SQL: SHOW COLUMNS FROM `alink` [ RunTime:0.0078s ]
SQL: SELECT * FROM `alink` WHERE `dd` = 1 ORDER BY id desc  [ RunTime:0.0004s ]
INFO: [ view_parse ] --START--
INFO: [ template_filter ] --START--
INFO: Run Behavior\ContentReplaceBehavior [ RunTime:0.000073s ]
INFO: [ template_filter ] --END-- [ RunTime:0.000162s ]
INFO: Run Behavior\ParseTemplateBehavior [ RunTime:0.018733s ]
INFO: [ view_parse ] --END-- [ RunTime:0.018829s ]
INFO: [ view_filter ] --START--
INFO: Run Behavior\WriteHtmlCacheBehavior [ RunTime:0.000392s ]
INFO: [ view_filter ] --END-- [ RunTime:0.000468s ]
INFO: [ app_end ] --START--
INFO: Run Behavior\ShowPageTraceBehavior [ RunTime:0.000721s ]
INFO: [ app_end ] --END-- [ RunTime:0.000822s ]

[ 2018-03-28T16:36:10+08:00 ] ::1 /seoweb/seo/index.php?s=/Home/ProductLiangdian
INFO: [ app_init ] --START--
INFO: Run Behavior\BuildLiteBehavior [ RunTime:0.000025s ]
INFO: [ app_init ] --END-- [ RunTime:0.000535s ]
INFO: [ app_begin ] --START--
INFO: Run Behavior\ReadHtmlCacheBehavior [ RunTime:0.000556s ]
INFO: [ app_begin ] --END-- [ RunTime:0.000655s ]
SQL: SHOW COLUMNS FROM `lianxi` [ RunTime:0.0113s ]
SQL: SELECT * FROM `lianxi` LIMIT 1   [ RunTime:0.0003s ]
SQL: SHOW COLUMNS FROM `alink` [ RunTime:0.0070s ]
SQL: SELECT * FROM `alink` WHERE `dd` = 1 ORDER BY id desc  [ RunTime:0.0004s ]
INFO: [ view_parse ] --START--
INFO: [ template_filter ] --START--
INFO: Run Behavior\ContentReplaceBehavior [ RunTime:0.000075s ]
INFO: [ template_filter ] --END-- [ RunTime:0.000167s ]
INFO: Run Behavior\ParseTemplateBehavior [ RunTime:0.010328s ]
INFO: [ view_parse ] --END-- [ RunTime:0.010421s ]
INFO: [ view_filter ] --START--
INFO: Run Behavior\WriteHtmlCacheBehavior [ RunTime:0.000431s ]
INFO: [ view_filter ] --END-- [ RunTime:0.000512s ]
INFO: [ app_end ] --START--
INFO: Run Behavior\ShowPageTraceBehavior [ RunTime:0.000778s ]
INFO: [ app_end ] --END-- [ RunTime:0.000901s ]

[ 2018-03-28T16:36:11+08:00 ] ::1 /seoweb/seo/index.php?s=/Home/ProductSolution
INFO: [ app_init ] --START--
INFO: Run Behavior\BuildLiteBehavior [ RunTime:0.000030s ]
INFO: [ app_init ] --END-- [ RunTime:0.000454s ]
INFO: [ app_begin ] --START--
INFO: Run Behavior\ReadHtmlCacheBehavior [ RunTime:0.000534s ]
INFO: [ app_begin ] --END-- [ RunTime:0.000625s ]
SQL: SHOW COLUMNS FROM `lianxi` [ RunTime:0.0144s ]
SQL: SELECT * FROM `lianxi` LIMIT 1   [ RunTime:0.0002s ]
SQL: SHOW COLUMNS FROM `alink` [ RunTime:0.0050s ]
SQL: SELECT * FROM `alink` WHERE `dd` = 1 ORDER BY id desc  [ RunTime:0.0003s ]
SQL: SHOW COLUMNS FROM `bigad2` [ RunTime:0.0075s ]
SQL: SELECT * FROM `bigad2` WHERE `dd` = 1 ORDER BY id asc  [ RunTime:0.0003s ]
SQL: SHOW COLUMNS FROM `article` [ RunTime:0.0072s ]
SQL: SELECT * FROM `article` WHERE `aid` = 0 ORDER BY id desc LIMIT 1   [ RunTime:0.0003s ]
SQL: SELECT COUNT(*) AS tp_count FROM `article` WHERE `dd` = 1 LIMIT 1   [ RunTime:0.0002s ]
SQL: SELECT * FROM `article` WHERE `dd` = 1 ORDER BY id desc LIMIT 0,4   [ RunTime:0.0003s ]
INFO: [ view_parse ] --START--
INFO: [ template_filter ] --START--
INFO: Run Behavior\ContentReplaceBehavior [ RunTime:0.000078s ]
INFO: [ template_filter ] --END-- [ RunTime:0.000170s ]
INFO: Run Behavior\ParseTemplateBehavior [ RunTime:0.057768s ]
INFO: [ view_parse ] --END-- [ RunTime:0.057863s ]
INFO: [ view_filter ] --START--
INFO: Run Behavior\WriteHtmlCacheBehavior [ RunTime:0.000500s ]
INFO: [ view_filter ] --END-- [ RunTime:0.000581s ]
INFO: [ app_end ] --START--
INFO: Run Behavior\ShowPageTraceBehavior [ RunTime:0.000558s ]
INFO: [ app_end ] --END-- [ RunTime:0.000643s ]

[ 2018-03-28T16:36:11+08:00 ] ::1 /seoweb/seo/index.php?s=/Home/Index
INFO: [ app_init ] --START--
INFO: Run Behavior\BuildLiteBehavior [ RunTime:0.000018s ]
INFO: [ app_init ] --END-- [ RunTime:0.000412s ]
INFO: [ app_begin ] --START--
INFO: Run Behavior\ReadHtmlCacheBehavior [ RunTime:0.000529s ]
INFO: [ app_begin ] --END-- [ RunTime:0.000625s ]
SQL: SHOW COLUMNS FROM `lianxi` [ RunTime:0.0174s ]
SQL: SELECT * FROM `lianxi` LIMIT 1   [ RunTime:0.0002s ]
SQL: SHOW COLUMNS FROM `alink` [ RunTime:0.0072s ]
SQL: SELECT * FROM `alink` WHERE `dd` = 1 ORDER BY id desc  [ RunTime:0.0003s ]
INFO: [ view_parse ] --START--
INFO: [ template_filter ] --START--
INFO: Run Behavior\ContentReplaceBehavior [ RunTime:0.000102s ]
INFO: [ template_filter ] --END-- [ RunTime:0.000194s ]
INFO: Run Behavior\ParseTemplateBehavior [ RunTime:0.023123s ]
INFO: [ view_parse ] --END-- [ RunTime:0.023228s ]
INFO: [ view_filter ] --START--
INFO: Run Behavior\WriteHtmlCacheBehavior [ RunTime:0.000427s ]
INFO: [ view_filter ] --END-- [ RunTime:0.000509s ]
INFO: [ app_end ] --START--
INFO: Run Behavior\ShowPageTraceBehavior [ RunTime:0.000555s ]
INFO: [ app_end ] --END-- [ RunTime:0.000642s ]

[ 2018-03-28T16:36:33+08:00 ] ::1 /seoweb/seo/index.php?s=/Home/ProductSolution
INFO: [ app_init ] --START--
INFO: Run Behavior\BuildLiteBehavior [ RunTime:0.000019s ]
INFO: [ app_init ] --END-- [ RunTime:0.000364s ]
INFO: [ app_begin ] --START--
INFO: Run Behavior\ReadHtmlCacheBehavior [ RunTime:0.000545s ]
INFO: [ app_begin ] --END-- [ RunTime:0.000634s ]
SQL: SHOW COLUMNS FROM `lianxi` [ RunTime:0.0101s ]
SQL: SELECT * FROM `lianxi` LIMIT 1   [ RunTime:0.0001s ]
SQL: SHOW COLUMNS FROM `alink` [ RunTime:0.0077s ]
SQL: SELECT * FROM `alink` WHERE `dd` = 1 ORDER BY id desc  [ RunTime:0.0003s ]
SQL: SHOW COLUMNS FROM `bigad2` [ RunTime:0.0068s ]
SQL: SELECT * FROM `bigad2` WHERE `dd` = 1 ORDER BY id asc  [ RunTime:0.0003s ]
SQL: SHOW COLUMNS FROM `article` [ RunTime:0.0073s ]
SQL: SELECT * FROM `article` WHERE `aid` = 0 ORDER BY id desc LIMIT 1   [ RunTime:0.0003s ]
SQL: SELECT COUNT(*) AS tp_count FROM `article` WHERE `dd` = 1 LIMIT 1   [ RunTime:0.0001s ]
SQL: SELECT * FROM `article` WHERE `dd` = 1 ORDER BY id desc LIMIT 0,4   [ RunTime:0.0001s ]
INFO: [ view_parse ] --START--
INFO: [ template_filter ] --START--
INFO: Run Behavior\ContentReplaceBehavior [ RunTime:0.000076s ]
INFO: [ template_filter ] --END-- [ RunTime:0.000161s ]
INFO: Run Behavior\ParseTemplateBehavior [ RunTime:0.040906s ]
INFO: [ view_parse ] --END-- [ RunTime:0.041001s ]
INFO: [ view_filter ] --START--
INFO: Run Behavior\WriteHtmlCacheBehavior [ RunTime:0.000429s ]
INFO: [ view_filter ] --END-- [ RunTime:0.000510s ]
INFO: [ app_end ] --START--
INFO: Run Behavior\ShowPageTraceBehavior [ RunTime:0.000549s ]
INFO: [ app_end ] --END-- [ RunTime:0.000633s ]

[ 2018-03-28T16:38:09+08:00 ] ::1 /seoweb/seo/index.php?s=/Home/ProductSolution/index/id/46/ids/1.html
INFO: [ app_init ] --START--
INFO: Run Behavior\BuildLiteBehavior [ RunTime:0.000019s ]
INFO: [ app_init ] --END-- [ RunTime:0.000365s ]
INFO: [ app_begin ] --START--
INFO: Run Behavior\ReadHtmlCacheBehavior [ RunTime:0.000699s ]
INFO: [ app_begin ] --END-- [ RunTime:0.000788s ]
SQL: SHOW COLUMNS FROM `lianxi` [ RunTime:0.0113s ]
SQL: SELECT * FROM `lianxi` LIMIT 1   [ RunTime:0.0002s ]
SQL: SHOW COLUMNS FROM `alink` [ RunTime:0.0063s ]
SQL: SELECT * FROM `alink` WHERE `dd` = 1 ORDER BY id desc  [ RunTime:0.0004s ]
SQL: SHOW COLUMNS FROM `bigad2` [ RunTime:0.0079s ]
SQL: SELECT * FROM `bigad2` WHERE `dd` = 1 ORDER BY id asc  [ RunTime:0.0002s ]
SQL: SHOW COLUMNS FROM `article` [ RunTime:0.0070s ]
SQL: SELECT * FROM `article` WHERE `id` = 46 ORDER BY id desc LIMIT 1   [ RunTime:0.0003s ]
SQL: SELECT COUNT(*) AS tp_count FROM `article` WHERE `dd` = 1 LIMIT 1   [ RunTime:0.0003s ]
SQL: SELECT * FROM `article` WHERE `dd` = 1 ORDER BY id desc LIMIT 0,4   [ RunTime:0.0002s ]
INFO: [ view_parse ] --START--
INFO: [ template_filter ] --START--
INFO: Run Behavior\ContentReplaceBehavior [ RunTime:0.000075s ]
INFO: [ template_filter ] --END-- [ RunTime:0.000162s ]
INFO: Run Behavior\ParseTemplateBehavior [ RunTime:0.038064s ]
INFO: [ view_parse ] --END-- [ RunTime:0.038170s ]
INFO: [ view_filter ] --START--
INFO: Run Behavior\WriteHtmlCacheBehavior [ RunTime:0.000591s ]
INFO: [ view_filter ] --END-- [ RunTime:0.000674s ]
INFO: [ app_end ] --START--
INFO: Run Behavior\ShowPageTraceBehavior [ RunTime:0.000679s ]
INFO: [ app_end ] --END-- [ RunTime:0.000764s ]

[ 2018-03-28T16:38:11+08:00 ] ::1 /seoweb/seo/index.php?s=/Home/ProductSolution/index/id/1.html
INFO: [ app_init ] --START--
INFO: Run Behavior\BuildLiteBehavior [ RunTime:0.000019s ]
INFO: [ app_init ] --END-- [ RunTime:0.000372s ]
INFO: [ app_begin ] --START--
INFO: Run Behavior\ReadHtmlCacheBehavior [ RunTime:0.000658s ]
INFO: [ app_begin ] --END-- [ RunTime:0.000745s ]
SQL: SHOW COLUMNS FROM `lianxi` [ RunTime:0.0183s ]
SQL: SELECT * FROM `lianxi` LIMIT 1   [ RunTime:0.0002s ]
SQL: SHOW COLUMNS FROM `alink` [ RunTime:0.0067s ]
SQL: SELECT * FROM `alink` WHERE `dd` = 1 ORDER BY id desc  [ RunTime:0.0004s ]
SQL: SHOW COLUMNS FROM `bigad2` [ RunTime:0.0081s ]
SQL: SELECT * FROM `bigad2` WHERE `dd` = 1 ORDER BY id asc  [ RunTime:0.0002s ]
SQL: SHOW COLUMNS FROM `article` [ RunTime:0.0086s ]
SQL: SELECT * FROM `article` WHERE `aid` = 1 ORDER BY id desc LIMIT 1   [ RunTime:0.0003s ]
SQL: SELECT COUNT(*) AS tp_count FROM `article` WHERE `dd` = 1 LIMIT 1   [ RunTime:0.0002s ]
SQL: SELECT * FROM `article` WHERE `dd` = 1 ORDER BY id desc LIMIT 0,4   [ RunTime:0.0002s ]
INFO: [ view_parse ] --START--
INFO: [ template_filter ] --START--
INFO: Run Behavior\ContentReplaceBehavior [ RunTime:0.000072s ]
INFO: [ template_filter ] --END-- [ RunTime:0.000154s ]
INFO: Run Behavior\ParseTemplateBehavior [ RunTime:0.038303s ]
INFO: [ view_parse ] --END-- [ RunTime:0.038399s ]
INFO: [ view_filter ] --START--
INFO: Run Behavior\WriteHtmlCacheBehavior [ RunTime:0.000571s ]
INFO: [ view_filter ] --END-- [ RunTime:0.000651s ]
INFO: [ app_end ] --START--
INFO: Run Behavior\ShowPageTraceBehavior [ RunTime:0.000674s ]
INFO: [ app_end ] --END-- [ RunTime:0.000757s ]

[ 2018-03-28T16:38:12+08:00 ] ::1 /seoweb/seo/index.php?s=/Home/ProductSolution/index/id/3.html
INFO: [ app_init ] --START--
INFO: Run Behavior\BuildLiteBehavior [ RunTime:0.000019s ]
INFO: [ app_init ] --END-- [ RunTime:0.000366s ]
INFO: [ app_begin ] --START--
INFO: Run Behavior\ReadHtmlCacheBehavior [ RunTime:0.000670s ]
INFO: [ app_begin ] --END-- [ RunTime:0.000758s ]
SQL: SHOW COLUMNS FROM `lianxi` [ RunTime:0.0168s ]
SQL: SELECT * FROM `lianxi` LIMIT 1   [ RunTime:0.0002s ]
SQL: SHOW COLUMNS FROM `alink` [ RunTime:0.0072s ]
SQL: SELECT * FROM `alink` WHERE `dd` = 1 ORDER BY id desc  [ RunTime:0.0004s ]
SQL: SHOW COLUMNS FROM `bigad2` [ RunTime:0.0066s ]
SQL: SELECT * FROM `bigad2` WHERE `dd` = 1 ORDER BY id asc  [ RunTime:0.0003s ]
SQL: SHOW COLUMNS FROM `article` [ RunTime:0.0090s ]
SQL: SELECT * FROM `article` WHERE `aid` = 3 ORDER BY id desc LIMIT 1   [ RunTime:0.0002s ]
SQL: SELECT COUNT(*) AS tp_count FROM `article` WHERE `dd` = 1 LIMIT 1   [ RunTime:0.0002s ]
SQL: SELECT * FROM `article` WHERE `dd` = 1 ORDER BY id desc LIMIT 0,4   [ RunTime:0.0002s ]
INFO: [ view_parse ] --START--
INFO: [ template_filter ] --START--
INFO: Run Behavior\ContentReplaceBehavior [ RunTime:0.000118s ]
INFO: [ template_filter ] --END-- [ RunTime:0.000248s ]
INFO: Run Behavior\ParseTemplateBehavior [ RunTime:0.038001s ]
INFO: [ view_parse ] --END-- [ RunTime:0.038104s ]
INFO: [ view_filter ] --START--
INFO: Run Behavior\WriteHtmlCacheBehavior [ RunTime:0.000567s ]
INFO: [ view_filter ] --END-- [ RunTime:0.000648s ]
INFO: [ app_end ] --START--
INFO: Run Behavior\ShowPageTraceBehavior [ RunTime:0.000672s ]
INFO: [ app_end ] --END-- [ RunTime:0.000756s ]

[ 2018-03-28T16:38:13+08:00 ] ::1 /seoweb/seo/index.php?s=/Home/ProductSolution/index/id/4.html
INFO: [ app_init ] --START--
INFO: Run Behavior\BuildLiteBehavior [ RunTime:0.000019s ]
INFO: [ app_init ] --END-- [ RunTime:0.000379s ]
INFO: [ app_begin ] --START--
INFO: Run Behavior\ReadHtmlCacheBehavior [ RunTime:0.000654s ]
INFO: [ app_begin ] --END-- [ RunTime:0.000734s ]
SQL: SHOW COLUMNS FROM `lianxi` [ RunTime:0.0111s ]
SQL: SELECT * FROM `lianxi` LIMIT 1   [ RunTime:0.0002s ]
SQL: SHOW COLUMNS FROM `alink` [ RunTime:0.0090s ]
SQL: SELECT * FROM `alink` WHERE `dd` = 1 ORDER BY id desc  [ RunTime:0.0004s ]
SQL: SHOW COLUMNS FROM `bigad2` [ RunTime:0.0070s ]
SQL: SELECT * FROM `bigad2` WHERE `dd` = 1 ORDER BY id asc  [ RunTime:0.0003s ]
SQL: SHOW COLUMNS FROM `article` [ RunTime:0.0080s ]
SQL: SELECT * FROM `article` WHERE `aid` = 4 ORDER BY id desc LIMIT 1   [ RunTime:0.0003s ]
SQL: SELECT COUNT(*) AS tp_count FROM `article` WHERE `dd` = 1 LIMIT 1   [ RunTime:0.0002s ]
SQL: SELECT * FROM `article` WHERE `dd` = 1 ORDER BY id desc LIMIT 0,4   [ RunTime:0.0003s ]
INFO: [ view_parse ] --START--
INFO: [ template_filter ] --START--
INFO: Run Behavior\ContentReplaceBehavior [ RunTime:0.000087s ]
INFO: [ template_filter ] --END-- [ RunTime:0.000184s ]
INFO: Run Behavior\ParseTemplateBehavior [ RunTime:0.039993s ]
INFO: [ view_parse ] --END-- [ RunTime:0.040091s ]
INFO: [ view_filter ] --START--
INFO: Run Behavior\WriteHtmlCacheBehavior [ RunTime:0.000707s ]
INFO: [ view_filter ] --END-- [ RunTime:0.000825s ]
INFO: [ app_end ] --START--
INFO: Run Behavior\ShowPageTraceBehavior [ RunTime:0.001352s ]
INFO: [ app_end ] --END-- [ RunTime:0.001503s ]

[ 2018-03-28T16:38:15+08:00 ] ::1 /seoweb/seo/index.php?s=/Home/ProductSolution
INFO: [ app_init ] --START--
INFO: Run Behavior\BuildLiteBehavior [ RunTime:0.000020s ]
INFO: [ app_init ] --END-- [ RunTime:0.000383s ]
INFO: [ app_begin ] --START--
INFO: Run Behavior\ReadHtmlCacheBehavior [ RunTime:0.000656s ]
INFO: [ app_begin ] --END-- [ RunTime:0.000745s ]
SQL: SHOW COLUMNS FROM `lianxi` [ RunTime:0.0108s ]
SQL: SELECT * FROM `lianxi` LIMIT 1   [ RunTime:0.0002s ]
SQL: SHOW COLUMNS FROM `alink` [ RunTime:0.0069s ]
SQL: SELECT * FROM `alink` WHERE `dd` = 1 ORDER BY id desc  [ RunTime:0.0009s ]
SQL: SHOW COLUMNS FROM `bigad2` [ RunTime:0.0078s ]
SQL: SELECT * FROM `bigad2` WHERE `dd` = 1 ORDER BY id asc  [ RunTime:0.0003s ]
SQL: SHOW COLUMNS FROM `article` [ RunTime:0.0085s ]
SQL: SELECT * FROM `article` WHERE `aid` = 0 ORDER BY id desc LIMIT 1   [ RunTime:0.0002s ]
SQL: SELECT COUNT(*) AS tp_count FROM `article` WHERE `dd` = 1 LIMIT 1   [ RunTime:0.0001s ]
SQL: SELECT * FROM `article` WHERE `dd` = 1 ORDER BY id desc LIMIT 0,4   [ RunTime:0.0001s ]
INFO: [ view_parse ] --START--
INFO: [ template_filter ] --START--
INFO: Run Behavior\ContentReplaceBehavior [ RunTime:0.000074s ]
INFO: [ template_filter ] --END-- [ RunTime:0.000158s ]
INFO: Run Behavior\ParseTemplateBehavior [ RunTime:0.041792s ]
INFO: [ view_parse ] --END-- [ RunTime:0.041888s ]
INFO: [ view_filter ] --START--
INFO: Run Behavior\WriteHtmlCacheBehavior [ RunTime:0.000588s ]
INFO: [ view_filter ] --END-- [ RunTime:0.000670s ]
INFO: [ app_end ] --START--
INFO: Run Behavior\ShowPageTraceBehavior [ RunTime:0.000699s ]
INFO: [ app_end ] --END-- [ RunTime:0.000784s ]

[ 2018-03-28T16:38:18+08:00 ] ::1 /seoweb/seo/index.php?s=/Home/ProductSolution/index/id/43/ids/1.html
INFO: [ app_init ] --START--
INFO: Run Behavior\BuildLiteBehavior [ RunTime:0.000021s ]
INFO: [ app_init ] --END-- [ RunTime:0.000377s ]
INFO: [ app_begin ] --START--
INFO: Run Behavior\ReadHtmlCacheBehavior [ RunTime:0.000678s ]
INFO: [ app_begin ] --END-- [ RunTime:0.000770s ]
SQL: SHOW COLUMNS FROM `lianxi` [ RunTime:0.0173s ]
SQL: SELECT * FROM `lianxi` LIMIT 1   [ RunTime:0.0002s ]
SQL: SHOW COLUMNS FROM `alink` [ RunTime:0.0069s ]
SQL: SELECT * FROM `alink` WHERE `dd` = 1 ORDER BY id desc  [ RunTime:0.0004s ]
SQL: SHOW COLUMNS FROM `bigad2` [ RunTime:0.0067s ]
SQL: SELECT * FROM `bigad2` WHERE `dd` = 1 ORDER BY id asc  [ RunTime:0.0002s ]
SQL: SHOW COLUMNS FROM `article` [ RunTime:0.0073s ]
SQL: SELECT * FROM `article` WHERE `id` = 43 ORDER BY id desc LIMIT 1   [ RunTime:0.0003s ]
SQL: SELECT COUNT(*) AS tp_count FROM `article` WHERE `dd` = 1 LIMIT 1   [ RunTime:0.0002s ]
SQL: SELECT * FROM `article` WHERE `dd` = 1 ORDER BY id desc LIMIT 0,4   [ RunTime:0.0002s ]
INFO: [ view_parse ] --START--
INFO: [ template_filter ] --START--
INFO: Run Behavior\ContentReplaceBehavior [ RunTime:0.000080s ]
INFO: [ template_filter ] --END-- [ RunTime:0.000170s ]
INFO: Run Behavior\ParseTemplateBehavior [ RunTime:0.055752s ]
INFO: [ view_parse ] --END-- [ RunTime:0.055846s ]
INFO: [ view_filter ] --START--
INFO: Run Behavior\WriteHtmlCacheBehavior [ RunTime:0.000581s ]
INFO: [ view_filter ] --END-- [ RunTime:0.000664s ]
INFO: [ app_end ] --START--
INFO: Run Behavior\ShowPageTraceBehavior [ RunTime:0.000685s ]
INFO: [ app_end ] --END-- [ RunTime:0.000768s ]

[ 2018-03-28T16:38:20+08:00 ] ::1 /seoweb/seo/index.php?s=/Home/ProductSolution/index/id/4.html
INFO: [ app_init ] --START--
INFO: Run Behavior\BuildLiteBehavior [ RunTime:0.000020s ]
INFO: [ app_init ] --END-- [ RunTime:0.000406s ]
INFO: [ app_begin ] --START--
INFO: Run Behavior\ReadHtmlCacheBehavior [ RunTime:0.000676s ]
INFO: [ app_begin ] --END-- [ RunTime:0.000767s ]
SQL: SHOW COLUMNS FROM `lianxi` [ RunTime:0.0167s ]
SQL: SELECT * FROM `lianxi` LIMIT 1   [ RunTime:0.0002s ]
SQL: SHOW COLUMNS FROM `alink` [ RunTime:0.0086s ]
SQL: SELECT * FROM `alink` WHERE `dd` = 1 ORDER BY id desc  [ RunTime:0.0004s ]
SQL: SHOW COLUMNS FROM `bigad2` [ RunTime:0.0069s ]
SQL: SELECT * FROM `bigad2` WHERE `dd` = 1 ORDER BY id asc  [ RunTime:0.0002s ]
SQL: SHOW COLUMNS FROM `article` [ RunTime:0.0077s ]
SQL: SELECT * FROM `article` WHERE `aid` = 4 ORDER BY id desc LIMIT 1   [ RunTime:0.0003s ]
SQL: SELECT COUNT(*) AS tp_count FROM `article` WHERE `dd` = 1 LIMIT 1   [ RunTime:0.0002s ]
SQL: SELECT * FROM `article` WHERE `dd` = 1 ORDER BY id desc LIMIT 0,4   [ RunTime:0.0003s ]
INFO: [ view_parse ] --START--
INFO: [ template_filter ] --START--
INFO: Run Behavior\ContentReplaceBehavior [ RunTime:0.000078s ]
INFO: [ template_filter ] --END-- [ RunTime:0.000163s ]
INFO: Run Behavior\ParseTemplateBehavior [ RunTime:0.048432s ]
INFO: [ view_parse ] --END-- [ RunTime:0.048535s ]
INFO: [ view_filter ] --START--
INFO: Run Behavior\WriteHtmlCacheBehavior [ RunTime:0.000585s ]
INFO: [ view_filter ] --END-- [ RunTime:0.000672s ]
INFO: [ app_end ] --START--
INFO: Run Behavior\ShowPageTraceBehavior [ RunTime:0.000720s ]
INFO: [ app_end ] --END-- [ RunTime:0.000830s ]

[ 2018-03-28T16:38:22+08:00 ] ::1 /seoweb/seo/index.php?s=/Home/ProductSolution/index/id/3.html
INFO: [ app_init ] --START--
INFO: Run Behavior\BuildLiteBehavior [ RunTime:0.000017s ]
INFO: [ app_init ] --END-- [ RunTime:0.000377s ]
INFO: [ app_begin ] --START--
INFO: Run Behavior\ReadHtmlCacheBehavior [ RunTime:0.001071s ]
INFO: [ app_begin ] --END-- [ RunTime:0.001156s ]
SQL: SHOW COLUMNS FROM `lianxi` [ RunTime:0.0117s ]
SQL: SELECT * FROM `lianxi` LIMIT 1   [ RunTime:0.0002s ]
SQL: SHOW COLUMNS FROM `alink` [ RunTime:0.0067s ]
SQL: SELECT * FROM `alink` WHERE `dd` = 1 ORDER BY id desc  [ RunTime:0.0003s ]
SQL: SHOW COLUMNS FROM `bigad2` [ RunTime:0.0076s ]
SQL: SELECT * FROM `bigad2` WHERE `dd` = 1 ORDER BY id asc  [ RunTime:0.0002s ]
SQL: SHOW COLUMNS FROM `article` [ RunTime:0.0072s ]
SQL: SELECT * FROM `article` WHERE `aid` = 3 ORDER BY id desc LIMIT 1   [ RunTime:0.0003s ]
SQL: SELECT COUNT(*) AS tp_count FROM `article` WHERE `dd` = 1 LIMIT 1   [ RunTime:0.0002s ]
SQL: SELECT * FROM `article` WHERE `dd` = 1 ORDER BY id desc LIMIT 0,4   [ RunTime:0.0002s ]
INFO: [ view_parse ] --START--
INFO: [ template_filter ] --START--
INFO: Run Behavior\ContentReplaceBehavior [ RunTime:0.000078s ]
INFO: [ template_filter ] --END-- [ RunTime:0.000168s ]
INFO: Run Behavior\ParseTemplateBehavior [ RunTime:0.037267s ]
INFO: [ view_parse ] --END-- [ RunTime:0.037365s ]
INFO: [ view_filter ] --START--
INFO: Run Behavior\WriteHtmlCacheBehavior [ RunTime:0.000697s ]
INFO: [ view_filter ] --END-- [ RunTime:0.000784s ]
INFO: [ app_end ] --START--
INFO: Run Behavior\ShowPageTraceBehavior [ RunTime:0.000676s ]
INFO: [ app_end ] --END-- [ RunTime:0.000761s ]

[ 2018-03-28T16:38:23+08:00 ] ::1 /seoweb/seo/index.php?s=/Home/ProductSolution/index/id/2.html
INFO: [ app_init ] --START--
INFO: Run Behavior\BuildLiteBehavior [ RunTime:0.000019s ]
INFO: [ app_init ] --END-- [ RunTime:0.000379s ]
INFO: [ app_begin ] --START--
INFO: Run Behavior\ReadHtmlCacheBehavior [ RunTime:0.000681s ]
INFO: [ app_begin ] --END-- [ RunTime:0.000768s ]
SQL: SHOW COLUMNS FROM `lianxi` [ RunTime:0.0136s ]
SQL: SELECT * FROM `lianxi` LIMIT 1   [ RunTime:0.0001s ]
SQL: SHOW COLUMNS FROM `alink` [ RunTime:0.0075s ]
SQL: SELECT * FROM `alink` WHERE `dd` = 1 ORDER BY id desc  [ RunTime:0.0005s ]
SQL: SHOW COLUMNS FROM `bigad2` [ RunTime:0.0081s ]
SQL: SELECT * FROM `bigad2` WHERE `dd` = 1 ORDER BY id asc  [ RunTime:0.0002s ]
SQL: SHOW COLUMNS FROM `article` [ RunTime:0.0079s ]
SQL: SELECT * FROM `article` WHERE `aid` = 2 ORDER BY id desc LIMIT 1   [ RunTime:0.0003s ]
SQL: SELECT COUNT(*) AS tp_count FROM `article` WHERE `dd` = 1 LIMIT 1   [ RunTime:0.0002s ]
SQL: SELECT * FROM `article` WHERE `dd` = 1 ORDER BY id desc LIMIT 0,4   [ RunTime:0.0002s ]
INFO: [ view_parse ] --START--
INFO: [ template_filter ] --START--
INFO: Run Behavior\ContentReplaceBehavior [ RunTime:0.000079s ]
INFO: [ template_filter ] --END-- [ RunTime:0.000164s ]
INFO: Run Behavior\ParseTemplateBehavior [ RunTime:0.040153s ]
INFO: [ view_parse ] --END-- [ RunTime:0.040247s ]
INFO: [ view_filter ] --START--
INFO: Run Behavior\WriteHtmlCacheBehavior [ RunTime:0.000562s ]
INFO: [ view_filter ] --END-- [ RunTime:0.000643s ]
INFO: [ app_end ] --START--
INFO: Run Behavior\ShowPageTraceBehavior [ RunTime:0.000664s ]
INFO: [ app_end ] --END-- [ RunTime:0.000754s ]

[ 2018-03-28T16:38:24+08:00 ] ::1 /seoweb/seo/index.php?s=/Home/ProductSolution/index/id/1.html
INFO: [ app_init ] --START--
INFO: Run Behavior\BuildLiteBehavior [ RunTime:0.000019s ]
INFO: [ app_init ] --END-- [ RunTime:0.000370s ]
INFO: [ app_begin ] --START--
INFO: Run Behavior\ReadHtmlCacheBehavior [ RunTime:0.000673s ]
INFO: [ app_begin ] --END-- [ RunTime:0.000768s ]
SQL: SHOW COLUMNS FROM `lianxi` [ RunTime:0.0172s ]
SQL: SELECT * FROM `lianxi` LIMIT 1   [ RunTime:0.0003s ]
SQL: SHOW COLUMNS FROM `alink` [ RunTime:0.0080s ]
SQL: SELECT * FROM `alink` WHERE `dd` = 1 ORDER BY id desc  [ RunTime:0.0003s ]
SQL: SHOW COLUMNS FROM `bigad2` [ RunTime:0.0067s ]
SQL: SELECT * FROM `bigad2` WHERE `dd` = 1 ORDER BY id asc  [ RunTime:0.0003s ]
SQL: SHOW COLUMNS FROM `article` [ RunTime:0.0089s ]
SQL: SELECT * FROM `article` WHERE `aid` = 1 ORDER BY id desc LIMIT 1   [ RunTime:0.0002s ]
SQL: SELECT COUNT(*) AS tp_count FROM `article` WHERE `dd` = 1 LIMIT 1   [ RunTime:0.0003s ]
SQL: SELECT * FROM `article` WHERE `dd` = 1 ORDER BY id desc LIMIT 0,4   [ RunTime:0.0003s ]
INFO: [ view_parse ] --START--
INFO: [ template_filter ] --START--
INFO: Run Behavior\ContentReplaceBehavior [ RunTime:0.000178s ]
INFO: [ template_filter ] --END-- [ RunTime:0.000379s ]
INFO: Run Behavior\ParseTemplateBehavior [ RunTime:0.056342s ]
INFO: [ view_parse ] --END-- [ RunTime:0.056513s ]
INFO: [ view_filter ] --START--
INFO: Run Behavior\WriteHtmlCacheBehavior [ RunTime:0.001108s ]
INFO: [ view_filter ] --END-- [ RunTime:0.001230s ]
INFO: [ app_end ] --START--
INFO: Run Behavior\ShowPageTraceBehavior [ RunTime:0.001189s ]
INFO: [ app_end ] --END-- [ RunTime:0.001337s ]

[ 2018-03-28T16:38:27+08:00 ] ::1 /seoweb/seo/index.php?s=/Home/ProductSolution
INFO: [ app_init ] --START--
INFO: Run Behavior\BuildLiteBehavior [ RunTime:0.000020s ]
INFO: [ app_init ] --END-- [ RunTime:0.000376s ]
INFO: [ app_begin ] --START--
INFO: Run Behavior\ReadHtmlCacheBehavior [ RunTime:0.000659s ]
INFO: [ app_begin ] --END-- [ RunTime:0.000747s ]
SQL: SHOW COLUMNS FROM `lianxi` [ RunTime:0.0114s ]
SQL: SELECT * FROM `lianxi` LIMIT 1   [ RunTime:0.0002s ]
SQL: SHOW COLUMNS FROM `alink` [ RunTime:0.0108s ]
SQL: SELECT * FROM `alink` WHERE `dd` = 1 ORDER BY id desc  [ RunTime:0.0003s ]
SQL: SHOW COLUMNS FROM `bigad2` [ RunTime:0.0071s ]
SQL: SELECT * FROM `bigad2` WHERE `dd` = 1 ORDER BY id asc  [ RunTime:0.0003s ]
SQL: SHOW COLUMNS FROM `article` [ RunTime:0.0071s ]
SQL: SELECT * FROM `article` WHERE `aid` = 0 ORDER BY id desc LIMIT 1   [ RunTime:0.0003s ]
SQL: SELECT COUNT(*) AS tp_count FROM `article` WHERE `dd` = 1 LIMIT 1   [ RunTime:0.0002s ]
SQL: SELECT * FROM `article` WHERE `dd` = 1 ORDER BY id desc LIMIT 0,4   [ RunTime:0.0003s ]
INFO: [ view_parse ] --START--
INFO: [ template_filter ] --START--
INFO: Run Behavior\ContentReplaceBehavior [ RunTime:0.000074s ]
INFO: [ template_filter ] --END-- [ RunTime:0.000158s ]
INFO: Run Behavior\ParseTemplateBehavior [ RunTime:0.039900s ]
INFO: [ view_parse ] --END-- [ RunTime:0.039997s ]
INFO: [ view_filter ] --START--
INFO: Run Behavior\WriteHtmlCacheBehavior [ RunTime:0.000599s ]
INFO: [ view_filter ] --END-- [ RunTime:0.000750s ]
INFO: [ app_end ] --START--
INFO: Run Behavior\ShowPageTraceBehavior [ RunTime:0.001730s ]
INFO: [ app_end ] --END-- [ RunTime:0.001941s ]

[ 2018-03-28T16:38:30+08:00 ] ::1 /seoweb/seo/index.php?s=/Home/ProductSolution/index/pa/1/page/4.html
INFO: [ app_init ] --START--
INFO: Run Behavior\BuildLiteBehavior [ RunTime:0.000018s ]
INFO: [ app_init ] --END-- [ RunTime:0.000377s ]
INFO: [ app_begin ] --START--
INFO: Run Behavior\ReadHtmlCacheBehavior [ RunTime:0.000654s ]
INFO: [ app_begin ] --END-- [ RunTime:0.000747s ]
SQL: SHOW COLUMNS FROM `lianxi` [ RunTime:0.0232s ]
SQL: SELECT * FROM `lianxi` LIMIT 1   [ RunTime:0.0002s ]
SQL: SHOW COLUMNS FROM `alink` [ RunTime:0.0082s ]
SQL: SELECT * FROM `alink` WHERE `dd` = 1 ORDER BY id desc  [ RunTime:0.0004s ]
SQL: SHOW COLUMNS FROM `bigad2` [ RunTime:0.0073s ]
SQL: SELECT * FROM `bigad2` WHERE `dd` = 1 ORDER BY id asc  [ RunTime:0.0002s ]
SQL: SHOW COLUMNS FROM `article` [ RunTime:0.0077s ]
SQL: SELECT * FROM `article` WHERE `aid` = 0 ORDER BY id desc LIMIT 1   [ RunTime:0.0003s ]
SQL: SELECT COUNT(*) AS tp_count FROM `article` WHERE `dd` = 1 LIMIT 1   [ RunTime:0.0002s ]
SQL: SELECT * FROM `article` WHERE `dd` = 1 ORDER BY id desc LIMIT 4,4   [ RunTime:0.0003s ]
INFO: [ view_parse ] --START--
INFO: [ template_filter ] --START--
INFO: Run Behavior\ContentReplaceBehavior [ RunTime:0.000079s ]
INFO: [ template_filter ] --END-- [ RunTime:0.000163s ]
INFO: Run Behavior\ParseTemplateBehavior [ RunTime:0.038819s ]
INFO: [ view_parse ] --END-- [ RunTime:0.038923s ]
INFO: [ view_filter ] --START--
INFO: Run Behavior\WriteHtmlCacheBehavior [ RunTime:0.000598s ]
INFO: [ view_filter ] --END-- [ RunTime:0.000679s ]
INFO: [ app_end ] --START--
INFO: Run Behavior\ShowPageTraceBehavior [ RunTime:0.000730s ]
INFO: [ app_end ] --END-- [ RunTime:0.000811s ]

[ 2018-03-28T16:38:33+08:00 ] ::1 /seoweb/seo/index.php?s=/Home/ProductSolution/index/pa/2/page/4.html
INFO: [ app_init ] --START--
INFO: Run Behavior\BuildLiteBehavior [ RunTime:0.000019s ]
INFO: [ app_init ] --END-- [ RunTime:0.000359s ]
INFO: [ app_begin ] --START--
INFO: Run Behavior\ReadHtmlCacheBehavior [ RunTime:0.000633s ]
INFO: [ app_begin ] --END-- [ RunTime:0.000731s ]
SQL: SHOW COLUMNS FROM `lianxi` [ RunTime:0.0116s ]
SQL: SELECT * FROM `lianxi` LIMIT 1   [ RunTime:0.0002s ]
SQL: SHOW COLUMNS FROM `alink` [ RunTime:0.0078s ]
SQL: SELECT * FROM `alink` WHERE `dd` = 1 ORDER BY id desc  [ RunTime:0.0003s ]
SQL: SHOW COLUMNS FROM `bigad2` [ RunTime:0.0069s ]
SQL: SELECT * FROM `bigad2` WHERE `dd` = 1 ORDER BY id asc  [ RunTime:0.0003s ]
SQL: SHOW COLUMNS FROM `article` [ RunTime:0.0085s ]
SQL: SELECT * FROM `article` WHERE `aid` = 0 ORDER BY id desc LIMIT 1   [ RunTime:0.0003s ]
SQL: SELECT COUNT(*) AS tp_count FROM `article` WHERE `dd` = 1 LIMIT 1   [ RunTime:0.0002s ]
SQL: SELECT * FROM `article` WHERE `dd` = 1 ORDER BY id desc LIMIT 8   [ RunTime:0.0003s ]
INFO: [ view_parse ] --START--
INFO: [ template_filter ] --START--
INFO: Run Behavior\ContentReplaceBehavior [ RunTime:0.000100s ]
INFO: [ template_filter ] --END-- [ RunTime:0.000196s ]
INFO: Run Behavior\ParseTemplateBehavior [ RunTime:0.039189s ]
INFO: [ view_parse ] --END-- [ RunTime:0.039290s ]
INFO: [ view_filter ] --START--
INFO: Run Behavior\WriteHtmlCacheBehavior [ RunTime:0.000609s ]
INFO: [ view_filter ] --END-- [ RunTime:0.000691s ]
INFO: [ app_end ] --START--
INFO: Run Behavior\ShowPageTraceBehavior [ RunTime:0.001055s ]
INFO: [ app_end ] --END-- [ RunTime:0.001188s ]

[ 2018-03-28T16:38:44+08:00 ] ::1 /seoweb/seo/index.php?s=/Home/ProductSolution/index/pa/3/page/4.html
INFO: [ app_init ] --START--
INFO: Run Behavior\BuildLiteBehavior [ RunTime:0.000020s ]
INFO: [ app_init ] --END-- [ RunTime:0.000364s ]
INFO: [ app_begin ] --START--
INFO: Run Behavior\ReadHtmlCacheBehavior [ RunTime:0.000686s ]
INFO: [ app_begin ] --END-- [ RunTime:0.000775s ]
SQL: SHOW COLUMNS FROM `lianxi` [ RunTime:0.0170s ]
SQL: SELECT * FROM `lianxi` LIMIT 1   [ RunTime:0.0002s ]
SQL: SHOW COLUMNS FROM `alink` [ RunTime:0.0078s ]
SQL: SELECT * FROM `alink` WHERE `dd` = 1 ORDER BY id desc  [ RunTime:0.0003s ]
SQL: SHOW COLUMNS FROM `bigad2` [ RunTime:0.0069s ]
SQL: SELECT * FROM `bigad2` WHERE `dd` = 1 ORDER BY id asc  [ RunTime:0.0003s ]
SQL: SHOW COLUMNS FROM `article` [ RunTime:0.0076s ]
SQL: SELECT * FROM `article` WHERE `aid` = 0 ORDER BY id desc LIMIT 1   [ RunTime:0.0003s ]
SQL: SELECT COUNT(*) AS tp_count FROM `article` WHERE `dd` = 1 LIMIT 1   [ RunTime:0.0002s ]
SQL: SELECT * FROM `article` WHERE `dd` = 1 ORDER BY id desc LIMIT 8   [ RunTime:0.0003s ]
INFO: [ view_parse ] --START--
INFO: [ template_filter ] --START--
INFO: Run Behavior\ContentReplaceBehavior [ RunTime:0.000075s ]
INFO: [ template_filter ] --END-- [ RunTime:0.000157s ]
INFO: Run Behavior\ParseTemplateBehavior [ RunTime:0.040074s ]
INFO: [ view_parse ] --END-- [ RunTime:0.040177s ]
INFO: [ view_filter ] --START--
INFO: Run Behavior\WriteHtmlCacheBehavior [ RunTime:0.000701s ]
INFO: [ view_filter ] --END-- [ RunTime:0.000788s ]
INFO: [ app_end ] --START--
INFO: Run Behavior\ShowPageTraceBehavior [ RunTime:0.001119s ]
INFO: [ app_end ] --END-- [ RunTime:0.001219s ]

[ 2018-03-28T16:38:48+08:00 ] ::1 /seoweb/seo/index.php?s=/Home/ProductSolution/index/pa/1/page/4.html
INFO: [ app_init ] --START--
INFO: Run Behavior\BuildLiteBehavior [ RunTime:0.000052s ]
INFO: [ app_init ] --END-- [ RunTime:0.000680s ]
INFO: [ app_begin ] --START--
INFO: Run Behavior\ReadHtmlCacheBehavior [ RunTime:0.000711s ]
INFO: [ app_begin ] --END-- [ RunTime:0.000807s ]
SQL: SHOW COLUMNS FROM `lianxi` [ RunTime:0.0185s ]
SQL: SELECT * FROM `lianxi` LIMIT 1   [ RunTime:0.0001s ]
SQL: SHOW COLUMNS FROM `alink` [ RunTime:0.0071s ]
SQL: SELECT * FROM `alink` WHERE `dd` = 1 ORDER BY id desc  [ RunTime:0.0003s ]
SQL: SHOW COLUMNS FROM `bigad2` [ RunTime:0.0076s ]
SQL: SELECT * FROM `bigad2` WHERE `dd` = 1 ORDER BY id asc  [ RunTime:0.0003s ]
SQL: SHOW COLUMNS FROM `article` [ RunTime:0.0102s ]
SQL: SELECT * FROM `article` WHERE `aid` = 0 ORDER BY id desc LIMIT 1   [ RunTime:0.0006s ]
SQL: SELECT COUNT(*) AS tp_count FROM `article` WHERE `dd` = 1 LIMIT 1   [ RunTime:0.0004s ]
SQL: SELECT * FROM `article` WHERE `dd` = 1 ORDER BY id desc LIMIT 4,4   [ RunTime:0.0006s ]
INFO: [ view_parse ] --START--
INFO: [ template_filter ] --START--
INFO: Run Behavior\ContentReplaceBehavior [ RunTime:0.000174s ]
INFO: [ template_filter ] --END-- [ RunTime:0.000377s ]
INFO: Run Behavior\ParseTemplateBehavior [ RunTime:0.069432s ]
INFO: [ view_parse ] --END-- [ RunTime:0.069597s ]
INFO: [ view_filter ] --START--
INFO: Run Behavior\WriteHtmlCacheBehavior [ RunTime:0.000630s ]
INFO: [ view_filter ] --END-- [ RunTime:0.000713s ]
INFO: [ app_end ] --START--
INFO: Run Behavior\ShowPageTraceBehavior [ RunTime:0.000778s ]
INFO: [ app_end ] --END-- [ RunTime:0.000867s ]

[ 2018-03-28T16:38:50+08:00 ] ::1 /seoweb/seo/index.php?s=/Home/ProductSolution/index/pa/0/page/4.html
INFO: [ app_init ] --START--
INFO: Run Behavior\BuildLiteBehavior [ RunTime:0.000020s ]
INFO: [ app_init ] --END-- [ RunTime:0.000376s ]
INFO: [ app_begin ] --START--
INFO: Run Behavior\ReadHtmlCacheBehavior [ RunTime:0.000699s ]
INFO: [ app_begin ] --END-- [ RunTime:0.000789s ]
SQL: SHOW COLUMNS FROM `lianxi` [ RunTime:0.0169s ]
SQL: SELECT * FROM `lianxi` LIMIT 1   [ RunTime:0.0003s ]
SQL: SHOW COLUMNS FROM `alink` [ RunTime:0.0072s ]
SQL: SELECT * FROM `alink` WHERE `dd` = 1 ORDER BY id desc  [ RunTime:0.0003s ]
SQL: SHOW COLUMNS FROM `bigad2` [ RunTime:0.0073s ]
SQL: SELECT * FROM `bigad2` WHERE `dd` = 1 ORDER BY id asc  [ RunTime:0.0003s ]
SQL: SHOW COLUMNS FROM `article` [ RunTime:0.0072s ]
SQL: SELECT * FROM `article` WHERE `aid` = 0 ORDER BY id desc LIMIT 1   [ RunTime:0.0003s ]
SQL: SELECT COUNT(*) AS tp_count FROM `article` WHERE `dd` = 1 LIMIT 1   [ RunTime:0.0002s ]
SQL: SELECT * FROM `article` WHERE `dd` = 1 ORDER BY id desc LIMIT 0,4   [ RunTime:0.0002s ]
INFO: [ view_parse ] --START--
INFO: [ template_filter ] --START--
INFO: Run Behavior\ContentReplaceBehavior [ RunTime:0.000124s ]
INFO: [ template_filter ] --END-- [ RunTime:0.000218s ]
INFO: Run Behavior\ParseTemplateBehavior [ RunTime:0.038255s ]
INFO: [ view_parse ] --END-- [ RunTime:0.038351s ]
INFO: [ view_filter ] --START--
INFO: Run Behavior\WriteHtmlCacheBehavior [ RunTime:0.000647s ]
INFO: [ view_filter ] --END-- [ RunTime:0.000725s ]
INFO: [ app_end ] --START--
INFO: Run Behavior\ShowPageTraceBehavior [ RunTime:0.000898s ]
INFO: [ app_end ] --END-- [ RunTime:0.000989s ]

[ 2018-03-28T16:38:55+08:00 ] ::1 /seoweb/seo/index.php?s=/Home/ProductSolution/index/pa/1/page/4.html
INFO: [ app_init ] --START--
INFO: Run Behavior\BuildLiteBehavior [ RunTime:0.000019s ]
INFO: [ app_init ] --END-- [ RunTime:0.000361s ]
INFO: [ app_begin ] --START--
INFO: Run Behavior\ReadHtmlCacheBehavior [ RunTime:0.000720s ]
INFO: [ app_begin ] --END-- [ RunTime:0.000813s ]
SQL: SHOW COLUMNS FROM `lianxi` [ RunTime:0.0168s ]
SQL: SELECT * FROM `lianxi` LIMIT 1   [ RunTime:0.0002s ]
SQL: SHOW COLUMNS FROM `alink` [ RunTime:0.0070s ]
SQL: SELECT * FROM `alink` WHERE `dd` = 1 ORDER BY id desc  [ RunTime:0.0003s ]
SQL: SHOW COLUMNS FROM `bigad2` [ RunTime:0.0069s ]
SQL: SELECT * FROM `bigad2` WHERE `dd` = 1 ORDER BY id asc  [ RunTime:0.0003s ]
SQL: SHOW COLUMNS FROM `article` [ RunTime:0.0079s ]
SQL: SELECT * FROM `article` WHERE `aid` = 0 ORDER BY id desc LIMIT 1   [ RunTime:0.0003s ]
SQL: SELECT COUNT(*) AS tp_count FROM `article` WHERE `dd` = 1 LIMIT 1   [ RunTime:0.0002s ]
SQL: SELECT * FROM `article` WHERE `dd` = 1 ORDER BY id desc LIMIT 4,4   [ RunTime:0.0003s ]
INFO: [ view_parse ] --START--
INFO: [ template_filter ] --START--
INFO: Run Behavior\ContentReplaceBehavior [ RunTime:0.000076s ]
INFO: [ template_filter ] --END-- [ RunTime:0.000181s ]
INFO: Run Behavior\ParseTemplateBehavior [ RunTime:0.037641s ]
INFO: [ view_parse ] --END-- [ RunTime:0.037740s ]
INFO: [ view_filter ] --START--
INFO: Run Behavior\WriteHtmlCacheBehavior [ RunTime:0.000602s ]
INFO: [ view_filter ] --END-- [ RunTime:0.000678s ]
INFO: [ app_end ] --START--
INFO: Run Behavior\ShowPageTraceBehavior [ RunTime:0.001302s ]
INFO: [ app_end ] --END-- [ RunTime:0.001464s ]

[ 2018-03-28T16:39:01+08:00 ] ::1 /seoweb/seo/index.php?s=/Home/ProductSolution/index/pa/2/page/4.html
INFO: [ app_init ] --START--
INFO: Run Behavior\BuildLiteBehavior [ RunTime:0.000020s ]
INFO: [ app_init ] --END-- [ RunTime:0.000367s ]
INFO: [ app_begin ] --START--
INFO: Run Behavior\ReadHtmlCacheBehavior [ RunTime:0.000691s ]
INFO: [ app_begin ] --END-- [ RunTime:0.000780s ]
SQL: SHOW COLUMNS FROM `lianxi` [ RunTime:0.0103s ]
SQL: SELECT * FROM `lianxi` LIMIT 1   [ RunTime:0.0002s ]
SQL: SHOW COLUMNS FROM `alink` [ RunTime:0.0087s ]
SQL: SELECT * FROM `alink` WHERE `dd` = 1 ORDER BY id desc  [ RunTime:0.0003s ]
SQL: SHOW COLUMNS FROM `bigad2` [ RunTime:0.0064s ]
SQL: SELECT * FROM `bigad2` WHERE `dd` = 1 ORDER BY id asc  [ RunTime:0.0002s ]
SQL: SHOW COLUMNS FROM `article` [ RunTime:0.0076s ]
SQL: SELECT * FROM `article` WHERE `aid` = 0 ORDER BY id desc LIMIT 1   [ RunTime:0.0003s ]
SQL: SELECT COUNT(*) AS tp_count FROM `article` WHERE `dd` = 1 LIMIT 1   [ RunTime:0.0002s ]
SQL: SELECT * FROM `article` WHERE `dd` = 1 ORDER BY id desc LIMIT 8   [ RunTime:0.0002s ]
INFO: [ view_parse ] --START--
INFO: [ template_filter ] --START--
INFO: Run Behavior\ContentReplaceBehavior [ RunTime:0.000075s ]
INFO: [ template_filter ] --END-- [ RunTime:0.000159s ]
INFO: Run Behavior\ParseTemplateBehavior [ RunTime:0.040518s ]
INFO: [ view_parse ] --END-- [ RunTime:0.040619s ]
INFO: [ view_filter ] --START--
INFO: Run Behavior\WriteHtmlCacheBehavior [ RunTime:0.000614s ]
INFO: [ view_filter ] --END-- [ RunTime:0.000695s ]
INFO: [ app_end ] --START--
INFO: Run Behavior\ShowPageTraceBehavior [ RunTime:0.000972s ]
INFO: [ app_end ] --END-- [ RunTime:0.001107s ]

[ 2018-03-28T16:39:07+08:00 ] ::1 /seoweb/seo/index.php?s=/Home/ProductSolution/index/pa/3/page/4.html
INFO: [ app_init ] --START--
INFO: Run Behavior\BuildLiteBehavior [ RunTime:0.000018s ]
INFO: [ app_init ] --END-- [ RunTime:0.000389s ]
INFO: [ app_begin ] --START--
INFO: Run Behavior\ReadHtmlCacheBehavior [ RunTime:0.000819s ]
INFO: [ app_begin ] --END-- [ RunTime:0.000912s ]
SQL: SHOW COLUMNS FROM `lianxi` [ RunTime:0.0151s ]
SQL: SELECT * FROM `lianxi` LIMIT 1   [ RunTime:0.0003s ]
SQL: SHOW COLUMNS FROM `alink` [ RunTime:0.0073s ]
SQL: SELECT * FROM `alink` WHERE `dd` = 1 ORDER BY id desc  [ RunTime:0.0004s ]
SQL: SHOW COLUMNS FROM `bigad2` [ RunTime:0.0136s ]
SQL: SELECT * FROM `bigad2` WHERE `dd` = 1 ORDER BY id asc  [ RunTime:0.0005s ]
SQL: SHOW COLUMNS FROM `article` [ RunTime:0.0145s ]
SQL: SELECT * FROM `article` WHERE `aid` = 0 ORDER BY id desc LIMIT 1   [ RunTime:0.0005s ]
SQL: SELECT COUNT(*) AS tp_count FROM `article` WHERE `dd` = 1 LIMIT 1   [ RunTime:0.0004s ]
SQL: SELECT * FROM `article` WHERE `dd` = 1 ORDER BY id desc LIMIT 8   [ RunTime:0.0006s ]
INFO: [ view_parse ] --START--
INFO: [ template_filter ] --START--
INFO: Run Behavior\ContentReplaceBehavior [ RunTime:0.000167s ]
INFO: [ template_filter ] --END-- [ RunTime:0.000355s ]
INFO: Run Behavior\ParseTemplateBehavior [ RunTime:0.056666s ]
INFO: [ view_parse ] --END-- [ RunTime:0.056855s ]
INFO: [ view_filter ] --START--
INFO: Run Behavior\WriteHtmlCacheBehavior [ RunTime:0.000975s ]
INFO: [ view_filter ] --END-- [ RunTime:0.001091s ]
INFO: [ app_end ] --START--
INFO: Run Behavior\ShowPageTraceBehavior [ RunTime:0.001159s ]
INFO: [ app_end ] --END-- [ RunTime:0.001303s ]

[ 2018-03-28T16:39:13+08:00 ] ::1 /seoweb/seo/index.php?s=/Home/ProductSolution/index/pa/3/page/4.html
INFO: [ app_init ] --START--
INFO: Run Behavior\BuildLiteBehavior [ RunTime:0.000020s ]
INFO: [ app_init ] --END-- [ RunTime:0.000366s ]
INFO: [ app_begin ] --START--
INFO: Run Behavior\ReadHtmlCacheBehavior [ RunTime:0.000694s ]
INFO: [ app_begin ] --END-- [ RunTime:0.000783s ]
SQL: SHOW COLUMNS FROM `lianxi` [ RunTime:0.0178s ]
SQL: SELECT * FROM `lianxi` LIMIT 1   [ RunTime:0.0003s ]
SQL: SHOW COLUMNS FROM `alink` [ RunTime:0.0078s ]
SQL: SELECT * FROM `alink` WHERE `dd` = 1 ORDER BY id desc  [ RunTime:0.0004s ]
SQL: SHOW COLUMNS FROM `bigad2` [ RunTime:0.0071s ]
SQL: SELECT * FROM `bigad2` WHERE `dd` = 1 ORDER BY id asc  [ RunTime:0.0003s ]
SQL: SHOW COLUMNS FROM `article` [ RunTime:0.0073s ]
SQL: SELECT * FROM `article` WHERE `aid` = 0 ORDER BY id desc LIMIT 1   [ RunTime:0.0003s ]
SQL: SELECT COUNT(*) AS tp_count FROM `article` WHERE `dd` = 1 LIMIT 1   [ RunTime:0.0002s ]
SQL: SELECT * FROM `article` WHERE `dd` = 1 ORDER BY id desc LIMIT 8   [ RunTime:0.0003s ]
INFO: [ view_parse ] --START--
INFO: [ template_filter ] --START--
INFO: Run Behavior\ContentReplaceBehavior [ RunTime:0.000112s ]
INFO: [ template_filter ] --END-- [ RunTime:0.000235s ]
INFO: Run Behavior\ParseTemplateBehavior [ RunTime:0.062115s ]
INFO: [ view_parse ] --END-- [ RunTime:0.062290s ]
INFO: [ view_filter ] --START--
INFO: Run Behavior\WriteHtmlCacheBehavior [ RunTime:0.001652s ]
INFO: [ view_filter ] --END-- [ RunTime:0.001856s ]
INFO: [ app_end ] --START--
INFO: Run Behavior\ShowPageTraceBehavior [ RunTime:0.002266s ]
INFO: [ app_end ] --END-- [ RunTime:0.002542s ]

[ 2018-03-28T16:39:16+08:00 ] ::1 /seoweb/seo/index.php?s=/Home/ProductSolution/index/pa/4/page/4.html
INFO: [ app_init ] --START--
INFO: Run Behavior\BuildLiteBehavior [ RunTime:0.000019s ]
INFO: [ app_init ] --END-- [ RunTime:0.000364s ]
INFO: [ app_begin ] --START--
INFO: Run Behavior\ReadHtmlCacheBehavior [ RunTime:0.000698s ]
INFO: [ app_begin ] --END-- [ RunTime:0.000787s ]
SQL: SHOW COLUMNS FROM `lianxi` [ RunTime:0.0106s ]
SQL: SELECT * FROM `lianxi` LIMIT 1   [ RunTime:0.0002s ]
SQL: SHOW COLUMNS FROM `alink` [ RunTime:0.0072s ]
SQL: SELECT * FROM `alink` WHERE `dd` = 1 ORDER BY id desc  [ RunTime:0.0004s ]
SQL: SHOW COLUMNS FROM `bigad2` [ RunTime:0.0071s ]
SQL: SELECT * FROM `bigad2` WHERE `dd` = 1 ORDER BY id asc  [ RunTime:0.0003s ]
SQL: SHOW COLUMNS FROM `article` [ RunTime:0.0069s ]
SQL: SELECT * FROM `article` WHERE `aid` = 0 ORDER BY id desc LIMIT 1   [ RunTime:0.0003s ]
SQL: SELECT COUNT(*) AS tp_count FROM `article` WHERE `dd` = 1 LIMIT 1   [ RunTime:0.0003s ]
SQL: SELECT * FROM `article` WHERE `dd` = 1 ORDER BY id desc LIMIT 8   [ RunTime:0.0004s ]
INFO: [ view_parse ] --START--
INFO: [ template_filter ] --START--
INFO: Run Behavior\ContentReplaceBehavior [ RunTime:0.000079s ]
INFO: [ template_filter ] --END-- [ RunTime:0.000185s ]
INFO: Run Behavior\ParseTemplateBehavior [ RunTime:0.042438s ]
INFO: [ view_parse ] --END-- [ RunTime:0.042582s ]
INFO: [ view_filter ] --START--
INFO: Run Behavior\WriteHtmlCacheBehavior [ RunTime:0.000629s ]
INFO: [ view_filter ] --END-- [ RunTime:0.000709s ]
INFO: [ app_end ] --START--
INFO: Run Behavior\ShowPageTraceBehavior [ RunTime:0.000729s ]
INFO: [ app_end ] --END-- [ RunTime:0.000833s ]

[ 2018-03-28T16:39:19+08:00 ] ::1 /seoweb/seo/index.php?s=/Home/ProductSolution/index/pa/1/page/4.html
INFO: [ app_init ] --START--
INFO: Run Behavior\BuildLiteBehavior [ RunTime:0.000023s ]
INFO: [ app_init ] --END-- [ RunTime:0.000472s ]
INFO: [ app_begin ] --START--
INFO: Run Behavior\ReadHtmlCacheBehavior [ RunTime:0.000728s ]
INFO: [ app_begin ] --END-- [ RunTime:0.000823s ]
SQL: SHOW COLUMNS FROM `lianxi` [ RunTime:0.0183s ]
SQL: SELECT * FROM `lianxi` LIMIT 1   [ RunTime:0.0002s ]
SQL: SHOW COLUMNS FROM `alink` [ RunTime:0.0065s ]
SQL: SELECT * FROM `alink` WHERE `dd` = 1 ORDER BY id desc  [ RunTime:0.0004s ]
SQL: SHOW COLUMNS FROM `bigad2` [ RunTime:0.0093s ]
SQL: SELECT * FROM `bigad2` WHERE `dd` = 1 ORDER BY id asc  [ RunTime:0.0003s ]
SQL: SHOW COLUMNS FROM `article` [ RunTime:0.0068s ]
SQL: SELECT * FROM `article` WHERE `aid` = 0 ORDER BY id desc LIMIT 1   [ RunTime:0.0003s ]
SQL: SELECT COUNT(*) AS tp_count FROM `article` WHERE `dd` = 1 LIMIT 1   [ RunTime:0.0002s ]
SQL: SELECT * FROM `article` WHERE `dd` = 1 ORDER BY id desc LIMIT 4,4   [ RunTime:0.0003s ]
INFO: [ view_parse ] --START--
INFO: [ template_filter ] --START--
INFO: Run Behavior\ContentReplaceBehavior [ RunTime:0.000069s ]
INFO: [ template_filter ] --END-- [ RunTime:0.000150s ]
INFO: Run Behavior\ParseTemplateBehavior [ RunTime:0.075786s ]
INFO: [ view_parse ] --END-- [ RunTime:0.075956s ]
INFO: [ view_filter ] --START--
INFO: Run Behavior\WriteHtmlCacheBehavior [ RunTime:0.001520s ]
INFO: [ view_filter ] --END-- [ RunTime:0.001720s ]
INFO: [ app_end ] --START--
INFO: Run Behavior\ShowPageTraceBehavior [ RunTime:0.002083s ]
INFO: [ app_end ] --END-- [ RunTime:0.002377s ]

[ 2018-03-28T16:39:21+08:00 ] ::1 /seoweb/seo/index.php?s=/Home/ProductSolution/index/pa/0/page/4.html
INFO: [ app_init ] --START--
INFO: Run Behavior\BuildLiteBehavior [ RunTime:0.000019s ]
INFO: [ app_init ] --END-- [ RunTime:0.000367s ]
INFO: [ app_begin ] --START--
INFO: Run Behavior\ReadHtmlCacheBehavior [ RunTime:0.000686s ]
INFO: [ app_begin ] --END-- [ RunTime:0.000775s ]
SQL: SHOW COLUMNS FROM `lianxi` [ RunTime:0.0121s ]
SQL: SELECT * FROM `lianxi` LIMIT 1   [ RunTime:0.0002s ]
SQL: SHOW COLUMNS FROM `alink` [ RunTime:0.0070s ]
SQL: SELECT * FROM `alink` WHERE `dd` = 1 ORDER BY id desc  [ RunTime:0.0003s ]
SQL: SHOW COLUMNS FROM `bigad2` [ RunTime:0.0083s ]
SQL: SELECT * FROM `bigad2` WHERE `dd` = 1 ORDER BY id asc  [ RunTime:0.0002s ]
SQL: SHOW COLUMNS FROM `article` [ RunTime:0.0070s ]
SQL: SELECT * FROM `article` WHERE `aid` = 0 ORDER BY id desc LIMIT 1   [ RunTime:0.0003s ]
SQL: SELECT COUNT(*) AS tp_count FROM `article` WHERE `dd` = 1 LIMIT 1   [ RunTime:0.0002s ]
SQL: SELECT * FROM `article` WHERE `dd` = 1 ORDER BY id desc LIMIT 0,4   [ RunTime:0.0002s ]
INFO: [ view_parse ] --START--
INFO: [ template_filter ] --START--
INFO: Run Behavior\ContentReplaceBehavior [ RunTime:0.000081s ]
INFO: [ template_filter ] --END-- [ RunTime:0.000171s ]
INFO: Run Behavior\ParseTemplateBehavior [ RunTime:0.040294s ]
INFO: [ view_parse ] --END-- [ RunTime:0.040392s ]
INFO: [ view_filter ] --START--
INFO: Run Behavior\WriteHtmlCacheBehavior [ RunTime:0.000668s ]
INFO: [ view_filter ] --END-- [ RunTime:0.000751s ]
INFO: [ app_end ] --START--
INFO: Run Behavior\ShowPageTraceBehavior [ RunTime:0.000755s ]
INFO: [ app_end ] --END-- [ RunTime:0.000848s ]

