[ 2018-03-29T09:36:54+08:00 ] ::1 /seoweb/seo/
INFO: [ app_init ] --START--
INFO: Run Behavior\BuildLiteBehavior [ RunTime:0.000023s ]
INFO: [ app_init ] --END-- [ RunTime:0.008495s ]
INFO: [ app_begin ] --START--
INFO: Run Behavior\ReadHtmlCacheBehavior [ RunTime:0.012619s ]
INFO: [ app_begin ] --END-- [ RunTime:0.012717s ]
SQL: SHOW COLUMNS FROM `lianxi` [ RunTime:0.0102s ]
SQL: SELECT * FROM `lianxi` LIMIT 1   [ RunTime:0.0003s ]
SQL: SHOW COLUMNS FROM `alink` [ RunTime:0.0084s ]
SQL: SELECT * FROM `alink` WHERE `dd` = 1 ORDER BY id desc  [ RunTime:0.0004s ]
INFO: [ view_parse ] --START--
INFO: [ template_filter ] --START--
INFO: Run Behavior\ContentReplaceBehavior [ RunTime:0.000117s ]
INFO: [ template_filter ] --END-- [ RunTime:0.000208s ]
INFO: Run Behavior\ParseTemplateBehavior [ RunTime:0.070388s ]
INFO: [ view_parse ] --END-- [ RunTime:0.070492s ]
INFO: [ view_filter ] --START--
INFO: Run Behavior\WriteHtmlCacheBehavior [ RunTime:0.009092s ]
INFO: [ view_filter ] --END-- [ RunTime:0.009204s ]
INFO: [ app_end ] --START--
INFO: Run Behavior\ShowPageTraceBehavior [ RunTime:0.011159s ]
INFO: [ app_end ] --END-- [ RunTime:0.011313s ]

[ 2018-03-29T09:37:06+08:00 ] ::1 /seoweb/seo/index.php?s=/Home/ProductSolution
INFO: [ app_init ] --START--
INFO: Run Behavior\BuildLiteBehavior [ RunTime:0.000019s ]
INFO: [ app_init ] --END-- [ RunTime:0.000369s ]
INFO: [ app_begin ] --START--
INFO: Run Behavior\ReadHtmlCacheBehavior [ RunTime:0.000703s ]
INFO: [ app_begin ] --END-- [ RunTime:0.000794s ]
SQL: SHOW COLUMNS FROM `lianxi` [ RunTime:0.0093s ]
SQL: SELECT * FROM `lianxi` LIMIT 1   [ RunTime:0.0002s ]
SQL: SHOW COLUMNS FROM `alink` [ RunTime:0.0070s ]
SQL: SELECT * FROM `alink` WHERE `dd` = 1 ORDER BY id desc  [ RunTime:0.0005s ]
SQL: SHOW COLUMNS FROM `bigad2` [ RunTime:0.0092s ]
SQL: SELECT * FROM `bigad2` WHERE `dd` = 1 ORDER BY id asc  [ RunTime:0.0003s ]
SQL: SHOW COLUMNS FROM `article` [ RunTime:0.0094s ]
SQL: SELECT * FROM `article` WHERE `aid` = 0 ORDER BY id desc LIMIT 1   [ RunTime:0.0003s ]
SQL: SELECT COUNT(*) AS tp_count FROM `article` WHERE `dd` = 1 LIMIT 1   [ RunTime:0.0002s ]
SQL: SELECT * FROM `article` WHERE `dd` = 1 ORDER BY id desc LIMIT 0,4   [ RunTime:0.0003s ]
INFO: [ view_parse ] --START--
INFO: [ template_filter ] --START--
INFO: Run Behavior\ContentReplaceBehavior [ RunTime:0.000166s ]
INFO: [ template_filter ] --END-- [ RunTime:0.000329s ]
INFO: Run Behavior\ParseTemplateBehavior [ RunTime:0.065077s ]
INFO: [ view_parse ] --END-- [ RunTime:0.065172s ]
INFO: [ view_filter ] --START--
INFO: Run Behavior\WriteHtmlCacheBehavior [ RunTime:0.000571s ]
INFO: [ view_filter ] --END-- [ RunTime:0.000647s ]
INFO: [ app_end ] --START--
INFO: Run Behavior\ShowPageTraceBehavior [ RunTime:0.000870s ]
INFO: [ app_end ] --END-- [ RunTime:0.000992s ]

[ 2018-03-29T09:37:08+08:00 ] ::1 /seoweb/seo/index.php?s=/Home/ProductLiangdian
INFO: [ app_init ] --START--
INFO: Run Behavior\BuildLiteBehavior [ RunTime:0.000023s ]
INFO: [ app_init ] --END-- [ RunTime:0.000461s ]
INFO: [ app_begin ] --START--
INFO: Run Behavior\ReadHtmlCacheBehavior [ RunTime:0.000657s ]
INFO: [ app_begin ] --END-- [ RunTime:0.000747s ]
SQL: SHOW COLUMNS FROM `lianxi` [ RunTime:0.0163s ]
SQL: SELECT * FROM `lianxi` LIMIT 1   [ RunTime:0.0002s ]
SQL: SHOW COLUMNS FROM `alink` [ RunTime:0.0081s ]
SQL: SELECT * FROM `alink` WHERE `dd` = 1 ORDER BY id desc  [ RunTime:0.0004s ]
INFO: [ view_parse ] --START--
INFO: [ template_filter ] --START--
INFO: Run Behavior\ContentReplaceBehavior [ RunTime:0.000076s ]
INFO: [ template_filter ] --END-- [ RunTime:0.000170s ]
INFO: Run Behavior\ParseTemplateBehavior [ RunTime:0.020650s ]
INFO: [ view_parse ] --END-- [ RunTime:0.020746s ]
INFO: [ view_filter ] --START--
INFO: Run Behavior\WriteHtmlCacheBehavior [ RunTime:0.000557s ]
INFO: [ view_filter ] --END-- [ RunTime:0.000633s ]
INFO: [ app_end ] --START--
INFO: Run Behavior\ShowPageTraceBehavior [ RunTime:0.001133s ]
INFO: [ app_end ] --END-- [ RunTime:0.001304s ]

[ 2018-03-29T09:37:09+08:00 ] ::1 /seoweb/seo/index.php?s=/Home/Savety
INFO: [ app_init ] --START--
INFO: Run Behavior\BuildLiteBehavior [ RunTime:0.000018s ]
INFO: [ app_init ] --END-- [ RunTime:0.000405s ]
INFO: [ app_begin ] --START--
INFO: Run Behavior\ReadHtmlCacheBehavior [ RunTime:0.000687s ]
INFO: [ app_begin ] --END-- [ RunTime:0.000777s ]
SQL: SHOW COLUMNS FROM `lianxi` [ RunTime:0.0086s ]
SQL: SELECT * FROM `lianxi` LIMIT 1   [ RunTime:0.0003s ]
SQL: SHOW COLUMNS FROM `alink` [ RunTime:0.0067s ]
SQL: SELECT * FROM `alink` WHERE `dd` = 1 ORDER BY id desc  [ RunTime:0.0004s ]
INFO: [ view_parse ] --START--
INFO: [ template_filter ] --START--
INFO: Run Behavior\ContentReplaceBehavior [ RunTime:0.000076s ]
INFO: [ template_filter ] --END-- [ RunTime:0.000164s ]
INFO: Run Behavior\ParseTemplateBehavior [ RunTime:0.020793s ]
INFO: [ view_parse ] --END-- [ RunTime:0.020895s ]
INFO: [ view_filter ] --START--
INFO: Run Behavior\WriteHtmlCacheBehavior [ RunTime:0.000909s ]
INFO: [ view_filter ] --END-- [ RunTime:0.000990s ]
INFO: [ app_end ] --START--
INFO: Run Behavior\ShowPageTraceBehavior [ RunTime:0.000777s ]
INFO: [ app_end ] --END-- [ RunTime:0.000880s ]

[ 2018-03-29T09:37:10+08:00 ] ::1 /seoweb/seo/index.php?s=/Home/Service
INFO: [ app_init ] --START--
INFO: Run Behavior\BuildLiteBehavior [ RunTime:0.000019s ]
INFO: [ app_init ] --END-- [ RunTime:0.000373s ]
INFO: [ app_begin ] --START--
INFO: Run Behavior\ReadHtmlCacheBehavior [ RunTime:0.000752s ]
INFO: [ app_begin ] --END-- [ RunTime:0.000853s ]
SQL: SHOW COLUMNS FROM `lianxi` [ RunTime:0.0085s ]
SQL: SELECT * FROM `lianxi` LIMIT 1   [ RunTime:0.0002s ]
SQL: SHOW COLUMNS FROM `alink` [ RunTime:0.0069s ]
SQL: SELECT * FROM `alink` WHERE `dd` = 1 ORDER BY id desc  [ RunTime:0.0004s ]
INFO: [ view_parse ] --START--
INFO: [ template_filter ] --START--
INFO: Run Behavior\ContentReplaceBehavior [ RunTime:0.000090s ]
INFO: [ template_filter ] --END-- [ RunTime:0.000199s ]
INFO: Run Behavior\ParseTemplateBehavior [ RunTime:0.020273s ]
INFO: [ view_parse ] --END-- [ RunTime:0.020387s ]
INFO: [ view_filter ] --START--
INFO: Run Behavior\WriteHtmlCacheBehavior [ RunTime:0.000658s ]
INFO: [ view_filter ] --END-- [ RunTime:0.000752s ]
INFO: [ app_end ] --START--
INFO: Run Behavior\ShowPageTraceBehavior [ RunTime:0.000732s ]
INFO: [ app_end ] --END-- [ RunTime:0.000818s ]

[ 2018-03-29T09:37:49+08:00 ] ::1 /seoweb/seo/
INFO: [ app_init ] --START--
INFO: Run Behavior\BuildLiteBehavior [ RunTime:0.000018s ]
INFO: [ app_init ] --END-- [ RunTime:0.000353s ]
INFO: [ app_begin ] --START--
INFO: Run Behavior\ReadHtmlCacheBehavior [ RunTime:0.000704s ]
INFO: [ app_begin ] --END-- [ RunTime:0.000791s ]
SQL: SHOW COLUMNS FROM `lianxi` [ RunTime:0.0091s ]
SQL: SELECT * FROM `lianxi` LIMIT 1   [ RunTime:0.0002s ]
SQL: SHOW COLUMNS FROM `alink` [ RunTime:0.0087s ]
SQL: SELECT * FROM `alink` WHERE `dd` = 1 ORDER BY id desc  [ RunTime:0.0003s ]
INFO: [ view_parse ] --START--
INFO: [ template_filter ] --START--
INFO: Run Behavior\ContentReplaceBehavior [ RunTime:0.000097s ]
INFO: [ template_filter ] --END-- [ RunTime:0.000182s ]
INFO: Run Behavior\ParseTemplateBehavior [ RunTime:0.031705s ]
INFO: [ view_parse ] --END-- [ RunTime:0.031865s ]
INFO: [ view_filter ] --START--
INFO: Run Behavior\WriteHtmlCacheBehavior [ RunTime:0.001233s ]
INFO: [ view_filter ] --END-- [ RunTime:0.001412s ]
INFO: [ app_end ] --START--
INFO: Run Behavior\ShowPageTraceBehavior [ RunTime:0.001586s ]
INFO: [ app_end ] --END-- [ RunTime:0.001771s ]

[ 2018-03-29T09:50:43+08:00 ] ::1 /seoweb/seo/index.php?s=/Home/ProductLiangdian
INFO: [ app_init ] --START--
INFO: Run Behavior\BuildLiteBehavior [ RunTime:0.000020s ]
INFO: [ app_init ] --END-- [ RunTime:0.000392s ]
INFO: [ app_begin ] --START--
INFO: Run Behavior\ReadHtmlCacheBehavior [ RunTime:0.000707s ]
INFO: [ app_begin ] --END-- [ RunTime:0.000795s ]
SQL: SHOW COLUMNS FROM `lianxi` [ RunTime:0.0100s ]
SQL: SELECT * FROM `lianxi` LIMIT 1   [ RunTime:0.0002s ]
SQL: SHOW COLUMNS FROM `alink` [ RunTime:0.0065s ]
SQL: SELECT * FROM `alink` WHERE `dd` = 1 ORDER BY id desc  [ RunTime:0.0004s ]
INFO: [ view_parse ] --START--
INFO: [ template_filter ] --START--
INFO: Run Behavior\ContentReplaceBehavior [ RunTime:0.000073s ]
INFO: [ template_filter ] --END-- [ RunTime:0.000163s ]
INFO: Run Behavior\ParseTemplateBehavior [ RunTime:0.009014s ]
INFO: [ view_parse ] --END-- [ RunTime:0.009110s ]
INFO: [ view_filter ] --START--
INFO: Run Behavior\WriteHtmlCacheBehavior [ RunTime:0.000592s ]
INFO: [ view_filter ] --END-- [ RunTime:0.000675s ]
INFO: [ app_end ] --START--
INFO: Run Behavior\ShowPageTraceBehavior [ RunTime:0.001053s ]
INFO: [ app_end ] --END-- [ RunTime:0.001186s ]

[ 2018-03-29T09:52:15+08:00 ] ::1 /seoweb/seo/index.php?s=/Home/ProductLiangdian
INFO: [ app_init ] --START--
INFO: Run Behavior\BuildLiteBehavior [ RunTime:0.000018s ]
INFO: [ app_init ] --END-- [ RunTime:0.000372s ]
INFO: [ app_begin ] --START--
INFO: Run Behavior\ReadHtmlCacheBehavior [ RunTime:0.000683s ]
INFO: [ app_begin ] --END-- [ RunTime:0.000765s ]
SQL: SHOW COLUMNS FROM `lianxi` [ RunTime:0.0249s ]
SQL: SELECT * FROM `lianxi` LIMIT 1   [ RunTime:0.0002s ]
SQL: SHOW COLUMNS FROM `alink` [ RunTime:0.0087s ]
SQL: SELECT * FROM `alink` WHERE `dd` = 1 ORDER BY id desc  [ RunTime:0.0003s ]
INFO: [ view_parse ] --START--
INFO: [ template_filter ] --START--
INFO: Run Behavior\ContentReplaceBehavior [ RunTime:0.000067s ]
INFO: [ template_filter ] --END-- [ RunTime:0.000151s ]
INFO: Run Behavior\ParseTemplateBehavior [ RunTime:0.008176s ]
INFO: [ view_parse ] --END-- [ RunTime:0.008276s ]
INFO: [ view_filter ] --START--
INFO: Run Behavior\WriteHtmlCacheBehavior [ RunTime:0.000513s ]
INFO: [ view_filter ] --END-- [ RunTime:0.000588s ]
INFO: [ app_end ] --START--
INFO: Run Behavior\ShowPageTraceBehavior [ RunTime:0.000981s ]
INFO: [ app_end ] --END-- [ RunTime:0.001078s ]

[ 2018-03-29T09:52:16+08:00 ] ::1 /seoweb/seo/index.php?s=/Home/ProductLiangdian
INFO: [ app_init ] --START--
INFO: Run Behavior\BuildLiteBehavior [ RunTime:0.000019s ]
INFO: [ app_init ] --END-- [ RunTime:0.000345s ]
INFO: [ app_begin ] --START--
INFO: Run Behavior\ReadHtmlCacheBehavior [ RunTime:0.000664s ]
INFO: [ app_begin ] --END-- [ RunTime:0.000752s ]
SQL: SHOW COLUMNS FROM `lianxi` [ RunTime:0.0148s ]
SQL: SELECT * FROM `lianxi` LIMIT 1   [ RunTime:0.0002s ]
SQL: SHOW COLUMNS FROM `alink` [ RunTime:0.0083s ]
SQL: SELECT * FROM `alink` WHERE `dd` = 1 ORDER BY id desc  [ RunTime:0.0003s ]
INFO: [ view_parse ] --START--
INFO: [ template_filter ] --START--
INFO: Run Behavior\ContentReplaceBehavior [ RunTime:0.000068s ]
INFO: [ template_filter ] --END-- [ RunTime:0.000156s ]
INFO: Run Behavior\ParseTemplateBehavior [ RunTime:0.007742s ]
INFO: [ view_parse ] --END-- [ RunTime:0.007863s ]
INFO: [ view_filter ] --START--
INFO: Run Behavior\WriteHtmlCacheBehavior [ RunTime:0.000768s ]
INFO: [ view_filter ] --END-- [ RunTime:0.000870s ]
INFO: [ app_end ] --START--
INFO: Run Behavior\ShowPageTraceBehavior [ RunTime:0.000839s ]
INFO: [ app_end ] --END-- [ RunTime:0.000957s ]

[ 2018-03-29T09:52:16+08:00 ] ::1 /seoweb/seo/index.php?s=/Home/ProductLiangdian
INFO: [ app_init ] --START--
INFO: Run Behavior\BuildLiteBehavior [ RunTime:0.000020s ]
INFO: [ app_init ] --END-- [ RunTime:0.000404s ]
INFO: [ app_begin ] --START--
INFO: Run Behavior\ReadHtmlCacheBehavior [ RunTime:0.000668s ]
INFO: [ app_begin ] --END-- [ RunTime:0.000757s ]
SQL: SHOW COLUMNS FROM `lianxi` [ RunTime:0.0095s ]
SQL: SELECT * FROM `lianxi` LIMIT 1   [ RunTime:0.0003s ]
SQL: SHOW COLUMNS FROM `alink` [ RunTime:0.0070s ]
SQL: SELECT * FROM `alink` WHERE `dd` = 1 ORDER BY id desc  [ RunTime:0.0004s ]
INFO: [ view_parse ] --START--
INFO: [ template_filter ] --START--
INFO: Run Behavior\ContentReplaceBehavior [ RunTime:0.000072s ]
INFO: [ template_filter ] --END-- [ RunTime:0.000162s ]
INFO: Run Behavior\ParseTemplateBehavior [ RunTime:0.008218s ]
INFO: [ view_parse ] --END-- [ RunTime:0.008330s ]
INFO: [ view_filter ] --START--
INFO: Run Behavior\WriteHtmlCacheBehavior [ RunTime:0.000556s ]
INFO: [ view_filter ] --END-- [ RunTime:0.000638s ]
INFO: [ app_end ] --START--
INFO: Run Behavior\ShowPageTraceBehavior [ RunTime:0.000684s ]
INFO: [ app_end ] --END-- [ RunTime:0.000770s ]

[ 2018-03-29T09:52:20+08:00 ] ::1 /seoweb/seo/index.php?s=/Home/Service
INFO: [ app_init ] --START--
INFO: Run Behavior\BuildLiteBehavior [ RunTime:0.000019s ]
INFO: [ app_init ] --END-- [ RunTime:0.000415s ]
INFO: [ app_begin ] --START--
INFO: Run Behavior\ReadHtmlCacheBehavior [ RunTime:0.000707s ]
INFO: [ app_begin ] --END-- [ RunTime:0.000793s ]
SQL: SHOW COLUMNS FROM `lianxi` [ RunTime:0.0089s ]
SQL: SELECT * FROM `lianxi` LIMIT 1   [ RunTime:0.0002s ]
SQL: SHOW COLUMNS FROM `alink` [ RunTime:0.0069s ]
SQL: SELECT * FROM `alink` WHERE `dd` = 1 ORDER BY id desc  [ RunTime:0.0004s ]
INFO: [ view_parse ] --START--
INFO: [ template_filter ] --START--
INFO: Run Behavior\ContentReplaceBehavior [ RunTime:0.000081s ]
INFO: [ template_filter ] --END-- [ RunTime:0.000165s ]
INFO: Run Behavior\ParseTemplateBehavior [ RunTime:0.017601s ]
INFO: [ view_parse ] --END-- [ RunTime:0.017696s ]
INFO: [ view_filter ] --START--
INFO: Run Behavior\WriteHtmlCacheBehavior [ RunTime:0.000551s ]
INFO: [ view_filter ] --END-- [ RunTime:0.000626s ]
INFO: [ app_end ] --START--
INFO: Run Behavior\ShowPageTraceBehavior [ RunTime:0.000918s ]
INFO: [ app_end ] --END-- [ RunTime:0.001033s ]

[ 2018-03-29T09:52:33+08:00 ] ::1 /seoweb/seo/index.php?s=/Home/ProductLiangdian
INFO: [ app_init ] --START--
INFO: Run Behavior\BuildLiteBehavior [ RunTime:0.000019s ]
INFO: [ app_init ] --END-- [ RunTime:0.000438s ]
INFO: [ app_begin ] --START--
INFO: Run Behavior\ReadHtmlCacheBehavior [ RunTime:0.001424s ]
INFO: [ app_begin ] --END-- [ RunTime:0.001587s ]
SQL: SHOW COLUMNS FROM `lianxi` [ RunTime:0.0093s ]
SQL: SELECT * FROM `lianxi` LIMIT 1   [ RunTime:0.0003s ]
SQL: SHOW COLUMNS FROM `alink` [ RunTime:0.0066s ]
SQL: SELECT * FROM `alink` WHERE `dd` = 1 ORDER BY id desc  [ RunTime:0.0003s ]
INFO: [ view_parse ] --START--
INFO: [ template_filter ] --START--
INFO: Run Behavior\ContentReplaceBehavior [ RunTime:0.000092s ]
INFO: [ template_filter ] --END-- [ RunTime:0.000188s ]
INFO: Run Behavior\ParseTemplateBehavior [ RunTime:0.008610s ]
INFO: [ view_parse ] --END-- [ RunTime:0.008700s ]
INFO: [ view_filter ] --START--
INFO: Run Behavior\WriteHtmlCacheBehavior [ RunTime:0.000595s ]
INFO: [ view_filter ] --END-- [ RunTime:0.000677s ]
INFO: [ app_end ] --START--
INFO: Run Behavior\ShowPageTraceBehavior [ RunTime:0.000957s ]
INFO: [ app_end ] --END-- [ RunTime:0.001049s ]

[ 2018-03-29T09:52:39+08:00 ] ::1 /seoweb/seo/index.php?s=/Home/ProductSolution
INFO: [ app_init ] --START--
INFO: Run Behavior\BuildLiteBehavior [ RunTime:0.000019s ]
INFO: [ app_init ] --END-- [ RunTime:0.000410s ]
INFO: [ app_begin ] --START--
INFO: Run Behavior\ReadHtmlCacheBehavior [ RunTime:0.000692s ]
INFO: [ app_begin ] --END-- [ RunTime:0.000782s ]
SQL: SHOW COLUMNS FROM `lianxi` [ RunTime:0.0103s ]
SQL: SELECT * FROM `lianxi` LIMIT 1   [ RunTime:0.0001s ]
SQL: SHOW COLUMNS FROM `alink` [ RunTime:0.0071s ]
SQL: SELECT * FROM `alink` WHERE `dd` = 1 ORDER BY id desc  [ RunTime:0.0003s ]
SQL: SHOW COLUMNS FROM `bigad2` [ RunTime:0.0065s ]
SQL: SELECT * FROM `bigad2` WHERE `dd` = 1 ORDER BY id asc  [ RunTime:0.0003s ]
SQL: SHOW COLUMNS FROM `article` [ RunTime:0.0068s ]
SQL: SELECT * FROM `article` WHERE `aid` = 0 ORDER BY id desc LIMIT 1   [ RunTime:0.0003s ]
SQL: SELECT COUNT(*) AS tp_count FROM `article` WHERE `dd` = 1 LIMIT 1   [ RunTime:0.0002s ]
SQL: SELECT * FROM `article` WHERE `dd` = 1 ORDER BY id desc LIMIT 0,4   [ RunTime:0.0003s ]
INFO: [ view_parse ] --START--
INFO: [ template_filter ] --START--
INFO: Run Behavior\ContentReplaceBehavior [ RunTime:0.000072s ]
INFO: [ template_filter ] --END-- [ RunTime:0.000149s ]
INFO: Run Behavior\ParseTemplateBehavior [ RunTime:0.041216s ]
INFO: [ view_parse ] --END-- [ RunTime:0.041343s ]
INFO: [ view_filter ] --START--
INFO: Run Behavior\WriteHtmlCacheBehavior [ RunTime:0.000598s ]
INFO: [ view_filter ] --END-- [ RunTime:0.000673s ]
INFO: [ app_end ] --START--
INFO: Run Behavior\ShowPageTraceBehavior [ RunTime:0.001049s ]
INFO: [ app_end ] --END-- [ RunTime:0.001156s ]

[ 2018-03-29T10:09:39+08:00 ] ::1 /seoweb/seo/index.php?s=/Home/Savety
INFO: [ app_init ] --START--
INFO: Run Behavior\BuildLiteBehavior [ RunTime:0.000019s ]
INFO: [ app_init ] --END-- [ RunTime:0.000414s ]
INFO: [ app_begin ] --START--
INFO: Run Behavior\ReadHtmlCacheBehavior [ RunTime:0.000701s ]
INFO: [ app_begin ] --END-- [ RunTime:0.000792s ]
SQL: SHOW COLUMNS FROM `lianxi` [ RunTime:0.0101s ]
SQL: SELECT * FROM `lianxi` LIMIT 1   [ RunTime:0.0002s ]
SQL: SHOW COLUMNS FROM `alink` [ RunTime:0.0091s ]
SQL: SELECT * FROM `alink` WHERE `dd` = 1 ORDER BY id desc  [ RunTime:0.0005s ]
INFO: [ view_parse ] --START--
INFO: [ template_filter ] --START--
INFO: Run Behavior\ContentReplaceBehavior [ RunTime:0.000074s ]
INFO: [ template_filter ] --END-- [ RunTime:0.000165s ]
INFO: Run Behavior\ParseTemplateBehavior [ RunTime:0.017922s ]
INFO: [ view_parse ] --END-- [ RunTime:0.018016s ]
INFO: [ view_filter ] --START--
INFO: Run Behavior\WriteHtmlCacheBehavior [ RunTime:0.000570s ]
INFO: [ view_filter ] --END-- [ RunTime:0.000647s ]
INFO: [ app_end ] --START--
INFO: Run Behavior\ShowPageTraceBehavior [ RunTime:0.001015s ]
INFO: [ app_end ] --END-- [ RunTime:0.001147s ]

[ 2018-03-29T10:18:44+08:00 ] ::1 /seoweb/seo/index.php?s=/Home/Savety
INFO: [ app_init ] --START--
INFO: Run Behavior\BuildLiteBehavior [ RunTime:0.000027s ]
INFO: [ app_init ] --END-- [ RunTime:0.000620s ]
INFO: [ app_begin ] --START--
INFO: Run Behavior\ReadHtmlCacheBehavior [ RunTime:0.000990s ]
INFO: [ app_begin ] --END-- [ RunTime:0.001117s ]
SQL: SHOW COLUMNS FROM `lianxi` [ RunTime:0.0206s ]
SQL: SELECT * FROM `lianxi` LIMIT 1   [ RunTime:0.0002s ]
SQL: SHOW COLUMNS FROM `alink` [ RunTime:0.0083s ]
SQL: SELECT * FROM `alink` WHERE `dd` = 1 ORDER BY id desc  [ RunTime:0.0004s ]
INFO: [ view_parse ] --START--
INFO: [ template_filter ] --START--
INFO: Run Behavior\ContentReplaceBehavior [ RunTime:0.000074s ]
INFO: [ template_filter ] --END-- [ RunTime:0.000157s ]
INFO: Run Behavior\ParseTemplateBehavior [ RunTime:0.018023s ]
INFO: [ view_parse ] --END-- [ RunTime:0.018120s ]
INFO: [ view_filter ] --START--
INFO: Run Behavior\WriteHtmlCacheBehavior [ RunTime:0.000579s ]
INFO: [ view_filter ] --END-- [ RunTime:0.000657s ]
INFO: [ app_end ] --START--
INFO: Run Behavior\ShowPageTraceBehavior [ RunTime:0.001006s ]
INFO: [ app_end ] --END-- [ RunTime:0.001119s ]

[ 2018-03-29T10:19:29+08:00 ] ::1 /seoweb/seo/index.php?s=/Home/Savety
INFO: [ app_init ] --START--
INFO: Run Behavior\BuildLiteBehavior [ RunTime:0.000018s ]
INFO: [ app_init ] --END-- [ RunTime:0.000404s ]
INFO: [ app_begin ] --START--
INFO: Run Behavior\ReadHtmlCacheBehavior [ RunTime:0.000694s ]
INFO: [ app_begin ] --END-- [ RunTime:0.000781s ]
SQL: SHOW COLUMNS FROM `lianxi` [ RunTime:0.0197s ]
SQL: SELECT * FROM `lianxi` LIMIT 1   [ RunTime:0.0002s ]
SQL: SHOW COLUMNS FROM `alink` [ RunTime:0.0064s ]
SQL: SELECT * FROM `alink` WHERE `dd` = 1 ORDER BY id desc  [ RunTime:0.0004s ]
INFO: [ view_parse ] --START--
INFO: [ template_filter ] --START--
INFO: Run Behavior\ContentReplaceBehavior [ RunTime:0.000163s ]
INFO: [ template_filter ] --END-- [ RunTime:0.000358s ]
INFO: Run Behavior\ParseTemplateBehavior [ RunTime:0.033453s ]
INFO: [ view_parse ] --END-- [ RunTime:0.033624s ]
INFO: [ view_filter ] --START--
INFO: Run Behavior\WriteHtmlCacheBehavior [ RunTime:0.001772s ]
INFO: [ view_filter ] --END-- [ RunTime:0.001951s ]
INFO: [ app_end ] --START--
INFO: Run Behavior\ShowPageTraceBehavior [ RunTime:0.001975s ]
INFO: [ app_end ] --END-- [ RunTime:0.002216s ]

[ 2018-03-29T10:19:30+08:00 ] ::1 /seoweb/seo/index.php?s=/Home/Savety
INFO: [ app_init ] --START--
INFO: Run Behavior\BuildLiteBehavior [ RunTime:0.000019s ]
INFO: [ app_init ] --END-- [ RunTime:0.000365s ]
INFO: [ app_begin ] --START--
INFO: Run Behavior\ReadHtmlCacheBehavior [ RunTime:0.000683s ]
INFO: [ app_begin ] --END-- [ RunTime:0.000769s ]
SQL: SHOW COLUMNS FROM `lianxi` [ RunTime:0.0259s ]
SQL: SELECT * FROM `lianxi` LIMIT 1   [ RunTime:0.0002s ]
SQL: SHOW COLUMNS FROM `alink` [ RunTime:0.0067s ]
SQL: SELECT * FROM `alink` WHERE `dd` = 1 ORDER BY id desc  [ RunTime:0.0004s ]
INFO: [ view_parse ] --START--
INFO: [ template_filter ] --START--
INFO: Run Behavior\ContentReplaceBehavior [ RunTime:0.000072s ]
INFO: [ template_filter ] --END-- [ RunTime:0.000160s ]
INFO: Run Behavior\ParseTemplateBehavior [ RunTime:0.018288s ]
INFO: [ view_parse ] --END-- [ RunTime:0.018385s ]
INFO: [ view_filter ] --START--
INFO: Run Behavior\WriteHtmlCacheBehavior [ RunTime:0.000555s ]
INFO: [ view_filter ] --END-- [ RunTime:0.000631s ]
INFO: [ app_end ] --START--
INFO: Run Behavior\ShowPageTraceBehavior [ RunTime:0.000750s ]
INFO: [ app_end ] --END-- [ RunTime:0.000832s ]

[ 2018-03-29T10:19:30+08:00 ] ::1 /seoweb/seo/index.php?s=/Home/Savety
INFO: [ app_init ] --START--
INFO: Run Behavior\BuildLiteBehavior [ RunTime:0.000023s ]
INFO: [ app_init ] --END-- [ RunTime:0.000735s ]
INFO: [ app_begin ] --START--
INFO: Run Behavior\ReadHtmlCacheBehavior [ RunTime:0.000754s ]
INFO: [ app_begin ] --END-- [ RunTime:0.000843s ]
SQL: SHOW COLUMNS FROM `lianxi` [ RunTime:0.0196s ]
SQL: SELECT * FROM `lianxi` LIMIT 1   [ RunTime:0.0003s ]
SQL: SHOW COLUMNS FROM `alink` [ RunTime:0.0063s ]
SQL: SELECT * FROM `alink` WHERE `dd` = 1 ORDER BY id desc  [ RunTime:0.0003s ]
INFO: [ view_parse ] --START--
INFO: [ template_filter ] --START--
INFO: Run Behavior\ContentReplaceBehavior [ RunTime:0.000072s ]
INFO: [ template_filter ] --END-- [ RunTime:0.000156s ]
INFO: Run Behavior\ParseTemplateBehavior [ RunTime:0.017354s ]
INFO: [ view_parse ] --END-- [ RunTime:0.017450s ]
INFO: [ view_filter ] --START--
INFO: Run Behavior\WriteHtmlCacheBehavior [ RunTime:0.001393s ]
INFO: [ view_filter ] --END-- [ RunTime:0.001542s ]
INFO: [ app_end ] --START--
INFO: Run Behavior\ShowPageTraceBehavior [ RunTime:0.001804s ]
INFO: [ app_end ] --END-- [ RunTime:0.002015s ]

[ 2018-03-29T10:19:31+08:00 ] ::1 /seoweb/seo/index.php?s=/Home/Savety
INFO: [ app_init ] --START--
INFO: Run Behavior\BuildLiteBehavior [ RunTime:0.000018s ]
INFO: [ app_init ] --END-- [ RunTime:0.000358s ]
INFO: [ app_begin ] --START--
INFO: Run Behavior\ReadHtmlCacheBehavior [ RunTime:0.000737s ]
INFO: [ app_begin ] --END-- [ RunTime:0.000835s ]
SQL: SHOW COLUMNS FROM `lianxi` [ RunTime:0.0201s ]
SQL: SELECT * FROM `lianxi` LIMIT 1   [ RunTime:0.0002s ]
SQL: SHOW COLUMNS FROM `alink` [ RunTime:0.0104s ]
SQL: SELECT * FROM `alink` WHERE `dd` = 1 ORDER BY id desc  [ RunTime:0.0007s ]
INFO: [ view_parse ] --START--
INFO: [ template_filter ] --START--
INFO: Run Behavior\ContentReplaceBehavior [ RunTime:0.000175s ]
INFO: [ template_filter ] --END-- [ RunTime:0.000398s ]
INFO: Run Behavior\ParseTemplateBehavior [ RunTime:0.040543s ]
INFO: [ view_parse ] --END-- [ RunTime:0.040795s ]
INFO: [ view_filter ] --START--
INFO: Run Behavior\WriteHtmlCacheBehavior [ RunTime:0.001578s ]
INFO: [ view_filter ] --END-- [ RunTime:0.001825s ]
INFO: [ app_end ] --START--
INFO: Run Behavior\ShowPageTraceBehavior [ RunTime:0.002300s ]
INFO: [ app_end ] --END-- [ RunTime:0.002528s ]

