[ 2018-03-27T09:31:26+08:00 ] 127.0.0.1 /seoweb/boyou/
INFO: [ app_init ] --START--
INFO: Run Behavior\BuildLiteBehavior [ RunTime:0.000025s ]
INFO: [ app_init ] --END-- [ RunTime:0.008963s ]
INFO: [ app_begin ] --START--
INFO: Run Behavior\ReadHtmlCacheBehavior [ RunTime:0.013496s ]
INFO: [ app_begin ] --END-- [ RunTime:0.013597s ]
SQL: SHOW COLUMNS FROM `lianxi` [ RunTime:0.0102s ]
SQL: SELECT * FROM `lianxi` LIMIT 1   [ RunTime:0.0004s ]
SQL: SHOW COLUMNS FROM `alink` [ RunTime:0.0093s ]
SQL: SELECT * FROM `alink` WHERE `dd` = 1 ORDER BY id desc  [ RunTime:0.0004s ]
INFO: [ view_parse ] --START--
INFO: [ template_filter ] --START--
INFO: Run Behavior\ContentReplaceBehavior [ RunTime:0.000100s ]
INFO: [ template_filter ] --END-- [ RunTime:0.000192s ]
INFO: Run Behavior\ParseTemplateBehavior [ RunTime:0.077781s ]
INFO: [ view_parse ] --END-- [ RunTime:0.077918s ]
INFO: [ view_filter ] --START--
INFO: Run Behavior\WriteHtmlCacheBehavior [ RunTime:0.008974s ]
INFO: [ view_filter ] --END-- [ RunTime:0.009102s ]
INFO: [ app_end ] --START--
INFO: Run Behavior\ShowPageTraceBehavior [ RunTime:0.010500s ]
INFO: [ app_end ] --END-- [ RunTime:0.010650s ]

