[ 2018-03-28T17:17:18+08:00 ] ::1 /seoweb/seo/manage.php?s=/Manage/Welcome/index
INFO: [ app_init ] --START--
INFO: Run Behavior\BuildLiteBehavior [ RunTime:0.000019s ]
INFO: [ app_init ] --END-- [ RunTime:0.000368s ]
INFO: [ app_begin ] --START--
INFO: Run Behavior\ReadHtmlCacheBehavior [ RunTime:0.001012s ]
INFO: [ app_begin ] --END-- [ RunTime:0.001127s ]
INFO: [ view_parse ] --START--
INFO: [ template_filter ] --START--
INFO: Run Behavior\ContentReplaceBehavior [ RunTime:0.000065s ]
INFO: [ template_filter ] --END-- [ RunTime:0.000163s ]
INFO: Run Behavior\ParseTemplateBehavior [ RunTime:0.017907s ]
INFO: [ view_parse ] --END-- [ RunTime:0.018096s ]
INFO: [ view_filter ] --START--
INFO: Run Behavior\WriteHtmlCacheBehavior [ RunTime:0.000579s ]
INFO: [ view_filter ] --END-- [ RunTime:0.000660s ]
INFO: [ app_end ] --START--
INFO: Run Behavior\ShowPageTraceBehavior [ RunTime:0.000675s ]
INFO: [ app_end ] --END-- [ RunTime:0.000761s ]

[ 2018-03-28T17:17:18+08:00 ] ::1 /seoweb/seo/manage.php?s=/Manage/info
INFO: [ app_init ] --START--
INFO: Run Behavior\BuildLiteBehavior [ RunTime:0.000020s ]
INFO: [ app_init ] --END-- [ RunTime:0.000499s ]
INFO: [ app_begin ] --START--
INFO: Run Behavior\ReadHtmlCacheBehavior [ RunTime:0.001071s ]
INFO: [ app_begin ] --END-- [ RunTime:0.001223s ]
SQL: SHOW COLUMNS FROM `lianxi` [ RunTime:0.0121s ]
SQL: SELECT * FROM `lianxi` WHERE ( id=2 ) LIMIT 1   [ RunTime:0.0003s ]
INFO: [ view_parse ] --START--
INFO: [ template_filter ] --START--
INFO: Run Behavior\ContentReplaceBehavior [ RunTime:0.000075s ]
INFO: [ template_filter ] --END-- [ RunTime:0.000209s ]
INFO: Run Behavior\ParseTemplateBehavior [ RunTime:0.019029s ]
INFO: [ view_parse ] --END-- [ RunTime:0.019299s ]
INFO: [ view_filter ] --START--
INFO: Run Behavior\WriteHtmlCacheBehavior [ RunTime:0.001749s ]
INFO: [ view_filter ] --END-- [ RunTime:0.001991s ]
INFO: [ app_end ] --START--
INFO: Run Behavior\ShowPageTraceBehavior [ RunTime:0.001365s ]
INFO: [ app_end ] --END-- [ RunTime:0.001570s ]

[ 2018-03-28T17:17:21+08:00 ] ::1 /seoweb/seo/manage.php?s=/Manage/Arclist
INFO: [ app_init ] --START--
INFO: Run Behavior\BuildLiteBehavior [ RunTime:0.000021s ]
INFO: [ app_init ] --END-- [ RunTime:0.000487s ]
INFO: [ app_begin ] --START--
INFO: Run Behavior\ReadHtmlCacheBehavior [ RunTime:0.000726s ]
INFO: [ app_begin ] --END-- [ RunTime:0.000818s ]
NOTIC: [2048] Declaration of Manage\Controller\ArclistController::show() should be compatible with Think\Controller::show($content, $charset = '', $contentType = '', $prefix = '') D:\WampServer\www\seoweb\seo\Application\Manage\Controller\ArclistController.class.php 第 384 行.
SQL: SHOW COLUMNS FROM `bigad2` [ RunTime:0.0175s ]
SQL: SELECT * FROM `bigad2` WHERE `dd` = 1  [ RunTime:0.0002s ]
SQL: SHOW COLUMNS FROM `article` [ RunTime:0.0070s ]
SQL: SELECT COUNT(*) AS tp_count FROM `article` WHERE `dd` = 1 LIMIT 1   [ RunTime:0.0002s ]
SQL: SELECT * FROM `article` WHERE `dd` = 1 ORDER BY id desc LIMIT 0,12   [ RunTime:0.0003s ]
SQL: SELECT * FROM `bigad2` WHERE `id` = 1 LIMIT 1   [ RunTime:0.0002s ]
SQL: SELECT * FROM `bigad2` WHERE `id` = 1 LIMIT 1   [ RunTime:0.0002s ]
SQL: SELECT * FROM `bigad2` WHERE `id` = 2 LIMIT 1   [ RunTime:0.0002s ]
SQL: SELECT * FROM `bigad2` WHERE `id` = 3 LIMIT 1   [ RunTime:0.0002s ]
SQL: SELECT * FROM `bigad2` WHERE `id` = 3 LIMIT 1   [ RunTime:0.0002s ]
SQL: SELECT * FROM `bigad2` WHERE `id` = 1 LIMIT 1   [ RunTime:0.0002s ]
SQL: SELECT * FROM `bigad2` WHERE `id` = 4 LIMIT 1   [ RunTime:0.0002s ]
SQL: SELECT * FROM `bigad2` WHERE `id` = 1 LIMIT 1   [ RunTime:0.0002s ]
SQL: SELECT * FROM `bigad2` WHERE `id` = 2 LIMIT 1   [ RunTime:0.0002s ]
INFO: [ view_parse ] --START--
INFO: [ template_filter ] --START--
INFO: Run Behavior\ContentReplaceBehavior [ RunTime:0.000095s ]
INFO: [ template_filter ] --END-- [ RunTime:0.000180s ]
INFO: Run Behavior\ParseTemplateBehavior [ RunTime:0.093491s ]
INFO: [ view_parse ] --END-- [ RunTime:0.093645s ]
INFO: [ view_filter ] --START--
INFO: Run Behavior\WriteHtmlCacheBehavior [ RunTime:0.001368s ]
INFO: [ view_filter ] --END-- [ RunTime:0.001548s ]
INFO: [ app_end ] --START--
INFO: Run Behavior\ShowPageTraceBehavior [ RunTime:0.001634s ]
INFO: [ app_end ] --END-- [ RunTime:0.001822s ]

[ 2018-03-28T17:17:23+08:00 ] ::1 /seoweb/seo/manage.php?s=/Manage/Arclist/show/id/48.html
INFO: [ app_init ] --START--
INFO: Run Behavior\BuildLiteBehavior [ RunTime:0.000021s ]
INFO: [ app_init ] --END-- [ RunTime:0.000571s ]
INFO: [ app_begin ] --START--
INFO: Run Behavior\ReadHtmlCacheBehavior [ RunTime:0.000720s ]
INFO: [ app_begin ] --END-- [ RunTime:0.000825s ]
NOTIC: [2048] Declaration of Manage\Controller\ArclistController::show() should be compatible with Think\Controller::show($content, $charset = '', $contentType = '', $prefix = '') D:\WampServer\www\seoweb\seo\Application\Manage\Controller\ArclistController.class.php 第 384 行.
SQL: SHOW COLUMNS FROM `bigad2` [ RunTime:0.0088s ]
SQL: SELECT * FROM `bigad2` WHERE `dd` = 1  [ RunTime:0.0002s ]
SQL: SHOW COLUMNS FROM `article` [ RunTime:0.0086s ]
SQL: SELECT * FROM `article` WHERE `id` = 48 LIMIT 1   [ RunTime:0.0003s ]
SQL: SELECT * FROM `bigad2` WHERE `id` = 1 LIMIT 1   [ RunTime:0.0002s ]
INFO: [ view_parse ] --START--
INFO: [ template_filter ] --START--
INFO: Run Behavior\ContentReplaceBehavior [ RunTime:0.000065s ]
INFO: [ template_filter ] --END-- [ RunTime:0.000161s ]
INFO: Run Behavior\ParseTemplateBehavior [ RunTime:0.023259s ]
INFO: [ view_parse ] --END-- [ RunTime:0.023363s ]
INFO: [ view_filter ] --START--
INFO: Run Behavior\WriteHtmlCacheBehavior [ RunTime:0.000829s ]
INFO: [ view_filter ] --END-- [ RunTime:0.000931s ]
INFO: [ app_end ] --START--
INFO: Run Behavior\ShowPageTraceBehavior [ RunTime:0.000959s ]
INFO: [ app_end ] --END-- [ RunTime:0.001071s ]

[ 2018-03-28T17:17:33+08:00 ] ::1 /seoweb/seo/manage.php?s=/Manage/Arclist/change
INFO: [ app_init ] --START--
INFO: Run Behavior\BuildLiteBehavior [ RunTime:0.000020s ]
INFO: [ app_init ] --END-- [ RunTime:0.000442s ]
INFO: [ app_begin ] --START--
INFO: Run Behavior\ReadHtmlCacheBehavior [ RunTime:0.000713s ]
INFO: [ app_begin ] --END-- [ RunTime:0.000805s ]
NOTIC: [2048] Declaration of Manage\Controller\ArclistController::show() should be compatible with Think\Controller::show($content, $charset = '', $contentType = '', $prefix = '') D:\WampServer\www\seoweb\seo\Application\Manage\Controller\ArclistController.class.php 第 384 行.
SQL: SHOW COLUMNS FROM `article` [ RunTime:0.0183s ]
SQL: SELECT * FROM `article` WHERE `id` = 48 LIMIT 1   [ RunTime:0.0002s ]
NOTIC: [2] call_user_func() expects parameter 1 to be a valid callback, no array or string given D:\WampServer\www\seoweb\seo\ThinkPHP\Library\Think\Upload.class.php 第 170 行.
NOTIC: [8] Undefined variable: pic D:\WampServer\www\seoweb\seo\Application\Manage\Controller\ArclistController.class.php 第 227 行.
NOTIC: [8] Undefined variable: type D:\WampServer\www\seoweb\seo\Application\Manage\Controller\ArclistController.class.php 第 247 行.
SQL: UPDATE `article` SET `title`='灰我框架爱好V领',`time`='2018-03-29',`content`='&lt;p&gt;啛啛喳喳&lt;br/&gt;&lt;/p&gt;',`type`=NULL,`link`='',`writer`='储层被表示',`img`='2018-03-28/5abb5dad500f3.png',`aid`='1',`des`='xvvxvzx' WHERE `id` = 48 [ RunTime:0.0003s ]
INFO: [ view_parse ] --START--
INFO: [ template_filter ] --START--
INFO: Run Behavior\ContentReplaceBehavior [ RunTime:0.000050s ]
INFO: [ template_filter ] --END-- [ RunTime:0.000136s ]
INFO: Run Behavior\ParseTemplateBehavior [ RunTime:0.007039s ]
INFO: [ view_parse ] --END-- [ RunTime:0.007128s ]
INFO: [ view_filter ] --START--
INFO: Run Behavior\WriteHtmlCacheBehavior [ RunTime:0.000589s ]
INFO: [ view_filter ] --END-- [ RunTime:0.000671s ]
INFO: [ app_end ] --START--
INFO: Run Behavior\ShowPageTraceBehavior [ RunTime:0.000725s ]
INFO: [ app_end ] --END-- [ RunTime:0.000809s ]

[ 2018-03-28T17:17:34+08:00 ] ::1 /seoweb/seo/manage.php?s=/Manage/Arclist/index
INFO: [ app_init ] --START--
INFO: Run Behavior\BuildLiteBehavior [ RunTime:0.000020s ]
INFO: [ app_init ] --END-- [ RunTime:0.000412s ]
INFO: [ app_begin ] --START--
INFO: Run Behavior\ReadHtmlCacheBehavior [ RunTime:0.000805s ]
INFO: [ app_begin ] --END-- [ RunTime:0.000916s ]
NOTIC: [2048] Declaration of Manage\Controller\ArclistController::show() should be compatible with Think\Controller::show($content, $charset = '', $contentType = '', $prefix = '') D:\WampServer\www\seoweb\seo\Application\Manage\Controller\ArclistController.class.php 第 384 行.
SQL: SHOW COLUMNS FROM `bigad2` [ RunTime:0.0173s ]
SQL: SELECT * FROM `bigad2` WHERE `dd` = 1  [ RunTime:0.0004s ]
SQL: SHOW COLUMNS FROM `article` [ RunTime:0.0073s ]
SQL: SELECT COUNT(*) AS tp_count FROM `article` WHERE `dd` = 1 LIMIT 1   [ RunTime:0.0002s ]
SQL: SELECT * FROM `article` WHERE `dd` = 1 ORDER BY id desc LIMIT 0,12   [ RunTime:0.0003s ]
SQL: SELECT * FROM `bigad2` WHERE `id` = 1 LIMIT 1   [ RunTime:0.0002s ]
SQL: SELECT * FROM `bigad2` WHERE `id` = 1 LIMIT 1   [ RunTime:0.0002s ]
SQL: SELECT * FROM `bigad2` WHERE `id` = 2 LIMIT 1   [ RunTime:0.0002s ]
SQL: SELECT * FROM `bigad2` WHERE `id` = 3 LIMIT 1   [ RunTime:0.0002s ]
SQL: SELECT * FROM `bigad2` WHERE `id` = 3 LIMIT 1   [ RunTime:0.0002s ]
SQL: SELECT * FROM `bigad2` WHERE `id` = 1 LIMIT 1   [ RunTime:0.0002s ]
SQL: SELECT * FROM `bigad2` WHERE `id` = 4 LIMIT 1   [ RunTime:0.0002s ]
SQL: SELECT * FROM `bigad2` WHERE `id` = 1 LIMIT 1   [ RunTime:0.0002s ]
SQL: SELECT * FROM `bigad2` WHERE `id` = 2 LIMIT 1   [ RunTime:0.0002s ]
INFO: [ view_parse ] --START--
INFO: [ template_filter ] --START--
INFO: Run Behavior\ContentReplaceBehavior [ RunTime:0.000069s ]
INFO: [ template_filter ] --END-- [ RunTime:0.000154s ]
INFO: Run Behavior\ParseTemplateBehavior [ RunTime:0.011788s ]
INFO: [ view_parse ] --END-- [ RunTime:0.011878s ]
INFO: [ view_filter ] --START--
INFO: Run Behavior\WriteHtmlCacheBehavior [ RunTime:0.000595s ]
INFO: [ view_filter ] --END-- [ RunTime:0.000685s ]
INFO: [ app_end ] --START--
INFO: Run Behavior\ShowPageTraceBehavior [ RunTime:0.000800s ]
INFO: [ app_end ] --END-- [ RunTime:0.000918s ]

[ 2018-03-28T17:17:36+08:00 ] ::1 /seoweb/seo/manage.php?s=/Manage/Arclist/show/id/47.html
INFO: [ app_init ] --START--
INFO: Run Behavior\BuildLiteBehavior [ RunTime:0.000019s ]
INFO: [ app_init ] --END-- [ RunTime:0.000405s ]
INFO: [ app_begin ] --START--
INFO: Run Behavior\ReadHtmlCacheBehavior [ RunTime:0.000848s ]
INFO: [ app_begin ] --END-- [ RunTime:0.000969s ]
NOTIC: [2048] Declaration of Manage\Controller\ArclistController::show() should be compatible with Think\Controller::show($content, $charset = '', $contentType = '', $prefix = '') D:\WampServer\www\seoweb\seo\Application\Manage\Controller\ArclistController.class.php 第 384 行.
SQL: SHOW COLUMNS FROM `bigad2` [ RunTime:0.0193s ]
SQL: SELECT * FROM `bigad2` WHERE `dd` = 1  [ RunTime:0.0002s ]
SQL: SHOW COLUMNS FROM `article` [ RunTime:0.0078s ]
SQL: SELECT * FROM `article` WHERE `id` = 47 LIMIT 1   [ RunTime:0.0002s ]
SQL: SELECT * FROM `bigad2` WHERE `id` = 1 LIMIT 1   [ RunTime:0.0002s ]
INFO: [ view_parse ] --START--
INFO: [ template_filter ] --START--
INFO: Run Behavior\ContentReplaceBehavior [ RunTime:0.000071s ]
INFO: [ template_filter ] --END-- [ RunTime:0.000161s ]
INFO: Run Behavior\ParseTemplateBehavior [ RunTime:0.009745s ]
INFO: [ view_parse ] --END-- [ RunTime:0.009839s ]
INFO: [ view_filter ] --START--
INFO: Run Behavior\WriteHtmlCacheBehavior [ RunTime:0.000593s ]
INFO: [ view_filter ] --END-- [ RunTime:0.000673s ]
INFO: [ app_end ] --START--
INFO: Run Behavior\ShowPageTraceBehavior [ RunTime:0.000719s ]
INFO: [ app_end ] --END-- [ RunTime:0.000802s ]

[ 2018-03-28T17:17:51+08:00 ] ::1 /seoweb/seo/manage.php?s=/Manage/Arclist/change
INFO: [ app_init ] --START--
INFO: Run Behavior\BuildLiteBehavior [ RunTime:0.000021s ]
INFO: [ app_init ] --END-- [ RunTime:0.000452s ]
INFO: [ app_begin ] --START--
INFO: Run Behavior\ReadHtmlCacheBehavior [ RunTime:0.000691s ]
INFO: [ app_begin ] --END-- [ RunTime:0.000780s ]
NOTIC: [2048] Declaration of Manage\Controller\ArclistController::show() should be compatible with Think\Controller::show($content, $charset = '', $contentType = '', $prefix = '') D:\WampServer\www\seoweb\seo\Application\Manage\Controller\ArclistController.class.php 第 384 行.
SQL: SHOW COLUMNS FROM `article` [ RunTime:0.0176s ]
SQL: SELECT * FROM `article` WHERE `id` = 47 LIMIT 1   [ RunTime:0.0003s ]
NOTIC: [2] call_user_func() expects parameter 1 to be a valid callback, no array or string given D:\WampServer\www\seoweb\seo\ThinkPHP\Library\Think\Upload.class.php 第 170 行.
NOTIC: [8] Undefined variable: pic D:\WampServer\www\seoweb\seo\Application\Manage\Controller\ArclistController.class.php 第 227 行.
NOTIC: [8] Undefined variable: type D:\WampServer\www\seoweb\seo\Application\Manage\Controller\ArclistController.class.php 第 247 行.
SQL: UPDATE `article` SET `title`='臭豆腐豆腐vsvv',`time`='2018-03-28',`content`='&lt;p&gt;表示vdsasafafaVVvvsd瘦瘦高高过过过过过过过过过过过过过过过过过过过过过过过过过&lt;br/&gt;&lt;/p&gt;',`type`=NULL,`link`='擦擦擦',`writer`='此次处罚法',`img`='2018-03-28/5abb5dbfa31f4.png',`aid`='1',`des`='vxfvsfgsdgf被被v ' WHERE `id` = 47 [ RunTime:0.0003s ]
INFO: [ view_parse ] --START--
INFO: [ template_filter ] --START--
INFO: Run Behavior\ContentReplaceBehavior [ RunTime:0.000049s ]
INFO: [ template_filter ] --END-- [ RunTime:0.000145s ]
INFO: Run Behavior\ParseTemplateBehavior [ RunTime:0.006854s ]
INFO: [ view_parse ] --END-- [ RunTime:0.006943s ]
INFO: [ view_filter ] --START--
INFO: Run Behavior\WriteHtmlCacheBehavior [ RunTime:0.000597s ]
INFO: [ view_filter ] --END-- [ RunTime:0.000676s ]
INFO: [ app_end ] --START--
INFO: Run Behavior\ShowPageTraceBehavior [ RunTime:0.000710s ]
INFO: [ app_end ] --END-- [ RunTime:0.000794s ]

[ 2018-03-28T17:17:52+08:00 ] ::1 /seoweb/seo/manage.php?s=/Manage/Arclist/index
INFO: [ app_init ] --START--
INFO: Run Behavior\BuildLiteBehavior [ RunTime:0.000019s ]
INFO: [ app_init ] --END-- [ RunTime:0.000408s ]
INFO: [ app_begin ] --START--
INFO: Run Behavior\ReadHtmlCacheBehavior [ RunTime:0.000689s ]
INFO: [ app_begin ] --END-- [ RunTime:0.000775s ]
NOTIC: [2048] Declaration of Manage\Controller\ArclistController::show() should be compatible with Think\Controller::show($content, $charset = '', $contentType = '', $prefix = '') D:\WampServer\www\seoweb\seo\Application\Manage\Controller\ArclistController.class.php 第 384 行.
SQL: SHOW COLUMNS FROM `bigad2` [ RunTime:0.0175s ]
SQL: SELECT * FROM `bigad2` WHERE `dd` = 1  [ RunTime:0.0003s ]
SQL: SHOW COLUMNS FROM `article` [ RunTime:0.0071s ]
SQL: SELECT COUNT(*) AS tp_count FROM `article` WHERE `dd` = 1 LIMIT 1   [ RunTime:0.0003s ]
SQL: SELECT * FROM `article` WHERE `dd` = 1 ORDER BY id desc LIMIT 0,12   [ RunTime:0.0003s ]
SQL: SELECT * FROM `bigad2` WHERE `id` = 1 LIMIT 1   [ RunTime:0.0002s ]
SQL: SELECT * FROM `bigad2` WHERE `id` = 1 LIMIT 1   [ RunTime:0.0001s ]
SQL: SELECT * FROM `bigad2` WHERE `id` = 2 LIMIT 1   [ RunTime:0.0002s ]
SQL: SELECT * FROM `bigad2` WHERE `id` = 3 LIMIT 1   [ RunTime:0.0002s ]
SQL: SELECT * FROM `bigad2` WHERE `id` = 3 LIMIT 1   [ RunTime:0.0002s ]
SQL: SELECT * FROM `bigad2` WHERE `id` = 1 LIMIT 1   [ RunTime:0.0002s ]
SQL: SELECT * FROM `bigad2` WHERE `id` = 4 LIMIT 1   [ RunTime:0.0002s ]
SQL: SELECT * FROM `bigad2` WHERE `id` = 1 LIMIT 1   [ RunTime:0.0002s ]
SQL: SELECT * FROM `bigad2` WHERE `id` = 2 LIMIT 1   [ RunTime:0.0002s ]
INFO: [ view_parse ] --START--
INFO: [ template_filter ] --START--
INFO: Run Behavior\ContentReplaceBehavior [ RunTime:0.000068s ]
INFO: [ template_filter ] --END-- [ RunTime:0.000159s ]
INFO: Run Behavior\ParseTemplateBehavior [ RunTime:0.012192s ]
INFO: [ view_parse ] --END-- [ RunTime:0.012287s ]
INFO: [ view_filter ] --START--
INFO: Run Behavior\WriteHtmlCacheBehavior [ RunTime:0.000620s ]
INFO: [ view_filter ] --END-- [ RunTime:0.000702s ]
INFO: [ app_end ] --START--
INFO: Run Behavior\ShowPageTraceBehavior [ RunTime:0.000737s ]
INFO: [ app_end ] --END-- [ RunTime:0.000822s ]

[ 2018-03-28T17:24:51+08:00 ] ::1 /seoweb/seo/manage.php?s=/Manage/Arclist/del/id/45.html
INFO: [ app_init ] --START--
INFO: Run Behavior\BuildLiteBehavior [ RunTime:0.000019s ]
INFO: [ app_init ] --END-- [ RunTime:0.000364s ]
INFO: [ app_begin ] --START--
INFO: Run Behavior\ReadHtmlCacheBehavior [ RunTime:0.001029s ]
INFO: [ app_begin ] --END-- [ RunTime:0.001129s ]
NOTIC: [2048] Declaration of Manage\Controller\ArclistController::show() should be compatible with Think\Controller::show($content, $charset = '', $contentType = '', $prefix = '') D:\WampServer\www\seoweb\seo\Application\Manage\Controller\ArclistController.class.php 第 384 行.
SQL: SHOW COLUMNS FROM `article` [ RunTime:0.0123s ]
SQL: UPDATE `article` SET `dd`='0' WHERE ( id=45 ) [ RunTime:0.0002s ]
INFO: [ view_parse ] --START--
INFO: [ template_filter ] --START--
INFO: Run Behavior\ContentReplaceBehavior [ RunTime:0.000052s ]
INFO: [ template_filter ] --END-- [ RunTime:0.000151s ]
INFO: Run Behavior\ParseTemplateBehavior [ RunTime:0.007229s ]
INFO: [ view_parse ] --END-- [ RunTime:0.007335s ]
INFO: [ view_filter ] --START--
INFO: Run Behavior\WriteHtmlCacheBehavior [ RunTime:0.000543s ]
INFO: [ view_filter ] --END-- [ RunTime:0.000625s ]
INFO: [ app_end ] --START--
INFO: Run Behavior\ShowPageTraceBehavior [ RunTime:0.000663s ]
INFO: [ app_end ] --END-- [ RunTime:0.000748s ]

[ 2018-03-28T17:24:52+08:00 ] ::1 /seoweb/seo/manage.php?s=/Manage/Arclist/index.html
INFO: [ app_init ] --START--
INFO: Run Behavior\BuildLiteBehavior [ RunTime:0.000018s ]
INFO: [ app_init ] --END-- [ RunTime:0.000362s ]
INFO: [ app_begin ] --START--
INFO: Run Behavior\ReadHtmlCacheBehavior [ RunTime:0.000652s ]
INFO: [ app_begin ] --END-- [ RunTime:0.000742s ]
NOTIC: [2048] Declaration of Manage\Controller\ArclistController::show() should be compatible with Think\Controller::show($content, $charset = '', $contentType = '', $prefix = '') D:\WampServer\www\seoweb\seo\Application\Manage\Controller\ArclistController.class.php 第 384 行.
SQL: SHOW COLUMNS FROM `bigad2` [ RunTime:0.0115s ]
SQL: SELECT * FROM `bigad2` WHERE `dd` = 1  [ RunTime:0.0002s ]
SQL: SHOW COLUMNS FROM `article` [ RunTime:0.0076s ]
SQL: SELECT COUNT(*) AS tp_count FROM `article` WHERE `dd` = 1 LIMIT 1   [ RunTime:0.0002s ]
SQL: SELECT * FROM `article` WHERE `dd` = 1 ORDER BY id desc LIMIT 0,12   [ RunTime:0.0003s ]
SQL: SELECT * FROM `bigad2` WHERE `id` = 1 LIMIT 1   [ RunTime:0.0002s ]
SQL: SELECT * FROM `bigad2` WHERE `id` = 1 LIMIT 1   [ RunTime:0.0002s ]
SQL: SELECT * FROM `bigad2` WHERE `id` = 2 LIMIT 1   [ RunTime:0.0002s ]
SQL: SELECT * FROM `bigad2` WHERE `id` = 3 LIMIT 1   [ RunTime:0.0001s ]
SQL: SELECT * FROM `bigad2` WHERE `id` = 1 LIMIT 1   [ RunTime:0.0001s ]
SQL: SELECT * FROM `bigad2` WHERE `id` = 4 LIMIT 1   [ RunTime:0.0002s ]
SQL: SELECT * FROM `bigad2` WHERE `id` = 1 LIMIT 1   [ RunTime:0.0002s ]
SQL: SELECT * FROM `bigad2` WHERE `id` = 2 LIMIT 1   [ RunTime:0.0002s ]
INFO: [ view_parse ] --START--
INFO: [ template_filter ] --START--
INFO: Run Behavior\ContentReplaceBehavior [ RunTime:0.000070s ]
INFO: [ template_filter ] --END-- [ RunTime:0.000165s ]
INFO: Run Behavior\ParseTemplateBehavior [ RunTime:0.011448s ]
INFO: [ view_parse ] --END-- [ RunTime:0.011546s ]
INFO: [ view_filter ] --START--
INFO: Run Behavior\WriteHtmlCacheBehavior [ RunTime:0.000610s ]
INFO: [ view_filter ] --END-- [ RunTime:0.000694s ]
INFO: [ app_end ] --START--
INFO: Run Behavior\ShowPageTraceBehavior [ RunTime:0.000820s ]
INFO: [ app_end ] --END-- [ RunTime:0.000951s ]

[ 2018-03-28T17:26:47+08:00 ] ::1 /seoweb/seo/manage.php?s=/Manage/Welcome/index
INFO: [ app_init ] --START--
INFO: Run Behavior\BuildLiteBehavior [ RunTime:0.000018s ]
INFO: [ app_init ] --END-- [ RunTime:0.000412s ]
INFO: [ app_begin ] --START--
INFO: Run Behavior\ReadHtmlCacheBehavior [ RunTime:0.000689s ]
INFO: [ app_begin ] --END-- [ RunTime:0.000778s ]
INFO: [ view_parse ] --START--
INFO: [ template_filter ] --START--
INFO: Run Behavior\ContentReplaceBehavior [ RunTime:0.000062s ]
INFO: [ template_filter ] --END-- [ RunTime:0.000158s ]
INFO: Run Behavior\ParseTemplateBehavior [ RunTime:0.020049s ]
INFO: [ view_parse ] --END-- [ RunTime:0.020228s ]
INFO: [ view_filter ] --START--
INFO: Run Behavior\WriteHtmlCacheBehavior [ RunTime:0.000873s ]
INFO: [ view_filter ] --END-- [ RunTime:0.000993s ]
INFO: [ app_end ] --START--
INFO: Run Behavior\ShowPageTraceBehavior [ RunTime:0.000720s ]
INFO: [ app_end ] --END-- [ RunTime:0.000803s ]

[ 2018-03-28T17:26:47+08:00 ] ::1 /seoweb/seo/manage.php?s=/Manage/info
INFO: [ app_init ] --START--
INFO: Run Behavior\BuildLiteBehavior [ RunTime:0.000020s ]
INFO: [ app_init ] --END-- [ RunTime:0.000447s ]
INFO: [ app_begin ] --START--
INFO: Run Behavior\ReadHtmlCacheBehavior [ RunTime:0.000773s ]
INFO: [ app_begin ] --END-- [ RunTime:0.000874s ]
SQL: SHOW COLUMNS FROM `lianxi` [ RunTime:0.0127s ]
SQL: SELECT * FROM `lianxi` WHERE ( id=2 ) LIMIT 1   [ RunTime:0.0003s ]
INFO: [ view_parse ] --START--
INFO: [ template_filter ] --START--
INFO: Run Behavior\ContentReplaceBehavior [ RunTime:0.000057s ]
INFO: [ template_filter ] --END-- [ RunTime:0.000149s ]
INFO: Run Behavior\ParseTemplateBehavior [ RunTime:0.007712s ]
INFO: [ view_parse ] --END-- [ RunTime:0.007834s ]
INFO: [ view_filter ] --START--
INFO: Run Behavior\WriteHtmlCacheBehavior [ RunTime:0.000573s ]
INFO: [ view_filter ] --END-- [ RunTime:0.000673s ]
INFO: [ app_end ] --START--
INFO: Run Behavior\ShowPageTraceBehavior [ RunTime:0.000696s ]
INFO: [ app_end ] --END-- [ RunTime:0.000791s ]

[ 2018-03-28T17:26:49+08:00 ] ::1 /seoweb/seo/manage.php?s=/Manage/Arclist
INFO: [ app_init ] --START--
INFO: Run Behavior\BuildLiteBehavior [ RunTime:0.000019s ]
INFO: [ app_init ] --END-- [ RunTime:0.000411s ]
INFO: [ app_begin ] --START--
INFO: Run Behavior\ReadHtmlCacheBehavior [ RunTime:0.000717s ]
INFO: [ app_begin ] --END-- [ RunTime:0.000841s ]
NOTIC: [2048] Declaration of Manage\Controller\ArclistController::show() should be compatible with Think\Controller::show($content, $charset = '', $contentType = '', $prefix = '') D:\WampServer\www\seoweb\seo\Application\Manage\Controller\ArclistController.class.php 第 384 行.
SQL: SHOW COLUMNS FROM `bigad2` [ RunTime:0.0174s ]
SQL: SELECT * FROM `bigad2` WHERE `dd` = 1  [ RunTime:0.0002s ]
SQL: SHOW COLUMNS FROM `article` [ RunTime:0.0073s ]
SQL: SELECT COUNT(*) AS tp_count FROM `article` WHERE `dd` = 1 LIMIT 1   [ RunTime:0.0003s ]
SQL: SELECT * FROM `article` WHERE `dd` = 1 ORDER BY id desc LIMIT 0,12   [ RunTime:0.0004s ]
SQL: SELECT * FROM `bigad2` WHERE `id` = 1 LIMIT 1   [ RunTime:0.0002s ]
SQL: SELECT * FROM `bigad2` WHERE `id` = 1 LIMIT 1   [ RunTime:0.0002s ]
SQL: SELECT * FROM `bigad2` WHERE `id` = 2 LIMIT 1   [ RunTime:0.0002s ]
SQL: SELECT * FROM `bigad2` WHERE `id` = 3 LIMIT 1   [ RunTime:0.0001s ]
SQL: SELECT * FROM `bigad2` WHERE `id` = 1 LIMIT 1   [ RunTime:0.0001s ]
SQL: SELECT * FROM `bigad2` WHERE `id` = 4 LIMIT 1   [ RunTime:0.0002s ]
SQL: SELECT * FROM `bigad2` WHERE `id` = 3 LIMIT 1   [ RunTime:0.0002s ]
SQL: SELECT * FROM `bigad2` WHERE `id` = 1 LIMIT 1   [ RunTime:0.0002s ]
SQL: SELECT * FROM `bigad2` WHERE `id` = 2 LIMIT 1   [ RunTime:0.0001s ]
INFO: [ view_parse ] --START--
INFO: [ template_filter ] --START--
INFO: Run Behavior\ContentReplaceBehavior [ RunTime:0.000068s ]
INFO: [ template_filter ] --END-- [ RunTime:0.000160s ]
INFO: Run Behavior\ParseTemplateBehavior [ RunTime:0.011725s ]
INFO: [ view_parse ] --END-- [ RunTime:0.011821s ]
INFO: [ view_filter ] --START--
INFO: Run Behavior\WriteHtmlCacheBehavior [ RunTime:0.000573s ]
INFO: [ view_filter ] --END-- [ RunTime:0.000657s ]
INFO: [ app_end ] --START--
INFO: Run Behavior\ShowPageTraceBehavior [ RunTime:0.000890s ]
INFO: [ app_end ] --END-- [ RunTime:0.001010s ]

